{"/Users/ibeast/Documents/repos/nexus-architect/frontend/src/App.tsx": {"path":"/Users/ibeast/Documents/repos/nexus-architect/frontend/src/App.tsx","statementMap":{"0":{"start":{"line":13,"column":8},"end":{"line":13,"column":null}},"1":{"start":{"line":13,"column":50},"end":{"line":13,"column":71}},"2":{"start":{"line":15,"column":2},"end":{"line":24,"column":null}},"3":{"start":{"line":17,"column":4},"end":{"line":19,"column":null}},"4":{"start":{"line":18,"column":6},"end":{"line":18,"column":null}},"5":{"start":{"line":21,"column":4},"end":{"line":23,"column":null}},"6":{"start":{"line":22,"column":6},"end":{"line":22,"column":null}},"7":{"start":{"line":26,"column":2},"end":{"line":50,"column":null}}},"fnMap":{"0":{"name":"App","decl":{"start":{"line":12,"column":9},"end":{"line":12,"column":15}},"loc":{"start":{"line":12,"column":15},"end":{"line":52,"column":null}},"line":12},"1":{"name":"(anonymous_1)","decl":{"start":{"line":13,"column":39},"end":{"line":13,"column":40}},"loc":{"start":{"line":13,"column":50},"end":{"line":13,"column":71}},"line":13},"2":{"name":"(anonymous_2)","decl":{"start":{"line":15,"column":12},"end":{"line":15,"column":18}},"loc":{"start":{"line":15,"column":18},"end":{"line":24,"column":5}},"line":15},"3":{"name":"(anonymous_3)","decl":{"start":{"line":21,"column":11},"end":{"line":21,"column":17}},"loc":{"start":{"line":21,"column":17},"end":{"line":23,"column":null}},"line":21}},"branchMap":{"0":{"loc":{"start":{"line":17,"column":4},"end":{"line":19,"column":null}},"type":"if","locations":[{"start":{"line":17,"column":4},"end":{"line":19,"column":null}},{"start":{},"end":{}}],"line":17}},"s":{"0":5,"1":15,"2":5,"3":5,"4":3,"5":5,"6":5,"7":5},"f":{"0":5,"1":15,"2":5,"3":5},"b":{"0":[3,2]},"meta":{"lastBranch":1,"lastFunction":4,"lastStatement":8,"seen":{"f:12:9:12:15":0,"s:13:8:13:Infinity":0,"f:13:39:13:40":1,"s:13:50:13:71":1,"s:15:2:24:Infinity":2,"f:15:12:15:18":2,"b:17:4:19:Infinity:undefined:undefined:undefined:undefined":0,"s:17:4:19:Infinity":3,"s:18:6:18:Infinity":4,"s:21:4:23:Infinity":5,"f:21:11:21:17":3,"s:22:6:22:Infinity":6,"s:26:2:50:Infinity":7}}}
,"/Users/ibeast/Documents/repos/nexus-architect/frontend/src/components/ActiveUsers.tsx": {"path":"/Users/ibeast/Documents/repos/nexus-architect/frontend/src/components/ActiveUsers.tsx","statementMap":{"0":{"start":{"line":10,"column":19},"end":{"line":19,"column":null}},"1":{"start":{"line":22,"column":13},"end":{"line":22,"column":null}},"2":{"start":{"line":23,"column":2},"end":{"line":25,"column":null}},"3":{"start":{"line":23,"column":15},"end":{"line":23,"column":18}},"4":{"start":{"line":24,"column":4},"end":{"line":24,"column":null}},"5":{"start":{"line":26,"column":2},"end":{"line":26,"column":null}},"6":{"start":{"line":30,"column":2},"end":{"line":35,"column":null}},"7":{"start":{"line":32,"column":17},"end":{"line":32,"column":31}},"8":{"start":{"line":39,"column":23},"end":{"line":39,"column":null}},"9":{"start":{"line":40,"column":25},"end":{"line":40,"column":null}},"10":{"start":{"line":42,"column":2},"end":{"line":49,"column":null}},"11":{"start":{"line":43,"column":4},"end":{"line":47,"column":null}},"12":{"start":{"line":51,"column":2},"end":{"line":75,"column":null}},"13":{"start":{"line":55,"column":10},"end":{"line":61,"column":null}}},"fnMap":{"0":{"name":"getUserColor","decl":{"start":{"line":21,"column":9},"end":{"line":21,"column":22}},"loc":{"start":{"line":21,"column":46},"end":{"line":27,"column":null}},"line":21},"1":{"name":"getInitials","decl":{"start":{"line":29,"column":9},"end":{"line":29,"column":21}},"loc":{"start":{"line":29,"column":43},"end":{"line":36,"column":null}},"line":29},"2":{"name":"(anonymous_2)","decl":{"start":{"line":32,"column":9},"end":{"line":32,"column":17}},"loc":{"start":{"line":32,"column":17},"end":{"line":32,"column":31}},"line":32},"3":{"name":"ActiveUsers","decl":{"start":{"line":38,"column":16},"end":{"line":38,"column":28}},"loc":{"start":{"line":38,"column":73},"end":{"line":77,"column":null}},"line":38},"4":{"name":"(anonymous_4)","decl":{"start":{"line":54,"column":26},"end":{"line":54,"column":27}},"loc":{"start":{"line":55,"column":10},"end":{"line":61,"column":null}},"line":55}},"branchMap":{"0":{"loc":{"start":{"line":38,"column":37},"end":{"line":38,"column":52}},"type":"default-arg","locations":[{"start":{"line":38,"column":50},"end":{"line":38,"column":52}}],"line":38},"1":{"loc":{"start":{"line":42,"column":2},"end":{"line":49,"column":null}},"type":"if","locations":[{"start":{"line":42,"column":2},"end":{"line":49,"column":null}},{"start":{},"end":{}}],"line":42},"2":{"loc":{"start":{"line":58,"column":47},"end":{"line":58,"column":82}},"type":"binary-expr","locations":[{"start":{"line":58,"column":47},"end":{"line":58,"column":61}},{"start":{"line":58,"column":61},"end":{"line":58,"column":82}}],"line":58},"3":{"loc":{"start":{"line":63,"column":9},"end":{"line":69,"column":null}},"type":"binary-expr","locations":[{"start":{"line":63,"column":9},"end":{"line":63,"column":null}},{"start":{"line":64,"column":10},"end":{"line":69,"column":null}}],"line":63},"4":{"loc":{"start":{"line":66,"column":49},"end":{"line":66,"column":80}},"type":"cond-expr","locations":[{"start":{"line":66,"column":72},"end":{"line":66,"column":78}},{"start":{"line":66,"column":78},"end":{"line":66,"column":80}}],"line":66},"5":{"loc":{"start":{"line":73,"column":28},"end":{"line":73,"column":58}},"type":"cond-expr","locations":[{"start":{"line":73,"column":49},"end":{"line":73,"column":55}},{"start":{"line":73,"column":55},"end":{"line":73,"column":58}}],"line":73}},"s":{"0":2,"1":13,"2":13,"3":13,"4":26,"5":13,"6":13,"7":17,"8":9,"9":9,"10":9,"11":1,"12":8,"13":13},"f":{"0":13,"1":13,"2":17,"3":9,"4":13},"b":{"0":[9],"1":[1,8],"2":[13,13],"3":[8,2],"4":[1,1],"5":[4,4]},"meta":{"lastBranch":6,"lastFunction":5,"lastStatement":14,"seen":{"s:10:19:19:Infinity":0,"f:21:9:21:22":0,"s:22:13:22:Infinity":1,"s:23:2:25:Infinity":2,"s:23:15:23:18":3,"s:24:4:24:Infinity":4,"s:26:2:26:Infinity":5,"f:29:9:29:21":1,"s:30:2:35:Infinity":6,"f:32:9:32:17":2,"s:32:17:32:31":7,"f:38:16:38:28":3,"b:38:50:38:52":0,"s:39:23:39:Infinity":8,"s:40:25:40:Infinity":9,"b:42:2:49:Infinity:undefined:undefined:undefined:undefined":1,"s:42:2:49:Infinity":10,"s:43:4:47:Infinity":11,"s:51:2:75:Infinity":12,"f:54:26:54:27":4,"s:55:10:61:Infinity":13,"b:58:47:58:61:58:61:58:82":2,"b:63:9:63:Infinity:64:10:69:Infinity":3,"b:66:72:66:78:66:78:66:80":4,"b:73:49:73:55:73:55:73:58":5}}}
,"/Users/ibeast/Documents/repos/nexus-architect/frontend/src/components/ConfirmDialog.tsx": {"path":"/Users/ibeast/Documents/repos/nexus-architect/frontend/src/components/ConfirmDialog.tsx","statementMap":{"0":{"start":{"line":24,"column":8},"end":{"line":24,"column":null}},"1":{"start":{"line":26,"column":2},"end":{"line":35,"column":null}},"2":{"start":{"line":27,"column":4},"end":{"line":34,"column":null}},"3":{"start":{"line":28,"column":6},"end":{"line":28,"column":null}},"4":{"start":{"line":29,"column":24},"end":{"line":31,"column":null}},"5":{"start":{"line":30,"column":8},"end":{"line":30,"column":null}},"6":{"start":{"line":30,"column":32},"end":{"line":30,"column":null}},"7":{"start":{"line":32,"column":6},"end":{"line":32,"column":null}},"8":{"start":{"line":33,"column":6},"end":{"line":33,"column":null}},"9":{"start":{"line":33,"column":19},"end":{"line":33,"column":null}},"10":{"start":{"line":37,"column":2},"end":{"line":37,"column":null}},"11":{"start":{"line":37,"column":13},"end":{"line":37,"column":null}},"12":{"start":{"line":39,"column":29},"end":{"line":43,"column":null}},"13":{"start":{"line":45,"column":2},"end":{"line":69,"column":null}}},"fnMap":{"0":{"name":"ConfirmDialog","decl":{"start":{"line":14,"column":16},"end":{"line":14,"column":30}},"loc":{"start":{"line":23,"column":23},"end":{"line":71,"column":null}},"line":23},"1":{"name":"(anonymous_1)","decl":{"start":{"line":26,"column":12},"end":{"line":26,"column":18}},"loc":{"start":{"line":26,"column":18},"end":{"line":35,"column":5}},"line":26},"2":{"name":"(anonymous_2)","decl":{"start":{"line":29,"column":24},"end":{"line":29,"column":25}},"loc":{"start":{"line":29,"column":46},"end":{"line":31,"column":null}},"line":29},"3":{"name":"(anonymous_3)","decl":{"start":{"line":33,"column":13},"end":{"line":33,"column":19}},"loc":{"start":{"line":33,"column":19},"end":{"line":33,"column":null}},"line":33}},"branchMap":{"0":{"loc":{"start":{"line":18,"column":2},"end":{"line":18,"column":null}},"type":"default-arg","locations":[{"start":{"line":18,"column":17},"end":{"line":18,"column":null}}],"line":18},"1":{"loc":{"start":{"line":19,"column":2},"end":{"line":19,"column":null}},"type":"default-arg","locations":[{"start":{"line":19,"column":16},"end":{"line":19,"column":null}}],"line":19},"2":{"loc":{"start":{"line":22,"column":2},"end":{"line":22,"column":null}},"type":"default-arg","locations":[{"start":{"line":22,"column":12},"end":{"line":22,"column":null}}],"line":22},"3":{"loc":{"start":{"line":27,"column":4},"end":{"line":34,"column":null}},"type":"if","locations":[{"start":{"line":27,"column":4},"end":{"line":34,"column":null}},{"start":{},"end":{}}],"line":27},"4":{"loc":{"start":{"line":30,"column":8},"end":{"line":30,"column":null}},"type":"if","locations":[{"start":{"line":30,"column":8},"end":{"line":30,"column":null}},{"start":{},"end":{}}],"line":30},"5":{"loc":{"start":{"line":37,"column":2},"end":{"line":37,"column":null}},"type":"if","locations":[{"start":{"line":37,"column":2},"end":{"line":37,"column":null}},{"start":{},"end":{}}],"line":37},"6":{"loc":{"start":{"line":39,"column":29},"end":{"line":43,"column":null}},"type":"cond-expr","locations":[{"start":{"line":40,"column":6},"end":{"line":40,"column":null}},{"start":{"line":41,"column":6},"end":{"line":43,"column":null}}],"line":39},"7":{"loc":{"start":{"line":41,"column":6},"end":{"line":43,"column":null}},"type":"cond-expr","locations":[{"start":{"line":42,"column":6},"end":{"line":42,"column":null}},{"start":{"line":43,"column":6},"end":{"line":43,"column":null}}],"line":41}},"s":{"0":82,"1":82,"2":82,"3":17,"4":17,"5":2,"6":1,"7":17,"8":17,"9":17,"10":82,"11":65,"12":17,"13":82},"f":{"0":82,"1":82,"2":2,"3":17},"b":{"0":[82],"1":[82],"2":[82],"3":[17,65],"4":[1,1],"5":[65,17],"6":[15,2],"7":[1,1]},"meta":{"lastBranch":8,"lastFunction":4,"lastStatement":14,"seen":{"f:14:16:14:30":0,"b:18:17:18:Infinity":0,"b:19:16:19:Infinity":1,"b:22:12:22:Infinity":2,"s:24:8:24:Infinity":0,"s:26:2:35:Infinity":1,"f:26:12:26:18":1,"b:27:4:34:Infinity:undefined:undefined:undefined:undefined":3,"s:27:4:34:Infinity":2,"s:28:6:28:Infinity":3,"s:29:24:31:Infinity":4,"f:29:24:29:25":2,"b:30:8:30:Infinity:undefined:undefined:undefined:undefined":4,"s:30:8:30:Infinity":5,"s:30:32:30:Infinity":6,"s:32:6:32:Infinity":7,"s:33:6:33:Infinity":8,"f:33:13:33:19":3,"s:33:19:33:Infinity":9,"b:37:2:37:Infinity:undefined:undefined:undefined:undefined":5,"s:37:2:37:Infinity":10,"s:37:13:37:Infinity":11,"s:39:29:43:Infinity":12,"b:40:6:40:Infinity:41:6:43:Infinity":6,"b:42:6:42:Infinity:43:6:43:Infinity":7,"s:45:2:69:Infinity":13}}}
,"/Users/ibeast/Documents/repos/nexus-architect/frontend/src/components/ConnectionStatus.tsx": {"path":"/Users/ibeast/Documents/repos/nexus-architect/frontend/src/components/ConnectionStatus.tsx","statementMap":{"0":{"start":{"line":9,"column":2},"end":{"line":36,"column":null}}},"fnMap":{"0":{"name":"ConnectionStatus","decl":{"start":{"line":8,"column":16},"end":{"line":8,"column":33}},"loc":{"start":{"line":8,"column":91},"end":{"line":38,"column":null}},"line":8}},"branchMap":{"0":{"loc":{"start":{"line":8,"column":48},"end":{"line":8,"column":65}},"type":"default-arg","locations":[{"start":{"line":8,"column":60},"end":{"line":8,"column":65}}],"line":8},"1":{"loc":{"start":{"line":10,"column":52},"end":{"line":10,"column":null}},"type":"cond-expr","locations":[{"start":{"line":10,"column":66},"end":{"line":10,"column":80}},{"start":{"line":10,"column":80},"end":{"line":10,"column":null}}],"line":10},"2":{"loc":{"start":{"line":12,"column":9},"end":{"line":18,"column":null}},"type":"cond-expr","locations":[{"start":{"line":13,"column":10},"end":{"line":16,"column":null}},{"start":{"line":18,"column":10},"end":{"line":18,"column":null}}],"line":12},"3":{"loc":{"start":{"line":21,"column":7},"end":{"line":34,"column":null}},"type":"binary-expr","locations":[{"start":{"line":21,"column":7},"end":{"line":21,"column":null}},{"start":{"line":22,"column":8},"end":{"line":34,"column":null}}],"line":21},"4":{"loc":{"start":{"line":23,"column":11},"end":{"line":32,"column":null}},"type":"cond-expr","locations":[{"start":{"line":24,"column":12},"end":{"line":27,"column":null}},{"start":{"line":29,"column":12},"end":{"line":32,"column":null}}],"line":23}},"s":{"0":4},"f":{"0":4},"b":{"0":[4],"1":[2,2],"2":[2,2],"3":[4,2],"4":[1,1]},"meta":{"lastBranch":5,"lastFunction":1,"lastStatement":1,"seen":{"f:8:16:8:33":0,"b:8:60:8:65":0,"s:9:2:36:Infinity":0,"b:10:66:10:80:10:80:10:Infinity":1,"b:13:10:16:Infinity:18:10:18:Infinity":2,"b:21:7:21:Infinity:22:8:34:Infinity":3,"b:24:12:27:Infinity:29:12:32:Infinity":4}}}
,"/Users/ibeast/Documents/repos/nexus-architect/frontend/src/components/ErrorBoundary.tsx": {"path":"/Users/ibeast/Documents/repos/nexus-architect/frontend/src/components/ErrorBoundary.tsx","statementMap":{"0":{"start":{"line":9,"column":2},"end":{"line":44,"column":null}},"1":{"start":{"line":37,"column":27},"end":{"line":37,"column":null}},"2":{"start":{"line":72,"column":16},"end":{"line":74,"column":null}},"3":{"start":{"line":60,"column":4},"end":{"line":60,"column":null}},"4":{"start":{"line":61,"column":4},"end":{"line":61,"column":null}},"5":{"start":{"line":65,"column":4},"end":{"line":65,"column":null}},"6":{"start":{"line":69,"column":4},"end":{"line":69,"column":null}},"7":{"start":{"line":73,"column":4},"end":{"line":73,"column":null}},"8":{"start":{"line":77,"column":4},"end":{"line":80,"column":null}},"9":{"start":{"line":78,"column":23},"end":{"line":78,"column":null}},"10":{"start":{"line":79,"column":6},"end":{"line":79,"column":null}},"11":{"start":{"line":82,"column":4},"end":{"line":82,"column":null}}},"fnMap":{"0":{"name":"DefaultErrorFallback","decl":{"start":{"line":8,"column":9},"end":{"line":8,"column":30}},"loc":{"start":{"line":8,"column":68},"end":{"line":46,"column":null}},"line":8},"1":{"name":"(anonymous_1)","decl":{"start":{"line":37,"column":21},"end":{"line":37,"column":27}},"loc":{"start":{"line":37,"column":27},"end":{"line":37,"column":null}},"line":37},"2":{"name":"(anonymous_2)","decl":{"start":{"line":59,"column":2},"end":{"line":59,"column":14}},"loc":{"start":{"line":59,"column":28},"end":{"line":62,"column":null}},"line":59},"3":{"name":"(anonymous_3)","decl":{"start":{"line":64,"column":9},"end":{"line":64,"column":34}},"loc":{"start":{"line":64,"column":55},"end":{"line":66,"column":null}},"line":64},"4":{"name":"(anonymous_4)","decl":{"start":{"line":68,"column":2},"end":{"line":68,"column":20}},"loc":{"start":{"line":68,"column":62},"end":{"line":70,"column":null}},"line":68},"5":{"name":"(anonymous_5)","decl":{"start":{"line":72,"column":16},"end":{"line":72,"column":22}},"loc":{"start":{"line":72,"column":22},"end":{"line":74,"column":null}},"line":72},"6":{"name":"(anonymous_6)","decl":{"start":{"line":76,"column":2},"end":{"line":76,"column":11}},"loc":{"start":{"line":76,"column":11},"end":{"line":83,"column":null}},"line":76}},"branchMap":{"0":{"loc":{"start":{"line":77,"column":4},"end":{"line":80,"column":null}},"type":"if","locations":[{"start":{"line":77,"column":4},"end":{"line":80,"column":null}},{"start":{},"end":{}}],"line":77},"1":{"loc":{"start":{"line":77,"column":8},"end":{"line":77,"column":49}},"type":"binary-expr","locations":[{"start":{"line":77,"column":8},"end":{"line":77,"column":31}},{"start":{"line":77,"column":31},"end":{"line":77,"column":49}}],"line":77},"2":{"loc":{"start":{"line":78,"column":23},"end":{"line":78,"column":null}},"type":"binary-expr","locations":[{"start":{"line":78,"column":23},"end":{"line":78,"column":46}},{"start":{"line":78,"column":46},"end":{"line":78,"column":null}}],"line":78}},"s":{"0":6,"1":0,"2":1,"3":8,"4":8,"5":6,"6":3,"7":1,"8":14,"9":6,"10":6,"11":8},"f":{"0":6,"1":0,"2":8,"3":1,"4":3,"5":1,"6":14},"b":{"0":[6,8],"1":[14,6],"2":[6,6]},"meta":{"lastBranch":3,"lastFunction":7,"lastStatement":12,"seen":{"f:8:9:8:30":0,"s:9:2:44:Infinity":0,"f:37:21:37:27":1,"s:37:27:37:Infinity":1,"s:72:16:74:Infinity":2,"f:59:2:59:14":2,"s:60:4:60:Infinity":3,"s:61:4:61:Infinity":4,"f:64:9:64:34":3,"s:65:4:65:Infinity":5,"f:68:2:68:20":4,"s:69:4:69:Infinity":6,"f:72:16:72:22":5,"s:73:4:73:Infinity":7,"f:76:2:76:11":6,"b:77:4:80:Infinity:undefined:undefined:undefined:undefined":0,"s:77:4:80:Infinity":8,"b:77:8:77:31:77:31:77:49":1,"s:78:23:78:Infinity":9,"b:78:23:78:46:78:46:78:Infinity":2,"s:79:6:79:Infinity":10,"s:82:4:82:Infinity":11}}}
,"/Users/ibeast/Documents/repos/nexus-architect/frontend/src/components/Header.tsx": {"path":"/Users/ibeast/Documents/repos/nexus-architect/frontend/src/components/Header.tsx","statementMap":{"0":{"start":{"line":6,"column":8},"end":{"line":6,"column":null}},"1":{"start":{"line":7,"column":34},"end":{"line":7,"column":null}},"2":{"start":{"line":9,"column":23},"end":{"line":12,"column":null}},"3":{"start":{"line":10,"column":4},"end":{"line":10,"column":null}},"4":{"start":{"line":11,"column":4},"end":{"line":11,"column":null}},"5":{"start":{"line":14,"column":2},"end":{"line":44,"column":null}}},"fnMap":{"0":{"name":"Header","decl":{"start":{"line":5,"column":24},"end":{"line":5,"column":33}},"loc":{"start":{"line":5,"column":33},"end":{"line":46,"column":null}},"line":5},"1":{"name":"(anonymous_1)","decl":{"start":{"line":9,"column":23},"end":{"line":9,"column":29}},"loc":{"start":{"line":9,"column":29},"end":{"line":12,"column":null}},"line":9}},"branchMap":{"0":{"loc":{"start":{"line":31,"column":13},"end":{"line":39,"column":null}},"type":"binary-expr","locations":[{"start":{"line":31,"column":13},"end":{"line":31,"column":null}},{"start":{"line":32,"column":14},"end":{"line":39,"column":null}}],"line":31}},"s":{"0":9,"1":9,"2":9,"3":1,"4":1,"5":9},"f":{"0":9,"1":1},"b":{"0":[9,5]},"meta":{"lastBranch":1,"lastFunction":2,"lastStatement":6,"seen":{"f:5:24:5:33":0,"s:6:8:6:Infinity":0,"s:7:34:7:Infinity":1,"s:9:23:12:Infinity":2,"f:9:23:9:29":1,"s:10:4:10:Infinity":3,"s:11:4:11:Infinity":4,"s:14:2:44:Infinity":5,"b:31:13:31:Infinity:32:14:39:Infinity":0}}}
,"/Users/ibeast/Documents/repos/nexus-architect/frontend/src/components/ProtectedRoute.tsx": {"path":"/Users/ibeast/Documents/repos/nexus-architect/frontend/src/components/ProtectedRoute.tsx","statementMap":{"0":{"start":{"line":11,"column":8},"end":{"line":11,"column":null}},"1":{"start":{"line":11,"column":50},"end":{"line":11,"column":71}},"2":{"start":{"line":12,"column":8},"end":{"line":12,"column":null}},"3":{"start":{"line":14,"column":2},"end":{"line":17,"column":null}},"4":{"start":{"line":16,"column":4},"end":{"line":16,"column":null}},"5":{"start":{"line":19,"column":2},"end":{"line":19,"column":null}}},"fnMap":{"0":{"name":"ProtectedRoute","decl":{"start":{"line":10,"column":24},"end":{"line":10,"column":39}},"loc":{"start":{"line":10,"column":74},"end":{"line":20,"column":null}},"line":10},"1":{"name":"(anonymous_1)","decl":{"start":{"line":11,"column":39},"end":{"line":11,"column":40}},"loc":{"start":{"line":11,"column":50},"end":{"line":11,"column":71}},"line":11}},"branchMap":{"0":{"loc":{"start":{"line":14,"column":2},"end":{"line":17,"column":null}},"type":"if","locations":[{"start":{"line":14,"column":2},"end":{"line":17,"column":null}},{"start":{},"end":{}}],"line":14}},"s":{"0":6,"1":18,"2":6,"3":6,"4":2,"5":4},"f":{"0":6,"1":18},"b":{"0":[2,4]},"meta":{"lastBranch":1,"lastFunction":2,"lastStatement":6,"seen":{"f:10:24:10:39":0,"s:11:8:11:Infinity":0,"f:11:39:11:40":1,"s:11:50:11:71":1,"s:12:8:12:Infinity":2,"b:14:2:17:Infinity:undefined:undefined:undefined:undefined":0,"s:14:2:17:Infinity":3,"s:16:4:16:Infinity":4,"s:19:2:19:Infinity":5}}}
,"/Users/ibeast/Documents/repos/nexus-architect/frontend/src/components/ToastContainer.tsx": {"path":"/Users/ibeast/Documents/repos/nexus-architect/frontend/src/components/ToastContainer.tsx","statementMap":{"0":{"start":{"line":12,"column":58},"end":{"line":17,"column":null}},"1":{"start":{"line":19,"column":48},"end":{"line":24,"column":null}},"2":{"start":{"line":26,"column":47},"end":{"line":31,"column":null}},"3":{"start":{"line":34,"column":26},"end":{"line":34,"column":null}},"4":{"start":{"line":36,"column":2},"end":{"line":39,"column":null}},"5":{"start":{"line":37,"column":10},"end":{"line":37,"column":null}},"6":{"start":{"line":38,"column":4},"end":{"line":38,"column":null}},"7":{"start":{"line":41,"column":8},"end":{"line":43,"column":null}},"8":{"start":{"line":42,"column":4},"end":{"line":42,"column":null}},"9":{"start":{"line":45,"column":2},"end":{"line":45,"column":null}},"10":{"start":{"line":45,"column":27},"end":{"line":45,"column":null}},"11":{"start":{"line":47,"column":2},"end":{"line":74,"column":null}},"12":{"start":{"line":54,"column":21},"end":{"line":54,"column":null}},"13":{"start":{"line":55,"column":8},"end":{"line":71,"column":null}},"14":{"start":{"line":65,"column":29},"end":{"line":65,"column":null}}},"fnMap":{"0":{"name":"ToastContainer","decl":{"start":{"line":33,"column":16},"end":{"line":33,"column":33}},"loc":{"start":{"line":33,"column":33},"end":{"line":76,"column":null}},"line":33},"1":{"name":"(anonymous_1)","decl":{"start":{"line":36,"column":12},"end":{"line":36,"column":18}},"loc":{"start":{"line":36,"column":18},"end":{"line":39,"column":5}},"line":36},"2":{"name":"(anonymous_2)","decl":{"start":{"line":41,"column":36},"end":{"line":41,"column":37}},"loc":{"start":{"line":41,"column":52},"end":{"line":43,"column":5}},"line":41},"3":{"name":"(anonymous_3)","decl":{"start":{"line":53,"column":18},"end":{"line":53,"column":19}},"loc":{"start":{"line":53,"column":29},"end":{"line":73,"column":7}},"line":53},"4":{"name":"(anonymous_4)","decl":{"start":{"line":65,"column":23},"end":{"line":65,"column":29}},"loc":{"start":{"line":65,"column":29},"end":{"line":65,"column":null}},"line":65}},"branchMap":{"0":{"loc":{"start":{"line":45,"column":2},"end":{"line":45,"column":null}},"type":"if","locations":[{"start":{"line":45,"column":2},"end":{"line":45,"column":null}},{"start":{},"end":{}}],"line":45}},"s":{"0":1,"1":1,"2":1,"3":14,"4":14,"5":4,"6":4,"7":14,"8":1,"9":14,"10":11,"11":3,"12":4,"13":4,"14":1},"f":{"0":14,"1":4,"2":1,"3":4,"4":1},"b":{"0":[11,3]},"meta":{"lastBranch":1,"lastFunction":5,"lastStatement":15,"seen":{"s:12:58:17:Infinity":0,"s:19:48:24:Infinity":1,"s:26:47:31:Infinity":2,"f:33:16:33:33":0,"s:34:26:34:Infinity":3,"s:36:2:39:Infinity":4,"f:36:12:36:18":1,"s:37:10:37:Infinity":5,"s:38:4:38:Infinity":6,"s:41:8:43:Infinity":7,"f:41:36:41:37":2,"s:42:4:42:Infinity":8,"b:45:2:45:Infinity:undefined:undefined:undefined:undefined":0,"s:45:2:45:Infinity":9,"s:45:27:45:Infinity":10,"s:47:2:74:Infinity":11,"f:53:18:53:19":3,"s:54:21:54:Infinity":12,"s:55:8:71:Infinity":13,"f:65:23:65:29":4,"s:65:29:65:Infinity":14}}}
,"/Users/ibeast/Documents/repos/nexus-architect/frontend/src/features/auth/LoginPage.tsx": {"path":"/Users/ibeast/Documents/repos/nexus-architect/frontend/src/features/auth/LoginPage.tsx","statementMap":{"0":{"start":{"line":9,"column":30},"end":{"line":9,"column":null}},"1":{"start":{"line":10,"column":38},"end":{"line":10,"column":null}},"2":{"start":{"line":11,"column":24},"end":{"line":11,"column":null}},"3":{"start":{"line":12,"column":32},"end":{"line":12,"column":null}},"4":{"start":{"line":13,"column":8},"end":{"line":13,"column":null}},"5":{"start":{"line":14,"column":8},"end":{"line":14,"column":null}},"6":{"start":{"line":14,"column":40},"end":{"line":14,"column":51}},"7":{"start":{"line":16,"column":23},"end":{"line":33,"column":null}},"8":{"start":{"line":17,"column":4},"end":{"line":17,"column":null}},"9":{"start":{"line":18,"column":4},"end":{"line":18,"column":null}},"10":{"start":{"line":19,"column":4},"end":{"line":19,"column":null}},"11":{"start":{"line":22,"column":4},"end":{"line":22,"column":null}},"12":{"start":{"line":22,"column":35},"end":{"line":22,"column":59}},"13":{"start":{"line":24,"column":20},"end":{"line":24,"column":null}},"14":{"start":{"line":25,"column":4},"end":{"line":25,"column":null}},"15":{"start":{"line":27,"column":4},"end":{"line":32,"column":null}},"16":{"start":{"line":28,"column":6},"end":{"line":28,"column":null}},"17":{"start":{"line":30,"column":6},"end":{"line":30,"column":null}},"18":{"start":{"line":31,"column":6},"end":{"line":31,"column":null}},"19":{"start":{"line":35,"column":2},"end":{"line":104,"column":null}},"20":{"start":{"line":62,"column":33},"end":{"line":62,"column":null}},"21":{"start":{"line":69,"column":31},"end":{"line":69,"column":null}}},"fnMap":{"0":{"name":"LoginPage","decl":{"start":{"line":8,"column":24},"end":{"line":8,"column":36}},"loc":{"start":{"line":8,"column":36},"end":{"line":106,"column":null}},"line":8},"1":{"name":"(anonymous_1)","decl":{"start":{"line":14,"column":29},"end":{"line":14,"column":30}},"loc":{"start":{"line":14,"column":40},"end":{"line":14,"column":51}},"line":14},"2":{"name":"(anonymous_2)","decl":{"start":{"line":16,"column":23},"end":{"line":16,"column":30}},"loc":{"start":{"line":16,"column":47},"end":{"line":33,"column":null}},"line":16},"3":{"name":"(anonymous_3)","decl":{"start":{"line":22,"column":22},"end":{"line":22,"column":23}},"loc":{"start":{"line":22,"column":35},"end":{"line":22,"column":59}},"line":22},"4":{"name":"(anonymous_4)","decl":{"start":{"line":62,"column":26},"end":{"line":62,"column":27}},"loc":{"start":{"line":62,"column":33},"end":{"line":62,"column":null}},"line":62},"5":{"name":"(anonymous_5)","decl":{"start":{"line":69,"column":25},"end":{"line":69,"column":31}},"loc":{"start":{"line":69,"column":31},"end":{"line":69,"column":null}},"line":69}},"branchMap":{"0":{"loc":{"start":{"line":27,"column":4},"end":{"line":32,"column":null}},"type":"if","locations":[{"start":{"line":27,"column":4},"end":{"line":32,"column":null}},{"start":{"line":29,"column":11},"end":{"line":32,"column":null}}],"line":27},"1":{"loc":{"start":{"line":59,"column":22},"end":{"line":59,"column":null}},"type":"cond-expr","locations":[{"start":{"line":59,"column":37},"end":{"line":59,"column":46}},{"start":{"line":59,"column":46},"end":{"line":59,"column":null}}],"line":59},"2":{"loc":{"start":{"line":71,"column":28},"end":{"line":71,"column":null}},"type":"cond-expr","locations":[{"start":{"line":71,"column":43},"end":{"line":71,"column":61}},{"start":{"line":71,"column":61},"end":{"line":71,"column":null}}],"line":71},"3":{"loc":{"start":{"line":73,"column":17},"end":{"line":76,"column":null}},"type":"cond-expr","locations":[{"start":{"line":74,"column":18},"end":{"line":74,"column":null}},{"start":{"line":76,"column":18},"end":{"line":76,"column":null}}],"line":73},"4":{"loc":{"start":{"line":82,"column":11},"end":{"line":88,"column":null}},"type":"binary-expr","locations":[{"start":{"line":82,"column":11},"end":{"line":82,"column":null}},{"start":{"line":83,"column":12},"end":{"line":88,"column":null}}],"line":82},"5":{"loc":{"start":{"line":93,"column":22},"end":{"line":93,"column":null}},"type":"binary-expr","locations":[{"start":{"line":93,"column":22},"end":{"line":93,"column":35}},{"start":{"line":93,"column":35},"end":{"line":93,"column":null}}],"line":93},"6":{"loc":{"start":{"line":96,"column":13},"end":{"line":96,"column":null}},"type":"cond-expr","locations":[{"start":{"line":96,"column":25},"end":{"line":96,"column":43}},{"start":{"line":96,"column":43},"end":{"line":96,"column":null}}],"line":96}},"s":{"0":23,"1":23,"2":23,"3":23,"4":23,"5":23,"6":71,"7":23,"8":3,"9":3,"10":3,"11":3,"12":3,"13":3,"14":3,"15":3,"16":1,"17":2,"18":2,"19":23,"20":4,"21":3},"f":{"0":23,"1":71,"2":3,"3":3,"4":4,"5":3},"b":{"0":[1,2],"1":[2,21],"2":[2,21],"3":[2,21],"4":[23,2],"5":[23,20],"6":[3,20]},"meta":{"lastBranch":7,"lastFunction":6,"lastStatement":22,"seen":{"f:8:24:8:36":0,"s:9:30:9:Infinity":0,"s:10:38:10:Infinity":1,"s:11:24:11:Infinity":2,"s:12:32:12:Infinity":3,"s:13:8:13:Infinity":4,"s:14:8:14:Infinity":5,"f:14:29:14:30":1,"s:14:40:14:51":6,"s:16:23:33:Infinity":7,"f:16:23:16:30":2,"s:17:4:17:Infinity":8,"s:18:4:18:Infinity":9,"s:19:4:19:Infinity":10,"s:22:4:22:Infinity":11,"f:22:22:22:23":3,"s:22:35:22:59":12,"s:24:20:24:Infinity":13,"s:25:4:25:Infinity":14,"b:27:4:32:Infinity:29:11:32:Infinity":0,"s:27:4:32:Infinity":15,"s:28:6:28:Infinity":16,"s:30:6:30:Infinity":17,"s:31:6:31:Infinity":18,"s:35:2:104:Infinity":19,"b:59:37:59:46:59:46:59:Infinity":1,"f:62:26:62:27":4,"s:62:33:62:Infinity":20,"f:69:25:69:31":5,"s:69:31:69:Infinity":21,"b:71:43:71:61:71:61:71:Infinity":2,"b:74:18:74:Infinity:76:18:76:Infinity":3,"b:82:11:82:Infinity:83:12:88:Infinity":4,"b:93:22:93:35:93:35:93:Infinity":5,"b:96:25:96:43:96:43:96:Infinity":6}}}
,"/Users/ibeast/Documents/repos/nexus-architect/frontend/src/features/home/HomePage.tsx": {"path":"/Users/ibeast/Documents/repos/nexus-architect/frontend/src/features/home/HomePage.tsx","statementMap":{"0":{"start":{"line":9,"column":8},"end":{"line":9,"column":null}},"1":{"start":{"line":10,"column":79},"end":{"line":10,"column":null}},"2":{"start":{"line":11,"column":44},"end":{"line":11,"column":null}},"3":{"start":{"line":12,"column":42},"end":{"line":12,"column":null}},"4":{"start":{"line":13,"column":56},"end":{"line":13,"column":null}},"5":{"start":{"line":14,"column":46},"end":{"line":14,"column":null}},"6":{"start":{"line":15,"column":46},"end":{"line":15,"column":null}},"7":{"start":{"line":16,"column":44},"end":{"line":16,"column":null}},"8":{"start":{"line":18,"column":34},"end":{"line":24,"column":null}},"9":{"start":{"line":19,"column":4},"end":{"line":19,"column":null}},"10":{"start":{"line":21,"column":4},"end":{"line":23,"column":null}},"11":{"start":{"line":22,"column":6},"end":{"line":22,"column":null}},"12":{"start":{"line":26,"column":30},"end":{"line":39,"column":null}},"13":{"start":{"line":27,"column":10},"end":{"line":27,"column":null}},"14":{"start":{"line":29,"column":4},"end":{"line":32,"column":null}},"15":{"start":{"line":30,"column":6},"end":{"line":30,"column":null}},"16":{"start":{"line":31,"column":6},"end":{"line":31,"column":null}},"17":{"start":{"line":34,"column":4},"end":{"line":34,"column":null}},"18":{"start":{"line":35,"column":4},"end":{"line":35,"column":null}},"19":{"start":{"line":36,"column":4},"end":{"line":36,"column":null}},"20":{"start":{"line":37,"column":4},"end":{"line":37,"column":null}},"21":{"start":{"line":38,"column":4},"end":{"line":38,"column":null}},"22":{"start":{"line":41,"column":23},"end":{"line":50,"column":null}},"23":{"start":{"line":42,"column":17},"end":{"line":42,"column":null}},"24":{"start":{"line":43,"column":17},"end":{"line":43,"column":null}},"25":{"start":{"line":44,"column":16},"end":{"line":44,"column":null}},"26":{"start":{"line":45,"column":14},"end":{"line":45,"column":null}},"27":{"start":{"line":46,"column":4},"end":{"line":46,"column":null}},"28":{"start":{"line":47,"column":4},"end":{"line":47,"column":null}},"29":{"start":{"line":48,"column":4},"end":{"line":48,"column":null}},"30":{"start":{"line":49,"column":4},"end":{"line":49,"column":null}},"31":{"start":{"line":52,"column":23},"end":{"line":68,"column":null}},"32":{"start":{"line":53,"column":18},"end":{"line":53,"column":null}},"33":{"start":{"line":54,"column":4},"end":{"line":54,"column":null}},"34":{"start":{"line":55,"column":4},"end":{"line":55,"column":null}},"35":{"start":{"line":56,"column":4},"end":{"line":66,"column":null}},"36":{"start":{"line":57,"column":19},"end":{"line":57,"column":null}},"37":{"start":{"line":58,"column":6},"end":{"line":65,"column":null}},"38":{"start":{"line":59,"column":23},"end":{"line":59,"column":null}},"39":{"start":{"line":60,"column":8},"end":{"line":63,"column":null}},"40":{"start":{"line":61,"column":23},"end":{"line":61,"column":null}},"41":{"start":{"line":62,"column":10},"end":{"line":62,"column":null}},"42":{"start":{"line":64,"column":8},"end":{"line":64,"column":null}},"43":{"start":{"line":67,"column":4},"end":{"line":67,"column":null}},"44":{"start":{"line":70,"column":2},"end":{"line":240,"column":null}},"45":{"start":{"line":83,"column":27},"end":{"line":83,"column":null}},"46":{"start":{"line":97,"column":27},"end":{"line":97,"column":null}},"47":{"start":{"line":106,"column":12},"end":{"line":152,"column":null}},"48":{"start":{"line":116,"column":35},"end":{"line":116,"column":null}},"49":{"start":{"line":124,"column":22},"end":{"line":128,"column":null}},"50":{"start":{"line":129,"column":22},"end":{"line":129,"column":null}},"51":{"start":{"line":146,"column":33},"end":{"line":146,"column":null}},"52":{"start":{"line":171,"column":35},"end":{"line":171,"column":null}},"53":{"start":{"line":191,"column":35},"end":{"line":191,"column":null}},"54":{"start":{"line":200,"column":20},"end":{"line":200,"column":null}},"55":{"start":{"line":201,"column":20},"end":{"line":201,"column":null}},"56":{"start":{"line":202,"column":20},"end":{"line":202,"column":null}},"57":{"start":{"line":203,"column":20},"end":{"line":203,"column":null}},"58":{"start":{"line":228,"column":10},"end":{"line":230,"column":null}},"59":{"start":{"line":229,"column":12},"end":{"line":229,"column":null}},"60":{"start":{"line":231,"column":10},"end":{"line":231,"column":null}},"61":{"start":{"line":232,"column":10},"end":{"line":232,"column":null}},"62":{"start":{"line":235,"column":10},"end":{"line":235,"column":null}},"63":{"start":{"line":236,"column":10},"end":{"line":236,"column":null}}},"fnMap":{"0":{"name":"HomePage","decl":{"start":{"line":8,"column":24},"end":{"line":8,"column":35}},"loc":{"start":{"line":8,"column":35},"end":{"line":242,"column":null}},"line":8},"1":{"name":"(anonymous_1)","decl":{"start":{"line":18,"column":34},"end":{"line":18,"column":35}},"loc":{"start":{"line":18,"column":53},"end":{"line":24,"column":null}},"line":18},"2":{"name":"(anonymous_2)","decl":{"start":{"line":26,"column":30},"end":{"line":26,"column":36}},"loc":{"start":{"line":26,"column":36},"end":{"line":39,"column":null}},"line":26},"3":{"name":"(anonymous_3)","decl":{"start":{"line":41,"column":23},"end":{"line":41,"column":24}},"loc":{"start":{"line":41,"column":46},"end":{"line":50,"column":null}},"line":41},"4":{"name":"(anonymous_4)","decl":{"start":{"line":52,"column":23},"end":{"line":52,"column":29}},"loc":{"start":{"line":52,"column":29},"end":{"line":68,"column":null}},"line":52},"5":{"name":"(anonymous_5)","decl":{"start":{"line":56,"column":21},"end":{"line":56,"column":22}},"loc":{"start":{"line":56,"column":33},"end":{"line":66,"column":null}},"line":56},"6":{"name":"(anonymous_6)","decl":{"start":{"line":60,"column":24},"end":{"line":60,"column":25}},"loc":{"start":{"line":60,"column":35},"end":{"line":63,"column":null}},"line":60},"7":{"name":"(anonymous_7)","decl":{"start":{"line":83,"column":21},"end":{"line":83,"column":27}},"loc":{"start":{"line":83,"column":27},"end":{"line":83,"column":null}},"line":83},"8":{"name":"(anonymous_8)","decl":{"start":{"line":97,"column":21},"end":{"line":97,"column":27}},"loc":{"start":{"line":97,"column":27},"end":{"line":97,"column":null}},"line":97},"9":{"name":"(anonymous_9)","decl":{"start":{"line":105,"column":24},"end":{"line":105,"column":25}},"loc":{"start":{"line":106,"column":12},"end":{"line":152,"column":null}},"line":106},"10":{"name":"(anonymous_10)","decl":{"start":{"line":116,"column":29},"end":{"line":116,"column":35}},"loc":{"start":{"line":116,"column":35},"end":{"line":116,"column":null}},"line":116},"11":{"name":"(anonymous_11)","decl":{"start":{"line":123,"column":29},"end":{"line":123,"column":35}},"loc":{"start":{"line":123,"column":35},"end":{"line":130,"column":null}},"line":123},"12":{"name":"(anonymous_12)","decl":{"start":{"line":146,"column":27},"end":{"line":146,"column":33}},"loc":{"start":{"line":146,"column":33},"end":{"line":146,"column":null}},"line":146},"13":{"name":"(anonymous_13)","decl":{"start":{"line":171,"column":28},"end":{"line":171,"column":29}},"loc":{"start":{"line":171,"column":35},"end":{"line":171,"column":null}},"line":171},"14":{"name":"(anonymous_14)","decl":{"start":{"line":191,"column":28},"end":{"line":191,"column":29}},"loc":{"start":{"line":191,"column":35},"end":{"line":191,"column":null}},"line":191},"15":{"name":"(anonymous_15)","decl":{"start":{"line":199,"column":27},"end":{"line":199,"column":33}},"loc":{"start":{"line":199,"column":33},"end":{"line":204,"column":null}},"line":199},"16":{"name":"(anonymous_16)","decl":{"start":{"line":227,"column":19},"end":{"line":227,"column":25}},"loc":{"start":{"line":227,"column":25},"end":{"line":233,"column":null}},"line":227},"17":{"name":"(anonymous_17)","decl":{"start":{"line":234,"column":18},"end":{"line":234,"column":24}},"loc":{"start":{"line":234,"column":24},"end":{"line":237,"column":null}},"line":234}},"branchMap":{"0":{"loc":{"start":{"line":21,"column":4},"end":{"line":23,"column":null}},"type":"if","locations":[{"start":{"line":21,"column":4},"end":{"line":23,"column":null}},{"start":{},"end":{}}],"line":21},"1":{"loc":{"start":{"line":29,"column":4},"end":{"line":32,"column":null}},"type":"if","locations":[{"start":{"line":29,"column":4},"end":{"line":32,"column":null}},{"start":{},"end":{}}],"line":29},"2":{"loc":{"start":{"line":30,"column":26},"end":{"line":30,"column":68}},"type":"binary-expr","locations":[{"start":{"line":30,"column":26},"end":{"line":30,"column":46}},{"start":{"line":30,"column":46},"end":{"line":30,"column":68}}],"line":30},"3":{"loc":{"start":{"line":58,"column":6},"end":{"line":65,"column":null}},"type":"if","locations":[{"start":{"line":58,"column":6},"end":{"line":65,"column":null}},{"start":{},"end":{}}],"line":58},"4":{"loc":{"start":{"line":92,"column":7},"end":{"line":154,"column":null}},"type":"cond-expr","locations":[{"start":{"line":93,"column":8},"end":{"line":102,"column":null}},{"start":{"line":104,"column":8},"end":{"line":154,"column":null}}],"line":92},"5":{"loc":{"start":{"line":138,"column":15},"end":{"line":141,"column":null}},"type":"binary-expr","locations":[{"start":{"line":138,"column":15},"end":{"line":138,"column":null}},{"start":{"line":139,"column":16},"end":{"line":141,"column":null}}],"line":138},"6":{"loc":{"start":{"line":157,"column":7},"end":{"line":219,"column":null}},"type":"binary-expr","locations":[{"start":{"line":157,"column":7},"end":{"line":157,"column":null}},{"start":{"line":158,"column":8},"end":{"line":219,"column":null}}],"line":157},"7":{"loc":{"start":{"line":173,"column":20},"end":{"line":175,"column":null}},"type":"cond-expr","locations":[{"start":{"line":174,"column":24},"end":{"line":174,"column":null}},{"start":{"line":175,"column":24},"end":{"line":175,"column":null}}],"line":173},"8":{"loc":{"start":{"line":179,"column":17},"end":{"line":182,"column":null}},"type":"binary-expr","locations":[{"start":{"line":179,"column":17},"end":{"line":179,"column":null}},{"start":{"line":180,"column":18},"end":{"line":182,"column":null}}],"line":179},"9":{"loc":{"start":{"line":225,"column":17},"end":{"line":225,"column":null}},"type":"cond-expr","locations":[{"start":{"line":225,"column":35},"end":{"line":225,"column":245}},{"start":{"line":225,"column":245},"end":{"line":225,"column":null}}],"line":225},"10":{"loc":{"start":{"line":225,"column":183},"end":{"line":225,"column":227}},"type":"cond-expr","locations":[{"start":{"line":225,"column":219},"end":{"line":225,"column":224}},{"start":{"line":225,"column":224},"end":{"line":225,"column":227}}],"line":225},"11":{"loc":{"start":{"line":228,"column":10},"end":{"line":230,"column":null}},"type":"if","locations":[{"start":{"line":228,"column":10},"end":{"line":230,"column":null}},{"start":{},"end":{}}],"line":228}},"s":{"0":51,"1":51,"2":51,"3":51,"4":51,"5":51,"6":51,"7":51,"8":51,"9":7,"10":7,"11":1,"12":51,"13":3,"14":3,"15":2,"16":2,"17":1,"18":1,"19":1,"20":1,"21":1,"22":51,"23":1,"24":1,"25":1,"26":1,"27":1,"28":1,"29":1,"30":1,"31":51,"32":1,"33":1,"34":1,"35":1,"36":1,"37":1,"38":1,"39":1,"40":1,"41":1,"42":1,"43":1,"44":51,"45":7,"46":1,"47":16,"48":1,"49":3,"50":3,"51":1,"52":7,"53":1,"54":1,"55":1,"56":1,"57":1,"58":1,"59":1,"60":1,"61":1,"62":1,"63":1},"f":{"0":51,"1":7,"2":3,"3":1,"4":1,"5":1,"6":1,"7":7,"8":1,"9":16,"10":1,"11":3,"12":1,"13":7,"14":1,"15":1,"16":1,"17":1},"b":{"0":[1,6],"1":[2,1],"2":[2,0],"3":[1,0],"4":[35,15],"5":[16,15],"6":[51,18],"7":[2,16],"8":[18,2],"9":[3,47],"10":[0,3],"11":[1,0]},"meta":{"lastBranch":12,"lastFunction":18,"lastStatement":64,"seen":{"f:8:24:8:35":0,"s:9:8:9:Infinity":0,"s:10:79:10:Infinity":1,"s:11:44:11:Infinity":2,"s:12:42:12:Infinity":3,"s:13:56:13:Infinity":4,"s:14:46:14:Infinity":5,"s:15:46:15:Infinity":6,"s:16:44:16:Infinity":7,"s:18:34:24:Infinity":8,"f:18:34:18:35":1,"s:19:4:19:Infinity":9,"b:21:4:23:Infinity:undefined:undefined:undefined:undefined":0,"s:21:4:23:Infinity":10,"s:22:6:22:Infinity":11,"s:26:30:39:Infinity":12,"f:26:30:26:36":2,"s:27:10:27:Infinity":13,"b:29:4:32:Infinity:undefined:undefined:undefined:undefined":1,"s:29:4:32:Infinity":14,"s:30:6:30:Infinity":15,"b:30:26:30:46:30:46:30:68":2,"s:31:6:31:Infinity":16,"s:34:4:34:Infinity":17,"s:35:4:35:Infinity":18,"s:36:4:36:Infinity":19,"s:37:4:37:Infinity":20,"s:38:4:38:Infinity":21,"s:41:23:50:Infinity":22,"f:41:23:41:24":3,"s:42:17:42:Infinity":23,"s:43:17:43:Infinity":24,"s:44:16:44:Infinity":25,"s:45:14:45:Infinity":26,"s:46:4:46:Infinity":27,"s:47:4:47:Infinity":28,"s:48:4:48:Infinity":29,"s:49:4:49:Infinity":30,"s:52:23:68:Infinity":31,"f:52:23:52:29":4,"s:53:18:53:Infinity":32,"s:54:4:54:Infinity":33,"s:55:4:55:Infinity":34,"s:56:4:66:Infinity":35,"f:56:21:56:22":5,"s:57:19:57:Infinity":36,"b:58:6:65:Infinity:undefined:undefined:undefined:undefined":3,"s:58:6:65:Infinity":37,"s:59:23:59:Infinity":38,"s:60:8:63:Infinity":39,"f:60:24:60:25":6,"s:61:23:61:Infinity":40,"s:62:10:62:Infinity":41,"s:64:8:64:Infinity":42,"s:67:4:67:Infinity":43,"s:70:2:240:Infinity":44,"f:83:21:83:27":7,"s:83:27:83:Infinity":45,"b:93:8:102:Infinity:104:8:154:Infinity":4,"f:97:21:97:27":8,"s:97:27:97:Infinity":46,"f:105:24:105:25":9,"s:106:12:152:Infinity":47,"f:116:29:116:35":10,"s:116:35:116:Infinity":48,"f:123:29:123:35":11,"s:124:22:128:Infinity":49,"s:129:22:129:Infinity":50,"b:138:15:138:Infinity:139:16:141:Infinity":5,"f:146:27:146:33":12,"s:146:33:146:Infinity":51,"b:157:7:157:Infinity:158:8:219:Infinity":6,"f:171:28:171:29":13,"s:171:35:171:Infinity":52,"b:174:24:174:Infinity:175:24:175:Infinity":7,"b:179:17:179:Infinity:180:18:182:Infinity":8,"f:191:28:191:29":14,"s:191:35:191:Infinity":53,"f:199:27:199:33":15,"s:200:20:200:Infinity":54,"s:201:20:201:Infinity":55,"s:202:20:202:Infinity":56,"s:203:20:203:Infinity":57,"b:225:35:225:245:225:245:225:Infinity":9,"b:225:219:225:224:225:224:225:227":10,"f:227:19:227:25":16,"b:228:10:230:Infinity:undefined:undefined:undefined:undefined":11,"s:228:10:230:Infinity":58,"s:229:12:229:Infinity":59,"s:231:10:231:Infinity":60,"s:232:10:232:Infinity":61,"f:234:18:234:24":17,"s:235:10:235:Infinity":62,"s:236:10:236:Infinity":63}}}
,"/Users/ibeast/Documents/repos/nexus-architect/frontend/src/features/project/ProjectPage.tsx": {"path":"/Users/ibeast/Documents/repos/nexus-architect/frontend/src/features/project/ProjectPage.tsx","statementMap":{"0":{"start":{"line":9,"column":20},"end":{"line":9,"column":null}},"1":{"start":{"line":10,"column":8},"end":{"line":10,"column":null}},"2":{"start":{"line":11,"column":47},"end":{"line":11,"column":null}},"3":{"start":{"line":12,"column":44},"end":{"line":12,"column":null}},"4":{"start":{"line":13,"column":40},"end":{"line":13,"column":null}},"5":{"start":{"line":14,"column":46},"end":{"line":14,"column":null}},"6":{"start":{"line":15,"column":42},"end":{"line":15,"column":null}},"7":{"start":{"line":17,"column":18},"end":{"line":17,"column":null}},"8":{"start":{"line":17,"column":39},"end":{"line":17,"column":57}},"9":{"start":{"line":19,"column":2},"end":{"line":31,"column":null}},"10":{"start":{"line":20,"column":4},"end":{"line":29,"column":null}},"11":{"start":{"line":24,"column":25},"end":{"line":24,"column":null}},"12":{"start":{"line":33,"column":29},"end":{"line":39,"column":null}},"13":{"start":{"line":34,"column":4},"end":{"line":38,"column":null}},"14":{"start":{"line":35,"column":6},"end":{"line":35,"column":null}},"15":{"start":{"line":36,"column":6},"end":{"line":36,"column":null}},"16":{"start":{"line":37,"column":6},"end":{"line":37,"column":null}},"17":{"start":{"line":41,"column":29},"end":{"line":53,"column":null}},"18":{"start":{"line":42,"column":19},"end":{"line":42,"column":null}},"19":{"start":{"line":42,"column":47},"end":{"line":42,"column":64}},"20":{"start":{"line":43,"column":4},"end":{"line":52,"column":null}},"21":{"start":{"line":44,"column":12},"end":{"line":44,"column":null}},"22":{"start":{"line":45,"column":19},"end":{"line":45,"column":null}},"23":{"start":{"line":46,"column":18},"end":{"line":46,"column":null}},"24":{"start":{"line":47,"column":16},"end":{"line":47,"column":null}},"25":{"start":{"line":48,"column":6},"end":{"line":48,"column":null}},"26":{"start":{"line":49,"column":6},"end":{"line":49,"column":null}},"27":{"start":{"line":50,"column":6},"end":{"line":50,"column":null}},"28":{"start":{"line":51,"column":6},"end":{"line":51,"column":null}},"29":{"start":{"line":55,"column":2},"end":{"line":197,"column":null}},"30":{"start":{"line":59,"column":25},"end":{"line":59,"column":null}},"31":{"start":{"line":71,"column":25},"end":{"line":71,"column":null}},"32":{"start":{"line":84,"column":27},"end":{"line":84,"column":null}},"33":{"start":{"line":93,"column":12},"end":{"line":132,"column":null}},"34":{"start":{"line":103,"column":35},"end":{"line":103,"column":null}},"35":{"start":{"line":111,"column":22},"end":{"line":111,"column":null}},"36":{"start":{"line":112,"column":22},"end":{"line":112,"column":null}},"37":{"start":{"line":127,"column":31},"end":{"line":127,"column":null}},"38":{"start":{"line":151,"column":35},"end":{"line":151,"column":null}},"39":{"start":{"line":159,"column":20},"end":{"line":159,"column":null}},"40":{"start":{"line":160,"column":20},"end":{"line":160,"column":null}},"41":{"start":{"line":185,"column":10},"end":{"line":187,"column":null}},"42":{"start":{"line":186,"column":12},"end":{"line":186,"column":null}},"43":{"start":{"line":188,"column":10},"end":{"line":188,"column":null}},"44":{"start":{"line":189,"column":10},"end":{"line":189,"column":null}},"45":{"start":{"line":192,"column":10},"end":{"line":192,"column":null}},"46":{"start":{"line":193,"column":10},"end":{"line":193,"column":null}}},"fnMap":{"0":{"name":"ProjectPage","decl":{"start":{"line":8,"column":24},"end":{"line":8,"column":38}},"loc":{"start":{"line":8,"column":38},"end":{"line":199,"column":null}},"line":8},"1":{"name":"(anonymous_1)","decl":{"start":{"line":17,"column":32},"end":{"line":17,"column":33}},"loc":{"start":{"line":17,"column":39},"end":{"line":17,"column":57}},"line":17},"2":{"name":"(anonymous_2)","decl":{"start":{"line":24,"column":19},"end":{"line":24,"column":25}},"loc":{"start":{"line":24,"column":25},"end":{"line":24,"column":null}},"line":24},"3":{"name":"(anonymous_3)","decl":{"start":{"line":33,"column":29},"end":{"line":33,"column":35}},"loc":{"start":{"line":33,"column":35},"end":{"line":39,"column":null}},"line":33},"4":{"name":"(anonymous_4)","decl":{"start":{"line":41,"column":29},"end":{"line":41,"column":30}},"loc":{"start":{"line":41,"column":51},"end":{"line":53,"column":null}},"line":41},"5":{"name":"(anonymous_5)","decl":{"start":{"line":42,"column":40},"end":{"line":42,"column":41}},"loc":{"start":{"line":42,"column":47},"end":{"line":42,"column":64}},"line":42},"6":{"name":"(anonymous_6)","decl":{"start":{"line":59,"column":19},"end":{"line":59,"column":25}},"loc":{"start":{"line":59,"column":25},"end":{"line":59,"column":null}},"line":59},"7":{"name":"(anonymous_7)","decl":{"start":{"line":71,"column":19},"end":{"line":71,"column":25}},"loc":{"start":{"line":71,"column":25},"end":{"line":71,"column":null}},"line":71},"8":{"name":"(anonymous_8)","decl":{"start":{"line":84,"column":21},"end":{"line":84,"column":27}},"loc":{"start":{"line":84,"column":27},"end":{"line":84,"column":null}},"line":84},"9":{"name":"(anonymous_9)","decl":{"start":{"line":92,"column":31},"end":{"line":92,"column":32}},"loc":{"start":{"line":93,"column":12},"end":{"line":132,"column":null}},"line":93},"10":{"name":"(anonymous_10)","decl":{"start":{"line":103,"column":29},"end":{"line":103,"column":35}},"loc":{"start":{"line":103,"column":35},"end":{"line":103,"column":null}},"line":103},"11":{"name":"(anonymous_11)","decl":{"start":{"line":110,"column":29},"end":{"line":110,"column":35}},"loc":{"start":{"line":110,"column":35},"end":{"line":113,"column":null}},"line":110},"12":{"name":"(anonymous_12)","decl":{"start":{"line":127,"column":25},"end":{"line":127,"column":31}},"loc":{"start":{"line":127,"column":31},"end":{"line":127,"column":null}},"line":127},"13":{"name":"(anonymous_13)","decl":{"start":{"line":151,"column":28},"end":{"line":151,"column":29}},"loc":{"start":{"line":151,"column":35},"end":{"line":151,"column":null}},"line":151},"14":{"name":"(anonymous_14)","decl":{"start":{"line":158,"column":27},"end":{"line":158,"column":33}},"loc":{"start":{"line":158,"column":33},"end":{"line":161,"column":null}},"line":158},"15":{"name":"(anonymous_15)","decl":{"start":{"line":184,"column":19},"end":{"line":184,"column":25}},"loc":{"start":{"line":184,"column":25},"end":{"line":190,"column":null}},"line":184},"16":{"name":"(anonymous_16)","decl":{"start":{"line":191,"column":18},"end":{"line":191,"column":24}},"loc":{"start":{"line":191,"column":24},"end":{"line":194,"column":null}},"line":191}},"branchMap":{"0":{"loc":{"start":{"line":19,"column":2},"end":{"line":31,"column":null}},"type":"if","locations":[{"start":{"line":19,"column":2},"end":{"line":31,"column":null}},{"start":{},"end":{}}],"line":19},"1":{"loc":{"start":{"line":34,"column":4},"end":{"line":38,"column":null}},"type":"if","locations":[{"start":{"line":34,"column":4},"end":{"line":38,"column":null}},{"start":{},"end":{}}],"line":34},"2":{"loc":{"start":{"line":34,"column":8},"end":{"line":34,"column":43}},"type":"binary-expr","locations":[{"start":{"line":34,"column":8},"end":{"line":34,"column":32}},{"start":{"line":34,"column":32},"end":{"line":34,"column":43}}],"line":34},"3":{"loc":{"start":{"line":43,"column":4},"end":{"line":52,"column":null}},"type":"if","locations":[{"start":{"line":43,"column":4},"end":{"line":52,"column":null}},{"start":{},"end":{}}],"line":43},"4":{"loc":{"start":{"line":66,"column":11},"end":{"line":67,"column":null}},"type":"binary-expr","locations":[{"start":{"line":66,"column":11},"end":{"line":66,"column":null}},{"start":{"line":67,"column":12},"end":{"line":67,"column":null}}],"line":66},"5":{"loc":{"start":{"line":79,"column":7},"end":{"line":134,"column":null}},"type":"cond-expr","locations":[{"start":{"line":80,"column":8},"end":{"line":89,"column":null}},{"start":{"line":91,"column":8},"end":{"line":134,"column":null}}],"line":79},"6":{"loc":{"start":{"line":137,"column":7},"end":{"line":176,"column":null}},"type":"binary-expr","locations":[{"start":{"line":137,"column":7},"end":{"line":137,"column":null}},{"start":{"line":138,"column":8},"end":{"line":176,"column":null}}],"line":137},"7":{"loc":{"start":{"line":182,"column":17},"end":{"line":182,"column":null}},"type":"cond-expr","locations":[{"start":{"line":182,"column":34},"end":{"line":182,"column":137}},{"start":{"line":182,"column":137},"end":{"line":182,"column":null}}],"line":182},"8":{"loc":{"start":{"line":185,"column":10},"end":{"line":187,"column":null}},"type":"if","locations":[{"start":{"line":185,"column":10},"end":{"line":187,"column":null}},{"start":{},"end":{}}],"line":185},"9":{"loc":{"start":{"line":185,"column":14},"end":{"line":185,"column":43}},"type":"binary-expr","locations":[{"start":{"line":185,"column":14},"end":{"line":185,"column":32}},{"start":{"line":185,"column":32},"end":{"line":185,"column":43}}],"line":185}},"s":{"0":20,"1":20,"2":20,"3":20,"4":20,"5":20,"6":20,"7":20,"8":20,"9":20,"10":1,"11":0,"12":19,"13":1,"14":1,"15":1,"16":1,"17":19,"18":0,"19":0,"20":0,"21":0,"22":0,"23":0,"24":0,"25":0,"26":0,"27":0,"28":0,"29":19,"30":1,"31":3,"32":0,"33":18,"34":0,"35":2,"36":2,"37":1,"38":1,"39":1,"40":1,"41":1,"42":1,"43":1,"44":1,"45":0,"46":0},"f":{"0":20,"1":20,"2":0,"3":1,"4":0,"5":0,"6":1,"7":3,"8":0,"9":18,"10":0,"11":2,"12":1,"13":1,"14":1,"15":1,"16":0},"b":{"0":[1,19],"1":[1,0],"2":[1,1],"3":[0,0],"4":[19,18],"5":[2,17],"6":[20,4],"7":[2,17],"8":[1,0],"9":[1,1]},"meta":{"lastBranch":10,"lastFunction":17,"lastStatement":47,"seen":{"f:8:24:8:38":0,"s:9:20:9:Infinity":0,"s:10:8:10:Infinity":1,"s:11:47:11:Infinity":2,"s:12:44:12:Infinity":3,"s:13:40:13:Infinity":4,"s:14:46:14:Infinity":5,"s:15:42:15:Infinity":6,"s:17:18:17:Infinity":7,"f:17:32:17:33":1,"s:17:39:17:57":8,"b:19:2:31:Infinity:undefined:undefined:undefined:undefined":0,"s:19:2:31:Infinity":9,"s:20:4:29:Infinity":10,"f:24:19:24:25":2,"s:24:25:24:Infinity":11,"s:33:29:39:Infinity":12,"f:33:29:33:35":3,"b:34:4:38:Infinity:undefined:undefined:undefined:undefined":1,"s:34:4:38:Infinity":13,"b:34:8:34:32:34:32:34:43":2,"s:35:6:35:Infinity":14,"s:36:6:36:Infinity":15,"s:37:6:37:Infinity":16,"s:41:29:53:Infinity":17,"f:41:29:41:30":4,"s:42:19:42:Infinity":18,"f:42:40:42:41":5,"s:42:47:42:64":19,"b:43:4:52:Infinity:undefined:undefined:undefined:undefined":3,"s:43:4:52:Infinity":20,"s:44:12:44:Infinity":21,"s:45:19:45:Infinity":22,"s:46:18:46:Infinity":23,"s:47:16:47:Infinity":24,"s:48:6:48:Infinity":25,"s:49:6:49:Infinity":26,"s:50:6:50:Infinity":27,"s:51:6:51:Infinity":28,"s:55:2:197:Infinity":29,"f:59:19:59:25":6,"s:59:25:59:Infinity":30,"b:66:11:66:Infinity:67:12:67:Infinity":4,"f:71:19:71:25":7,"s:71:25:71:Infinity":31,"b:80:8:89:Infinity:91:8:134:Infinity":5,"f:84:21:84:27":8,"s:84:27:84:Infinity":32,"f:92:31:92:32":9,"s:93:12:132:Infinity":33,"f:103:29:103:35":10,"s:103:35:103:Infinity":34,"f:110:29:110:35":11,"s:111:22:111:Infinity":35,"s:112:22:112:Infinity":36,"f:127:25:127:31":12,"s:127:31:127:Infinity":37,"b:137:7:137:Infinity:138:8:176:Infinity":6,"f:151:28:151:29":13,"s:151:35:151:Infinity":38,"f:158:27:158:33":14,"s:159:20:159:Infinity":39,"s:160:20:160:Infinity":40,"b:182:34:182:137:182:137:182:Infinity":7,"f:184:19:184:25":15,"b:185:10:187:Infinity:undefined:undefined:undefined:undefined":8,"s:185:10:187:Infinity":41,"b:185:14:185:32:185:32:185:43":9,"s:186:12:186:Infinity":42,"s:188:10:188:Infinity":43,"s:189:10:189:Infinity":44,"f:191:18:191:24":16,"s:192:10:192:Infinity":45,"s:193:10:193:Infinity":46}}}
,"/Users/ibeast/Documents/repos/nexus-architect/frontend/src/features/schema/SchemaEditor.tsx": {"path":"/Users/ibeast/Documents/repos/nexus-architect/frontend/src/features/schema/SchemaEditor.tsx","statementMap":{"0":{"start":{"line":30,"column":30},"end":{"line":30,"column":null}},"1":{"start":{"line":31,"column":8},"end":{"line":31,"column":null}},"2":{"start":{"line":32,"column":33},"end":{"line":32,"column":null}},"3":{"start":{"line":43,"column":2},"end":{"line":43,"column":null}},"4":{"start":{"line":45,"column":18},"end":{"line":45,"column":null}},"5":{"start":{"line":45,"column":39},"end":{"line":45,"column":57}},"6":{"start":{"line":46,"column":17},"end":{"line":46,"column":null}},"7":{"start":{"line":46,"column":46},"end":{"line":46,"column":63}},"8":{"start":{"line":49,"column":8},"end":{"line":49,"column":null}},"9":{"start":{"line":50,"column":8},"end":{"line":50,"column":null}},"10":{"start":{"line":52,"column":32},"end":{"line":52,"column":null}},"11":{"start":{"line":53,"column":34},"end":{"line":53,"column":null}},"12":{"start":{"line":54,"column":30},"end":{"line":54,"column":null}},"13":{"start":{"line":55,"column":46},"end":{"line":55,"column":null}},"14":{"start":{"line":56,"column":32},"end":{"line":56,"column":null}},"15":{"start":{"line":57,"column":32},"end":{"line":57,"column":null}},"16":{"start":{"line":58,"column":30},"end":{"line":58,"column":null}},"17":{"start":{"line":61,"column":2},"end":{"line":80,"column":null}},"18":{"start":{"line":62,"column":4},"end":{"line":62,"column":null}},"19":{"start":{"line":62,"column":19},"end":{"line":62,"column":null}},"20":{"start":{"line":65,"column":10},"end":{"line":65,"column":null}},"21":{"start":{"line":66,"column":4},"end":{"line":66,"column":null}},"22":{"start":{"line":67,"column":4},"end":{"line":67,"column":null}},"23":{"start":{"line":70,"column":4},"end":{"line":73,"column":null}},"24":{"start":{"line":76,"column":4},"end":{"line":79,"column":null}},"25":{"start":{"line":77,"column":6},"end":{"line":77,"column":null}},"26":{"start":{"line":78,"column":6},"end":{"line":78,"column":null}},"27":{"start":{"line":83,"column":2},"end":{"line":131,"column":null}},"28":{"start":{"line":84,"column":10},"end":{"line":86,"column":null}},"29":{"start":{"line":85,"column":6},"end":{"line":85,"column":null}},"30":{"start":{"line":88,"column":10},"end":{"line":95,"column":null}},"31":{"start":{"line":89,"column":6},"end":{"line":94,"column":null}},"32":{"start":{"line":90,"column":8},"end":{"line":93,"column":null}},"33":{"start":{"line":97,"column":10},"end":{"line":101,"column":null}},"34":{"start":{"line":98,"column":6},"end":{"line":100,"column":null}},"35":{"start":{"line":99,"column":8},"end":{"line":99,"column":null}},"36":{"start":{"line":103,"column":10},"end":{"line":120,"column":null}},"37":{"start":{"line":104,"column":6},"end":{"line":119,"column":null}},"38":{"start":{"line":106,"column":25},"end":{"line":106,"column":null}},"39":{"start":{"line":107,"column":8},"end":{"line":109,"column":null}},"40":{"start":{"line":108,"column":10},"end":{"line":108,"column":null}},"41":{"start":{"line":112,"column":8},"end":{"line":112,"column":null}},"42":{"start":{"line":113,"column":8},"end":{"line":113,"column":null}},"43":{"start":{"line":116,"column":8},"end":{"line":118,"column":null}},"44":{"start":{"line":117,"column":10},"end":{"line":117,"column":null}},"45":{"start":{"line":123,"column":4},"end":{"line":123,"column":null}},"46":{"start":{"line":125,"column":4},"end":{"line":130,"column":null}},"47":{"start":{"line":126,"column":6},"end":{"line":126,"column":null}},"48":{"start":{"line":127,"column":6},"end":{"line":127,"column":null}},"49":{"start":{"line":128,"column":6},"end":{"line":128,"column":null}},"50":{"start":{"line":129,"column":6},"end":{"line":129,"column":null}},"51":{"start":{"line":133,"column":2},"end":{"line":137,"column":null}},"52":{"start":{"line":134,"column":4},"end":{"line":136,"column":null}},"53":{"start":{"line":135,"column":6},"end":{"line":135,"column":null}},"54":{"start":{"line":139,"column":2},"end":{"line":151,"column":null}},"55":{"start":{"line":140,"column":4},"end":{"line":149,"column":null}},"56":{"start":{"line":144,"column":25},"end":{"line":144,"column":null}},"57":{"start":{"line":154,"column":8},"end":{"line":165,"column":null}},"58":{"start":{"line":155,"column":4},"end":{"line":155,"column":null}},"59":{"start":{"line":155,"column":33},"end":{"line":155,"column":null}},"60":{"start":{"line":158,"column":4},"end":{"line":158,"column":null}},"61":{"start":{"line":161,"column":4},"end":{"line":164,"column":null}},"62":{"start":{"line":162,"column":6},"end":{"line":162,"column":null}},"63":{"start":{"line":163,"column":6},"end":{"line":163,"column":null}},"64":{"start":{"line":167,"column":27},"end":{"line":180,"column":null}},"65":{"start":{"line":168,"column":35},"end":{"line":174,"column":null}},"66":{"start":{"line":175,"column":26},"end":{"line":178,"column":null}},"67":{"start":{"line":179,"column":4},"end":{"line":179,"column":null}},"68":{"start":{"line":182,"column":31},"end":{"line":194,"column":null}},"69":{"start":{"line":183,"column":43},"end":{"line":188,"column":null}},"70":{"start":{"line":189,"column":26},"end":{"line":192,"column":null}},"71":{"start":{"line":193,"column":4},"end":{"line":193,"column":null}},"72":{"start":{"line":196,"column":30},"end":{"line":208,"column":null}},"73":{"start":{"line":197,"column":41},"end":{"line":202,"column":null}},"74":{"start":{"line":203,"column":26},"end":{"line":206,"column":null}},"75":{"start":{"line":207,"column":4},"end":{"line":207,"column":null}},"76":{"start":{"line":210,"column":26},"end":{"line":219,"column":null}},"77":{"start":{"line":211,"column":17},"end":{"line":211,"column":null}},"78":{"start":{"line":212,"column":16},"end":{"line":212,"column":null}},"79":{"start":{"line":213,"column":14},"end":{"line":213,"column":null}},"80":{"start":{"line":214,"column":4},"end":{"line":214,"column":null}},"81":{"start":{"line":215,"column":4},"end":{"line":215,"column":null}},"82":{"start":{"line":216,"column":4},"end":{"line":216,"column":null}},"83":{"start":{"line":218,"column":4},"end":{"line":218,"column":null}},"84":{"start":{"line":218,"column":21},"end":{"line":218,"column":47}},"85":{"start":{"line":221,"column":38},"end":{"line":221,"column":null}},"86":{"start":{"line":223,"column":28},"end":{"line":226,"column":null}},"87":{"start":{"line":224,"column":10},"end":{"line":224,"column":null}},"88":{"start":{"line":225,"column":4},"end":{"line":225,"column":null}},"89":{"start":{"line":228,"column":27},"end":{"line":242,"column":null}},"90":{"start":{"line":229,"column":4},"end":{"line":229,"column":null}},"91":{"start":{"line":230,"column":4},"end":{"line":230,"column":null}},"92":{"start":{"line":231,"column":19},"end":{"line":234,"column":null}},"93":{"start":{"line":235,"column":4},"end":{"line":235,"column":null}},"94":{"start":{"line":237,"column":4},"end":{"line":241,"column":null}},"95":{"start":{"line":238,"column":6},"end":{"line":238,"column":null}},"96":{"start":{"line":240,"column":6},"end":{"line":240,"column":null}},"97":{"start":{"line":244,"column":2},"end":{"line":520,"column":null}},"98":{"start":{"line":248,"column":25},"end":{"line":248,"column":null}},"99":{"start":{"line":283,"column":14},"end":{"line":293,"column":null}},"100":{"start":{"line":285,"column":31},"end":{"line":285,"column":null}},"101":{"start":{"line":318,"column":20},"end":{"line":333,"column":null}},"102":{"start":{"line":359,"column":20},"end":{"line":370,"column":null}},"103":{"start":{"line":396,"column":20},"end":{"line":406,"column":null}},"104":{"start":{"line":423,"column":37},"end":{"line":423,"column":null}},"105":{"start":{"line":469,"column":35},"end":{"line":469,"column":null}},"106":{"start":{"line":508,"column":24},"end":{"line":510,"column":null}}},"fnMap":{"0":{"name":"SchemaEditor","decl":{"start":{"line":29,"column":24},"end":{"line":29,"column":39}},"loc":{"start":{"line":29,"column":39},"end":{"line":522,"column":null}},"line":29},"1":{"name":"(anonymous_1)","decl":{"start":{"line":45,"column":32},"end":{"line":45,"column":33}},"loc":{"start":{"line":45,"column":39},"end":{"line":45,"column":57}},"line":45},"2":{"name":"(anonymous_2)","decl":{"start":{"line":46,"column":39},"end":{"line":46,"column":40}},"loc":{"start":{"line":46,"column":46},"end":{"line":46,"column":63}},"line":46},"3":{"name":"(anonymous_3)","decl":{"start":{"line":61,"column":12},"end":{"line":61,"column":18}},"loc":{"start":{"line":61,"column":18},"end":{"line":80,"column":5}},"line":61},"4":{"name":"(anonymous_4)","decl":{"start":{"line":76,"column":11},"end":{"line":76,"column":17}},"loc":{"start":{"line":76,"column":17},"end":{"line":79,"column":null}},"line":76},"5":{"name":"(anonymous_5)","decl":{"start":{"line":83,"column":12},"end":{"line":83,"column":18}},"loc":{"start":{"line":83,"column":18},"end":{"line":131,"column":5}},"line":83},"6":{"name":"(anonymous_6)","decl":{"start":{"line":84,"column":47},"end":{"line":84,"column":48}},"loc":{"start":{"line":84,"column":62},"end":{"line":86,"column":5}},"line":84},"7":{"name":"(anonymous_7)","decl":{"start":{"line":88,"column":41},"end":{"line":88,"column":42}},"loc":{"start":{"line":88,"column":51},"end":{"line":95,"column":5}},"line":88},"8":{"name":"(anonymous_8)","decl":{"start":{"line":97,"column":37},"end":{"line":97,"column":38}},"loc":{"start":{"line":97,"column":47},"end":{"line":101,"column":5}},"line":97},"9":{"name":"(anonymous_9)","decl":{"start":{"line":103,"column":47},"end":{"line":103,"column":48}},"loc":{"start":{"line":103,"column":57},"end":{"line":120,"column":5}},"line":103},"10":{"name":"(anonymous_10)","decl":{"start":{"line":116,"column":19},"end":{"line":116,"column":25}},"loc":{"start":{"line":116,"column":25},"end":{"line":118,"column":11}},"line":116},"11":{"name":"(anonymous_11)","decl":{"start":{"line":125,"column":11},"end":{"line":125,"column":17}},"loc":{"start":{"line":125,"column":17},"end":{"line":130,"column":null}},"line":125},"12":{"name":"(anonymous_12)","decl":{"start":{"line":133,"column":12},"end":{"line":133,"column":18}},"loc":{"start":{"line":133,"column":18},"end":{"line":137,"column":5}},"line":133},"13":{"name":"(anonymous_13)","decl":{"start":{"line":144,"column":19},"end":{"line":144,"column":25}},"loc":{"start":{"line":144,"column":25},"end":{"line":144,"column":null}},"line":144},"14":{"name":"(anonymous_14)","decl":{"start":{"line":154,"column":48},"end":{"line":154,"column":49}},"loc":{"start":{"line":154,"column":78},"end":{"line":165,"column":5}},"line":154},"15":{"name":"(anonymous_15)","decl":{"start":{"line":167,"column":27},"end":{"line":167,"column":33}},"loc":{"start":{"line":167,"column":33},"end":{"line":180,"column":null}},"line":167},"16":{"name":"(anonymous_16)","decl":{"start":{"line":182,"column":31},"end":{"line":182,"column":37}},"loc":{"start":{"line":182,"column":37},"end":{"line":194,"column":null}},"line":182},"17":{"name":"(anonymous_17)","decl":{"start":{"line":196,"column":30},"end":{"line":196,"column":36}},"loc":{"start":{"line":196,"column":36},"end":{"line":208,"column":null}},"line":196},"18":{"name":"(anonymous_18)","decl":{"start":{"line":210,"column":26},"end":{"line":210,"column":32}},"loc":{"start":{"line":210,"column":32},"end":{"line":219,"column":null}},"line":210},"19":{"name":"(anonymous_19)","decl":{"start":{"line":218,"column":15},"end":{"line":218,"column":21}},"loc":{"start":{"line":218,"column":21},"end":{"line":218,"column":47}},"line":218},"20":{"name":"(anonymous_20)","decl":{"start":{"line":223,"column":28},"end":{"line":223,"column":34}},"loc":{"start":{"line":223,"column":34},"end":{"line":226,"column":null}},"line":223},"21":{"name":"(anonymous_21)","decl":{"start":{"line":228,"column":27},"end":{"line":228,"column":39}},"loc":{"start":{"line":228,"column":39},"end":{"line":242,"column":null}},"line":228},"22":{"name":"(anonymous_22)","decl":{"start":{"line":248,"column":19},"end":{"line":248,"column":25}},"loc":{"start":{"line":248,"column":25},"end":{"line":248,"column":null}},"line":248},"23":{"name":"(anonymous_23)","decl":{"start":{"line":282,"column":18},"end":{"line":282,"column":19}},"loc":{"start":{"line":283,"column":14},"end":{"line":293,"column":null}},"line":283},"24":{"name":"(anonymous_24)","decl":{"start":{"line":285,"column":25},"end":{"line":285,"column":31}},"loc":{"start":{"line":285,"column":31},"end":{"line":285,"column":null}},"line":285},"25":{"name":"(anonymous_25)","decl":{"start":{"line":317,"column":39},"end":{"line":317,"column":40}},"loc":{"start":{"line":318,"column":20},"end":{"line":333,"column":null}},"line":318},"26":{"name":"(anonymous_26)","decl":{"start":{"line":358,"column":43},"end":{"line":358,"column":44}},"loc":{"start":{"line":359,"column":20},"end":{"line":370,"column":null}},"line":359},"27":{"name":"(anonymous_27)","decl":{"start":{"line":395,"column":42},"end":{"line":395,"column":43}},"loc":{"start":{"line":396,"column":20},"end":{"line":406,"column":null}},"line":396},"28":{"name":"(anonymous_28)","decl":{"start":{"line":423,"column":30},"end":{"line":423,"column":31}},"loc":{"start":{"line":423,"column":37},"end":{"line":423,"column":null}},"line":423},"29":{"name":"(anonymous_29)","decl":{"start":{"line":469,"column":28},"end":{"line":469,"column":29}},"loc":{"start":{"line":469,"column":35},"end":{"line":469,"column":null}},"line":469},"30":{"name":"(anonymous_30)","decl":{"start":{"line":507,"column":51},"end":{"line":507,"column":52}},"loc":{"start":{"line":508,"column":24},"end":{"line":510,"column":null}},"line":508}},"branchMap":{"0":{"loc":{"start":{"line":62,"column":4},"end":{"line":62,"column":null}},"type":"if","locations":[{"start":{"line":62,"column":4},"end":{"line":62,"column":null}},{"start":{},"end":{}}],"line":62},"1":{"loc":{"start":{"line":65,"column":10},"end":{"line":65,"column":null}},"type":"binary-expr","locations":[{"start":{"line":65,"column":10},"end":{"line":65,"column":36}},{"start":{"line":65,"column":36},"end":{"line":65,"column":null}}],"line":65},"2":{"loc":{"start":{"line":89,"column":6},"end":{"line":94,"column":null}},"type":"if","locations":[{"start":{"line":89,"column":6},"end":{"line":94,"column":null}},{"start":{},"end":{}}],"line":89},"3":{"loc":{"start":{"line":98,"column":6},"end":{"line":100,"column":null}},"type":"if","locations":[{"start":{"line":98,"column":6},"end":{"line":100,"column":null}},{"start":{},"end":{}}],"line":98},"4":{"loc":{"start":{"line":104,"column":6},"end":{"line":119,"column":null}},"type":"if","locations":[{"start":{"line":104,"column":6},"end":{"line":119,"column":null}},{"start":{},"end":{}}],"line":104},"5":{"loc":{"start":{"line":104,"column":10},"end":{"line":104,"column":51}},"type":"binary-expr","locations":[{"start":{"line":104,"column":10},"end":{"line":104,"column":40}},{"start":{"line":104,"column":40},"end":{"line":104,"column":51}}],"line":104},"6":{"loc":{"start":{"line":107,"column":8},"end":{"line":109,"column":null}},"type":"if","locations":[{"start":{"line":107,"column":8},"end":{"line":109,"column":null}},{"start":{},"end":{}}],"line":107},"7":{"loc":{"start":{"line":134,"column":4},"end":{"line":136,"column":null}},"type":"if","locations":[{"start":{"line":134,"column":4},"end":{"line":136,"column":null}},{"start":{},"end":{}}],"line":134},"8":{"loc":{"start":{"line":139,"column":2},"end":{"line":151,"column":null}},"type":"if","locations":[{"start":{"line":139,"column":2},"end":{"line":151,"column":null}},{"start":{},"end":{}}],"line":139},"9":{"loc":{"start":{"line":139,"column":6},"end":{"line":139,"column":27}},"type":"binary-expr","locations":[{"start":{"line":139,"column":6},"end":{"line":139,"column":18}},{"start":{"line":139,"column":18},"end":{"line":139,"column":27}}],"line":139},"10":{"loc":{"start":{"line":155,"column":4},"end":{"line":155,"column":null}},"type":"if","locations":[{"start":{"line":155,"column":4},"end":{"line":155,"column":null}},{"start":{},"end":{}}],"line":155},"11":{"loc":{"start":{"line":155,"column":8},"end":{"line":155,"column":33}},"type":"binary-expr","locations":[{"start":{"line":155,"column":8},"end":{"line":155,"column":22}},{"start":{"line":155,"column":22},"end":{"line":155,"column":33}}],"line":155},"12":{"loc":{"start":{"line":161,"column":4},"end":{"line":164,"column":null}},"type":"if","locations":[{"start":{"line":161,"column":4},"end":{"line":164,"column":null}},{"start":{},"end":{}}],"line":161},"13":{"loc":{"start":{"line":237,"column":4},"end":{"line":241,"column":null}},"type":"if","locations":[{"start":{"line":237,"column":4},"end":{"line":241,"column":null}},{"start":{"line":239,"column":11},"end":{"line":241,"column":null}}],"line":237},"14":{"loc":{"start":{"line":240,"column":22},"end":{"line":240,"column":62}},"type":"binary-expr","locations":[{"start":{"line":240,"column":22},"end":{"line":240,"column":38}},{"start":{"line":240,"column":38},"end":{"line":240,"column":62}}],"line":240},"15":{"loc":{"start":{"line":287,"column":18},"end":{"line":289,"column":null}},"type":"cond-expr","locations":[{"start":{"line":288,"column":22},"end":{"line":288,"column":null}},{"start":{"line":289,"column":22},"end":{"line":289,"column":null}}],"line":287},"16":{"loc":{"start":{"line":299,"column":11},"end":{"line":337,"column":null}},"type":"binary-expr","locations":[{"start":{"line":299,"column":11},"end":{"line":299,"column":null}},{"start":{"line":300,"column":12},"end":{"line":337,"column":null}}],"line":299},"17":{"loc":{"start":{"line":313,"column":15},"end":{"line":335,"column":null}},"type":"cond-expr","locations":[{"start":{"line":314,"column":16},"end":{"line":314,"column":null}},{"start":{"line":316,"column":16},"end":{"line":335,"column":null}}],"line":313},"18":{"loc":{"start":{"line":340,"column":11},"end":{"line":374,"column":null}},"type":"binary-expr","locations":[{"start":{"line":340,"column":11},"end":{"line":340,"column":null}},{"start":{"line":341,"column":12},"end":{"line":374,"column":null}}],"line":340},"19":{"loc":{"start":{"line":354,"column":15},"end":{"line":372,"column":null}},"type":"cond-expr","locations":[{"start":{"line":355,"column":16},"end":{"line":355,"column":null}},{"start":{"line":357,"column":16},"end":{"line":372,"column":null}}],"line":354},"20":{"loc":{"start":{"line":377,"column":11},"end":{"line":410,"column":null}},"type":"binary-expr","locations":[{"start":{"line":377,"column":11},"end":{"line":377,"column":null}},{"start":{"line":378,"column":12},"end":{"line":410,"column":null}}],"line":377},"21":{"loc":{"start":{"line":391,"column":15},"end":{"line":408,"column":null}},"type":"cond-expr","locations":[{"start":{"line":392,"column":16},"end":{"line":392,"column":null}},{"start":{"line":394,"column":16},"end":{"line":408,"column":null}}],"line":391},"22":{"loc":{"start":{"line":413,"column":11},"end":{"line":455,"column":null}},"type":"binary-expr","locations":[{"start":{"line":413,"column":11},"end":{"line":413,"column":null}},{"start":{"line":414,"column":12},"end":{"line":455,"column":null}}],"line":413},"23":{"loc":{"start":{"line":433,"column":27},"end":{"line":433,"column":75}},"type":"cond-expr","locations":[{"start":{"line":433,"column":39},"end":{"line":433,"column":57}},{"start":{"line":433,"column":57},"end":{"line":433,"column":75}}],"line":433},"24":{"loc":{"start":{"line":437,"column":15},"end":{"line":440,"column":null}},"type":"binary-expr","locations":[{"start":{"line":437,"column":15},"end":{"line":437,"column":null}},{"start":{"line":438,"column":16},"end":{"line":440,"column":null}}],"line":437},"25":{"loc":{"start":{"line":445,"column":15},"end":{"line":453,"column":null}},"type":"binary-expr","locations":[{"start":{"line":445,"column":15},"end":{"line":445,"column":null}},{"start":{"line":446,"column":16},"end":{"line":453,"column":null}}],"line":445},"26":{"loc":{"start":{"line":458,"column":11},"end":{"line":516,"column":null}},"type":"binary-expr","locations":[{"start":{"line":458,"column":11},"end":{"line":458,"column":null}},{"start":{"line":459,"column":12},"end":{"line":516,"column":null}}],"line":458},"27":{"loc":{"start":{"line":480,"column":15},"end":{"line":514,"column":null}},"type":"binary-expr","locations":[{"start":{"line":480,"column":15},"end":{"line":480,"column":null}},{"start":{"line":481,"column":16},"end":{"line":514,"column":null}}],"line":480},"28":{"loc":{"start":{"line":483,"column":20},"end":{"line":485,"column":null}},"type":"cond-expr","locations":[{"start":{"line":484,"column":24},"end":{"line":484,"column":null}},{"start":{"line":485,"column":24},"end":{"line":485,"column":null}}],"line":483},"29":{"loc":{"start":{"line":489,"column":21},"end":{"line":502,"column":null}},"type":"cond-expr","locations":[{"start":{"line":490,"column":22},"end":{"line":495,"column":null}},{"start":{"line":497,"column":22},"end":{"line":502,"column":null}}],"line":489},"30":{"loc":{"start":{"line":505,"column":19},"end":{"line":512,"column":null}},"type":"binary-expr","locations":[{"start":{"line":505,"column":19},"end":{"line":505,"column":null}},{"start":{"line":506,"column":20},"end":{"line":512,"column":null}}],"line":505}},"s":{"0":0,"1":0,"2":0,"3":0,"4":0,"5":0,"6":0,"7":0,"8":0,"9":0,"10":0,"11":0,"12":0,"13":0,"14":0,"15":0,"16":0,"17":0,"18":0,"19":0,"20":0,"21":0,"22":0,"23":0,"24":0,"25":0,"26":0,"27":0,"28":0,"29":0,"30":0,"31":0,"32":0,"33":0,"34":0,"35":0,"36":0,"37":0,"38":0,"39":0,"40":0,"41":0,"42":0,"43":0,"44":0,"45":0,"46":0,"47":0,"48":0,"49":0,"50":0,"51":0,"52":0,"53":0,"54":0,"55":0,"56":0,"57":0,"58":0,"59":0,"60":0,"61":0,"62":0,"63":0,"64":0,"65":0,"66":0,"67":0,"68":0,"69":0,"70":0,"71":0,"72":0,"73":0,"74":0,"75":0,"76":0,"77":0,"78":0,"79":0,"80":0,"81":0,"82":0,"83":0,"84":0,"85":0,"86":0,"87":0,"88":0,"89":0,"90":0,"91":0,"92":0,"93":0,"94":0,"95":0,"96":0,"97":0,"98":0,"99":0,"100":0,"101":0,"102":0,"103":0,"104":0,"105":0,"106":0},"f":{"0":0,"1":0,"2":0,"3":0,"4":0,"5":0,"6":0,"7":0,"8":0,"9":0,"10":0,"11":0,"12":0,"13":0,"14":0,"15":0,"16":0,"17":0,"18":0,"19":0,"20":0,"21":0,"22":0,"23":0,"24":0,"25":0,"26":0,"27":0,"28":0,"29":0,"30":0},"b":{"0":[0,0],"1":[0,0],"2":[0,0],"3":[0,0],"4":[0,0],"5":[0,0],"6":[0,0],"7":[0,0],"8":[0,0],"9":[0,0],"10":[0,0],"11":[0,0],"12":[0,0],"13":[0,0],"14":[0,0],"15":[0,0],"16":[0,0],"17":[0,0],"18":[0,0],"19":[0,0],"20":[0,0],"21":[0,0],"22":[0,0],"23":[0,0],"24":[0,0],"25":[0,0],"26":[0,0],"27":[0,0],"28":[0,0],"29":[0,0],"30":[0,0]},"meta":{"lastBranch":31,"lastFunction":31,"lastStatement":107,"seen":{"f:29:24:29:39":0,"s:30:30:30:Infinity":0,"s:31:8:31:Infinity":1,"s:32:33:32:Infinity":2,"s:43:2:43:Infinity":3,"s:45:18:45:Infinity":4,"f:45:32:45:33":1,"s:45:39:45:57":5,"s:46:17:46:Infinity":6,"f:46:39:46:40":2,"s:46:46:46:63":7,"s:49:8:49:Infinity":8,"s:50:8:50:Infinity":9,"s:52:32:52:Infinity":10,"s:53:34:53:Infinity":11,"s:54:30:54:Infinity":12,"s:55:46:55:Infinity":13,"s:56:32:56:Infinity":14,"s:57:32:57:Infinity":15,"s:58:30:58:Infinity":16,"s:61:2:80:Infinity":17,"f:61:12:61:18":3,"b:62:4:62:Infinity:undefined:undefined:undefined:undefined":0,"s:62:4:62:Infinity":18,"s:62:19:62:Infinity":19,"s:65:10:65:Infinity":20,"b:65:10:65:36:65:36:65:Infinity":1,"s:66:4:66:Infinity":21,"s:67:4:67:Infinity":22,"s:70:4:73:Infinity":23,"s:76:4:79:Infinity":24,"f:76:11:76:17":4,"s:77:6:77:Infinity":25,"s:78:6:78:Infinity":26,"s:83:2:131:Infinity":27,"f:83:12:83:18":5,"s:84:10:86:Infinity":28,"f:84:47:84:48":6,"s:85:6:85:Infinity":29,"s:88:10:95:Infinity":30,"f:88:41:88:42":7,"b:89:6:94:Infinity:undefined:undefined:undefined:undefined":2,"s:89:6:94:Infinity":31,"s:90:8:93:Infinity":32,"s:97:10:101:Infinity":33,"f:97:37:97:38":8,"b:98:6:100:Infinity:undefined:undefined:undefined:undefined":3,"s:98:6:100:Infinity":34,"s:99:8:99:Infinity":35,"s:103:10:120:Infinity":36,"f:103:47:103:48":9,"b:104:6:119:Infinity:undefined:undefined:undefined:undefined":4,"s:104:6:119:Infinity":37,"b:104:10:104:40:104:40:104:51":5,"s:106:25:106:Infinity":38,"b:107:8:109:Infinity:undefined:undefined:undefined:undefined":6,"s:107:8:109:Infinity":39,"s:108:10:108:Infinity":40,"s:112:8:112:Infinity":41,"s:113:8:113:Infinity":42,"s:116:8:118:Infinity":43,"f:116:19:116:25":10,"s:117:10:117:Infinity":44,"s:123:4:123:Infinity":45,"s:125:4:130:Infinity":46,"f:125:11:125:17":11,"s:126:6:126:Infinity":47,"s:127:6:127:Infinity":48,"s:128:6:128:Infinity":49,"s:129:6:129:Infinity":50,"s:133:2:137:Infinity":51,"f:133:12:133:18":12,"b:134:4:136:Infinity:undefined:undefined:undefined:undefined":7,"s:134:4:136:Infinity":52,"s:135:6:135:Infinity":53,"b:139:2:151:Infinity:undefined:undefined:undefined:undefined":8,"s:139:2:151:Infinity":54,"b:139:6:139:18:139:18:139:27":9,"s:140:4:149:Infinity":55,"f:144:19:144:25":13,"s:144:25:144:Infinity":56,"s:154:8:165:Infinity":57,"f:154:48:154:49":14,"b:155:4:155:Inf
[...]
,"/Users/ibeast/Documents/repos/nexus-architect/frontend/src/stores/collaborationStore.ts": {"path":"/Users/ibeast/Documents/repos/nexus-architect/frontend/src/stores/collaborationStore.ts","statementMap":{"0":{"start":{"line":21,"column":13},"end":{"line":57,"column":null}},"1":{"start":{"line":21,"column":76},"end":{"line":57,"column":2}},"2":{"start":{"line":27,"column":4},"end":{"line":27,"column":null}},"3":{"start":{"line":31,"column":4},"end":{"line":37,"column":null}},"4":{"start":{"line":33,"column":6},"end":{"line":35,"column":null}},"5":{"start":{"line":33,"column":40},"end":{"line":33,"column":56}},"6":{"start":{"line":34,"column":8},"end":{"line":34,"column":null}},"7":{"start":{"line":36,"column":6},"end":{"line":36,"column":null}},"8":{"start":{"line":41,"column":4},"end":{"line":43,"column":null}},"9":{"start":{"line":41,"column":20},"end":{"line":43,"column":6}},"10":{"start":{"line":42,"column":51},"end":{"line":42,"column":66}},"11":{"start":{"line":47,"column":4},"end":{"line":47,"column":null}},"12":{"start":{"line":51,"column":4},"end":{"line":51,"column":null}},"13":{"start":{"line":55,"column":4},"end":{"line":55,"column":null}}},"fnMap":{"0":{"name":"(anonymous_0)","decl":{"start":{"line":21,"column":66},"end":{"line":21,"column":67}},"loc":{"start":{"line":21,"column":76},"end":{"line":57,"column":2}},"line":21},"1":{"name":"(anonymous_1)","decl":{"start":{"line":26,"column":18},"end":{"line":26,"column":19}},"loc":{"start":{"line":26,"column":50},"end":{"line":28,"column":null}},"line":26},"2":{"name":"(anonymous_2)","decl":{"start":{"line":30,"column":11},"end":{"line":30,"column":12}},"loc":{"start":{"line":30,"column":40},"end":{"line":38,"column":null}},"line":30},"3":{"name":"(anonymous_3)","decl":{"start":{"line":31,"column":8},"end":{"line":31,"column":9}},"loc":{"start":{"line":31,"column":19},"end":{"line":37,"column":5}},"line":31},"4":{"name":"(anonymous_4)","decl":{"start":{"line":33,"column":33},"end":{"line":33,"column":34}},"loc":{"start":{"line":33,"column":40},"end":{"line":33,"column":56}},"line":33},"5":{"name":"(anonymous_5)","decl":{"start":{"line":40,"column":14},"end":{"line":40,"column":15}},"loc":{"start":{"line":40,"column":34},"end":{"line":44,"column":null}},"line":40},"6":{"name":"(anonymous_6)","decl":{"start":{"line":41,"column":8},"end":{"line":41,"column":9}},"loc":{"start":{"line":41,"column":20},"end":{"line":43,"column":6}},"line":41},"7":{"name":"(anonymous_7)","decl":{"start":{"line":42,"column":44},"end":{"line":42,"column":45}},"loc":{"start":{"line":42,"column":51},"end":{"line":42,"column":66}},"line":42},"8":{"name":"(anonymous_8)","decl":{"start":{"line":46,"column":16},"end":{"line":46,"column":17}},"loc":{"start":{"line":46,"column":40},"end":{"line":48,"column":null}},"line":46},"9":{"name":"(anonymous_9)","decl":{"start":{"line":50,"column":18},"end":{"line":50,"column":19}},"loc":{"start":{"line":50,"column":43},"end":{"line":52,"column":null}},"line":50},"10":{"name":"(anonymous_10)","decl":{"start":{"line":54,"column":22},"end":{"line":54,"column":28}},"loc":{"start":{"line":54,"column":28},"end":{"line":56,"column":null}},"line":54}},"branchMap":{"0":{"loc":{"start":{"line":33,"column":6},"end":{"line":35,"column":null}},"type":"if","locations":[{"start":{"line":33,"column":6},"end":{"line":35,"column":null}},{"start":{},"end":{}}],"line":33}},"s":{"0":6,"1":6,"2":0,"3":0,"4":0,"5":0,"6":0,"7":0,"8":0,"9":0,"10":0,"11":0,"12":0,"13":0},"f":{"0":6,"1":0,"2":0,"3":0,"4":0,"5":0,"6":0,"7":0,"8":0,"9":0,"10":0},"b":{"0":[0,0]},"meta":{"lastBranch":1,"lastFunction":11,"lastStatement":14,"seen":{"s:21:13:57:Infinity":0,"f:21:66:21:67":0,"s:21:76:57:2":1,"f:26:18:26:19":1,"s:27:4:27:Infinity":2,"f:30:11:30:12":2,"s:31:4:37:Infinity":3,"f:31:8:31:9":3,"b:33:6:35:Infinity:undefined:undefined:undefined:undefined":0,"s:33:6:35:Infinity":4,"f:33:33:33:34":4,"s:33:40:33:56":5,"s:34:8:34:Infinity":6,"s:36:6:36:Infinity":7,"f:40:14:40:15":5,"s:41:4:43:Infinity":8,"f:41:8:41:9":6,"s:41:20:43:6":9,"f:42:44:42:45":7,"s:42:51:42:66":10,"f:46:16:46:17":8,"s:47:4:47:Infinity":11,"f:50:18:50:19":9,"s:51:4:51:Infinity":12,"f:54:22:54:28":10,"s:55:4:55:Infinity":13}}}
,"/Users/ibeast/Documents/repos/nexus-architect/frontend/src/stores/index.ts": {"path":"/Users/ibeast/Documents/repos/nexus-architect/frontend/src/stores/index.ts","statementMap":{},"fnMap":{},"branchMap":{},"s":{},"f":{},"b":{},"meta":{"lastBranch":0,"lastFunction":0,"lastStatement":0,"seen":{}}}
,"/Users/ibeast/Documents/repos/nexus-architect/frontend/src/stores/projectStore.ts": {"path":"/Users/ibeast/Documents/repos/nexus-architect/frontend/src/stores/projectStore.ts","statementMap":{"0":{"start":{"line":25,"column":13},"end":{"line":137,"column":null}},"1":{"start":{"line":27,"column":19},"end":{"line":131,"column":null}},"2":{"start":{"line":33,"column":39},"end":{"line":40,"column":null}},"3":{"start":{"line":41,"column":8},"end":{"line":43,"column":null}},"4":{"start":{"line":41,"column":24},"end":{"line":43,"column":10}},"5":{"start":{"line":47,"column":8},"end":{"line":51,"column":null}},"6":{"start":{"line":47,"column":24},"end":{"line":51,"column":10}},"7":{"start":{"line":48,"column":49},"end":{"line":48,"column":67}},"8":{"start":{"line":55,"column":8},"end":{"line":55,"column":null}},"9":{"start":{"line":59,"column":37},"end":{"line":68,"column":null}},"10":{"start":{"line":70,"column":8},"end":{"line":76,"column":null}},"11":{"start":{"line":70,"column":24},"end":{"line":76,"column":10}},"12":{"start":{"line":72,"column":12},"end":{"line":74,"column":null}},"13":{"start":{"line":80,"column":8},"end":{"line":92,"column":null}},"14":{"start":{"line":80,"column":24},"end":{"line":92,"column":10}},"15":{"start":{"line":82,"column":12},"end":{"line":88,"column":null}},"16":{"start":{"line":85,"column":51},"end":{"line":85,"column":68}},"17":{"start":{"line":96,"column":8},"end":{"line":108,"column":null}},"18":{"start":{"line":96,"column":24},"end":{"line":108,"column":10}},"19":{"start":{"line":98,"column":12},"end":{"line":106,"column":null}},"20":{"start":{"line":102,"column":20},"end":{"line":102,"column":null}},"21":{"start":{"line":112,"column":8},"end":{"line":112,"column":null}},"22":{"start":{"line":116,"column":24},"end":{"line":116,"column":null}},"23":{"start":{"line":116,"column":51},"end":{"line":116,"column":69}},"24":{"start":{"line":117,"column":8},"end":{"line":117,"column":null}},"25":{"start":{"line":121,"column":8},"end":{"line":129,"column":null}},"26":{"start":{"line":122,"column":26},"end":{"line":122,"column":null}},"27":{"start":{"line":123,"column":10},"end":{"line":123,"column":null}},"28":{"start":{"line":124,"column":10},"end":{"line":126,"column":null}},"29":{"start":{"line":124,"column":26},"end":{"line":126,"column":12}},"30":{"start":{"line":128,"column":10},"end":{"line":128,"column":null}},"31":{"start":{"line":134,"column":33},"end":{"line":134,"column":66}},"32":{"start":{"line":143,"column":24},"end":{"line":143,"column":null}}},"fnMap":{"0":{"name":"(anonymous_0)","decl":{"start":{"line":27,"column":4},"end":{"line":27,"column":5}},"loc":{"start":{"line":27,"column":19},"end":{"line":131,"column":null}},"line":27},"1":{"name":"(anonymous_1)","decl":{"start":{"line":32,"column":21},"end":{"line":32,"column":22}},"loc":{"start":{"line":32,"column":61},"end":{"line":44,"column":null}},"line":32},"2":{"name":"(anonymous_2)","decl":{"start":{"line":41,"column":12},"end":{"line":41,"column":13}},"loc":{"start":{"line":41,"column":24},"end":{"line":43,"column":10}},"line":41},"3":{"name":"(anonymous_3)","decl":{"start":{"line":46,"column":21},"end":{"line":46,"column":22}},"loc":{"start":{"line":46,"column":44},"end":{"line":52,"column":null}},"line":46},"4":{"name":"(anonymous_4)","decl":{"start":{"line":47,"column":12},"end":{"line":47,"column":13}},"loc":{"start":{"line":47,"column":24},"end":{"line":51,"column":10}},"line":47},"5":{"name":"(anonymous_5)","decl":{"start":{"line":48,"column":42},"end":{"line":48,"column":43}},"loc":{"start":{"line":48,"column":49},"end":{"line":48,"column":67}},"line":48},"6":{"name":"(anonymous_6)","decl":{"start":{"line":54,"column":25},"end":{"line":54,"column":26}},"loc":{"start":{"line":54,"column":57},"end":{"line":56,"column":null}},"line":54},"7":{"name":"(anonymous_7)","decl":{"start":{"line":58,"column":20},"end":{"line":58,"column":21}},"loc":{"start":{"line":58,"column":57},"end":{"line":77,"column":null}},"line":58},"8":{"name":"(anonymous_8)","decl":{"start":{"line":70,"column":12},"end":{"line":70,"column":13}},"loc":{"start":{"line":70,"column":24},"end":{"line":76,"column":10}},"line":70},"9":{"name":"(anonymous_9)","decl":{"start":{"line":71,"column":39},"end":{"line":71,"column":40}},"loc":{"start":{"line":72,"column":12},"end":{"line":74,"column":null}},"line":72},"10":{"name":"(anonymous_10)","decl":{"start":{"line":79,"column":20},"end":{"line":79,"column":21}},"loc":{"start":{"line":79,"column":61},"end":{"line":93,"column":null}},"line":79},"11":{"name":"(anonymous_11)","decl":{"start":{"line":80,"column":12},"end":{"line":80,"column":13}},"loc":{"start":{"line":80,"column":24},"end":{"line":92,"column":10}},"line":80},"12":{"name":"(anonymous_12)","decl":{"start":{"line":81,"column":39},"end":{"line":81,"column":40}},"loc":{"start":{"line":82,"column":12},"end":{"line":88,"column":null}},"line":82},"13":{"name":"(anonymous_13)","decl":{"start":{"line":85,"column":44},"end":{"line":85,"column":45}},"loc":{"start":{"line":85,"column":51},"end":{"line":85,"column":68}},"line":85},"14":{"name":"(anonymous_14)","decl":{"start":{"line":95,"column":20},"end":{"line":95,"column":21}},"loc":{"start":{"line":95,"column":62},"end":{"line":109,"column":null}},"line":95},"15":{"name":"(anonymous_15)","decl":{"start":{"line":96,"column":12},"end":{"line":96,"column":13}},"loc":{"start":{"line":96,"column":24},"end":{"line":108,"column":10}},"line":96},"16":{"name":"(anonymous_16)","decl":{"start":{"line":97,"column":39},"end":{"line":97,"column":40}},"loc":{"start":{"line":98,"column":12},"end":{"line":106,"column":null}},"line":98},"17":{"name":"(anonymous_17)","decl":{"start":{"line":101,"column":41},"end":{"line":101,"column":42}},"loc":{"start":{"line":102,"column":20},"end":{"line":102,"column":null}},"line":102},"18":{"name":"(anonymous_18)","decl":{"start":{"line":111,"column":24},"end":{"line":111,"column":25}},"loc":{"start":{"line":111,"column":54},"end":{"line":113,"column":null}},"line":111},"19":{"name":"(anonymous_19)","decl":{"start":{"line":115,"column":21},"end":{"line":115,"column":22}},"loc":{"start":{"line":115,"column":44},"end":{"line":118,"column":null}},"line":115},"20":{"name":"(anonymous_20)","decl":{"start":{"line":116,"column":44},"end":{"line":116,"column":45}},"loc":{"start":{"line":116,"column":51},"end":{"line":116,"column":69}},"line":116},"21":{"name":"(anonymous_21)","decl":{"start":{"line":120,"column":21},"end":{"line":120,"column":22}},"loc":{"start":{"line":120,"column":46},"end":{"line":130,"column":null}},"line":120},"22":{"name":"(anonymous_22)","decl":{"start":{"line":124,"column":14},"end":{"line":124,"column":15}},"loc":{"start":{"line":124,"column":26},"end":{"line":126,"column":12}},"line":124},"23":{"name":"(anonymous_23)","decl":{"start":{"line":134,"column":33},"end":{"line":134,"column":39}},"loc":{"start":{"line":134,"column":33},"end":{"line":134,"column":66}},"line":134}},"branchMap":{"0":{"loc":{"start":{"line":50,"column":12},"end":{"line":50,"column":null}},"type":"cond-expr","locations":[{"start":{"line":50,"column":53},"end":{"line":50,"column":60}},{"start":{"line":50,"column":60},"end":{"line":50,"column":null}}],"line":50},"1":{"loc":{"start":{"line":72,"column":12},"end":{"line":74,"column":null}},"type":"cond-expr","locations":[{"start":{"line":73,"column":16},"end":{"line":73,"column":null}},{"start":{"line":74,"column":16},"end":{"line":74,"column":null}}],"line":72},"2":{"loc":{"start":{"line":82,"column":12},"end":{"line":88,"column":null}},"type":"cond-expr","locations":[{"start":{"line":83,"column":16},"end":{"line":87,"column":null}},{"start":{"line":88,"column":16},"end":{"line":88,"column":null}}],"line":82},"3":{"loc":{"start":{"line":91,"column":12},"end":{"line":91,"column":null}},"type":"cond-expr","locations":[{"start":{"line":91,"column":51},"end":{"line":91,"column":58}},{"start":{"line":91,"column":58},"end":{"line":91,"column":null}}],"line":91},"4":{"loc":{"start":{"line":98,"column":12},"end":{"line":106,"column":null}},"type":"cond-expr","locations":[{"start":{"line":99,"column":16},"end":{"line":105,"column":null}},{"start":{"line":106,"column":16},"end":{"line":106,"column":null}}],"line":98},"5":{"loc":{"start":{"line":102,"column":20},"end":{"line":102,"column":null}},"type":"cond-expr","locations":[{"start":{"line":102,"column":41},"end":{"line":102,"column":80}},{"start":{"line":102,"column":80},"end":{"line":102,"column":null}}],"line":102},"6":{"loc":{"start":{"line":117,"column":15},"end":{"line":117,"column":null}},"type":"cond-expr","locations":[{"start":{"line":117,"column":25},"end":{"line":117,"column":60}},{"start":{"line":117,"column":60},"end":{"line":117,"column":null}}],"line":117}},"s":{"0":8,"1":8,"2":11,"3":11,"4":11,"5":4,"6":4,"7":5,"8":1,"9":9,"10":9,"11":9,"12":10,"13":4,"14":4,"15":4,"16":5,"17":1,"18":1,"19":1,"20":1,"21":2,"22":3,"23":2,"24":3,"25":3,"26":3,"27":3,"28":3,"29":2,"30":1,"31":8,"32":8},"f":{"0":8,"1":11,"2":11,"3":4,"4":4,"5":5,"6":1,"7":9,"8":9,"9":10,"10":4,"11":4,"12":4,"13":5,"14":1,"15":1,"16":1,"17":1,"18":2,"19":3,"20":2,"21":3,"22":2,"23":8},"b":{"0":[1,3],"1":[9,1],"2":[4,0],"3":[1,3],"4":[1,0],"5":[1,0],"6":[2,1]},"meta":{"lastBranch":7,"lastFunction":24,"lastStatement":33,"seen":{"s:25:13:137:Infinity":0,"f:27:4:27:5":0,"s:27:19:131:Infinity":1,"f:32:21:32:22":1,"s:33:39:40:Infinity":2,"s:41:8:43:Infinity":3,"f:41:12:41:13":2,"s:41:24:43:10":4,"f:46:21:46:22":3,"s:47:8:51:Infinity":5,"f:47:12:47:13":4,"s:47:24:51:10":6,"f:48:42:48:43":5,"s:48:49:48:67":7,"b:50:53:50:60:50:60:50:Infinity":0,"f:54:25:54:26":6,"s:55:8:55:Infinity":8,"f:58:20:58:21":7,"s:59:37:68:Infinity":9,"s:70:8:76:Infinity":10,"f:70:12:70:13":8,"s:70:24:76:10":11,"f:71:39:71:40":9,"s:72:12:74:Infinity":12,"b:73:16:73:Infinity:74:16:74:Infinity":1,"f:79:20:79:21":10,"s:80:8:92:Infinity":13,"f:80:12:80:13":11,"s:80:24:92:10":14,"f:81:39:81:40":12,"s:82:12:88:Infinity":15,"b:83:16:87:Infinity:88:16:88:Infinity":2,"f:85:44:85:45":13,"s:85:51:85:68":16,"b:91:51:91:58:91:58:91:Infinity":3,"f:95:20:95:21":14,"s:96:8:108:Infinity":17,"f:96:12:96:13":15,"s:96:24:108:10":18,"f:97:39:97:40":16,"s:98:12:106:Infinity":19,"b:99:16:105:Infinity:106:16:106:Infinity":4,"f:101:41:101:42":17,"s:102:20:102:Infinity":20,"b:102:41:102:80:102:80:102:Infinity":5,"f:111:24:111:25":18,"s:112:8:112:Infinity":21,"f:115:21:115:22":19,"s:116:24:116:Infinity":22,"f:116:44:116:45":20,"s:116:51:116:69":23,"s:117:8:117:Infinity":24,"b:117:25:117:60:117:60:117:Infinity":6,"f:120:21:120:22":21,"s:121:8:129:Infinity":25,"s:122:26:122:Infinity":26,"s:123:10:123:Infinity":27,"s:124:10:126:Infinity":28,"f:124:14:124:15":22,"s:124:26:126:12":29,"s:128:10:128:Infinity":30,"f:134:33:134:39":23,"s:134:33:134:66":31,"s:143:24:143:Infinity":32}}}
,"/Users/ibeast/Documents/repos/nexus-architect/frontend/src/stores/schemaStore.ts": {"path":"/Users/ibeast/Documents/repos/nexus-architect/frontend/src/stores/schemaStore.ts","statementMap":{"0":{"start":{"line":27,"column":30},"end":{"line":35,"column":null}},"1":{"start":{"line":28,"column":2},"end":{"line":34,"column":null}},"2":{"start":{"line":28,"column":37},"end":{"line":34,"column":4}}},"fnMap":{"0":{"name":"(anonymous_0)","decl":{"start":{"line":27,"column":30},"end":{"line":27,"column":51}},"loc":{"start":{"line":27,"column":51},"end":{"line":35,"column":null}},"line":27},"1":{"name":"(anonymous_1)","decl":{"start":{"line":28,"column":25},"end":{"line":28,"column":26}},"loc":{"start":{"line":28,"column":37},"end":{"line":34,"column":4}},"line":28}},"branchMap":{},"s":{"0":7,"1":0,"2":0},"f":{"0":0,"1":0},"b":{},"meta":{"lastBranch":0,"lastFunction":2,"lastStatement":3,"seen":{"s:27:30:35:Infinity":0,"f:27:30:27:51":0,"s:28:2:34:Infinity":1,"f:28:25:28:26":1,"s:28:37:34:4":2}}}
,"/Users/ibeast/Documents/repos/nexus-architect/frontend/src/stores/uiStore.ts": {"path":"/Users/ibeast/Documents/repos/nexus-architect/frontend/src/stores/uiStore.ts","statementMap":{"0":{"start":{"line":18,"column":13},"end":{"line":54,"column":null}},"1":{"start":{"line":20,"column":14},"end":{"line":44,"column":null}},"2":{"start":{"line":26,"column":8},"end":{"line":26,"column":null}},"3":{"start":{"line":26,"column":24},"end":{"line":26,"column":60}},"4":{"start":{"line":30,"column":8},"end":{"line":30,"column":null}},"5":{"start":{"line":34,"column":8},"end":{"line":34,"column":null}},"6":{"start":{"line":38,"column":8},"end":{"line":38,"column":null}},"7":{"start":{"line":42,"column":8},"end":{"line":42,"column":null}},"8":{"start":{"line":47,"column":33},"end":{"line":47,"column":66}},"9":{"start":{"line":48,"column":30},"end":{"line":51,"column":null}}},"fnMap":{"0":{"name":"(anonymous_0)","decl":{"start":{"line":20,"column":4},"end":{"line":20,"column":5}},"loc":{"start":{"line":20,"column":14},"end":{"line":44,"column":null}},"line":20},"1":{"name":"(anonymous_1)","decl":{"start":{"line":25,"column":21},"end":{"line":25,"column":27}},"loc":{"start":{"line":25,"column":27},"end":{"line":27,"column":null}},"line":25},"2":{"name":"(anonymous_2)","decl":{"start":{"line":26,"column":12},"end":{"line":26,"column":13}},"loc":{"start":{"line":26,"column":24},"end":{"line":26,"column":60}},"line":26},"3":{"name":"(anonymous_3)","decl":{"start":{"line":29,"column":22},"end":{"line":29,"column":23}},"loc":{"start":{"line":29,"column":41},"end":{"line":31,"column":null}},"line":29},"4":{"name":"(anonymous_4)","decl":{"start":{"line":33,"column":16},"end":{"line":33,"column":17}},"loc":{"start":{"line":33,"column":56},"end":{"line":35,"column":null}},"line":33},"5":{"name":"(anonymous_5)","decl":{"start":{"line":37,"column":17},"end":{"line":37,"column":18}},"loc":{"start":{"line":37,"column":38},"end":{"line":39,"column":null}},"line":37},"6":{"name":"(anonymous_6)","decl":{"start":{"line":41,"column":18},"end":{"line":41,"column":24}},"loc":{"start":{"line":41,"column":24},"end":{"line":43,"column":null}},"line":41},"7":{"name":"(anonymous_7)","decl":{"start":{"line":47,"column":33},"end":{"line":47,"column":39}},"loc":{"start":{"line":47,"column":33},"end":{"line":47,"column":66}},"line":47},"8":{"name":"(anonymous_8)","decl":{"start":{"line":48,"column":18},"end":{"line":48,"column":19}},"loc":{"start":{"line":48,"column":30},"end":{"line":51,"column":null}},"line":48}},"branchMap":{},"s":{"0":7,"1":7,"2":2,"3":2,"4":2,"5":2,"6":3,"7":1,"8":7,"9":19},"f":{"0":7,"1":2,"2":2,"3":2,"4":2,"5":3,"6":1,"7":7,"8":19},"b":{},"meta":{"lastBranch":0,"lastFunction":9,"lastStatement":10,"seen":{"s:18:13:54:Infinity":0,"f:20:4:20:5":0,"s:20:14:44:Infinity":1,"f:25:21:25:27":1,"s:26:8:26:Infinity":2,"f:26:12:26:13":2,"s:26:24:26:60":3,"f:29:22:29:23":3,"s:30:8:30:Infinity":4,"f:33:16:33:17":4,"s:34:8:34:Infinity":5,"f:37:17:37:18":5,"s:38:8:38:Infinity":6,"f:41:18:41:24":6,"s:42:8:42:Infinity":7,"f:47:33:47:39":7,"s:47:33:47:66":8,"f:48:18:48:19":8,"s:48:30:51:Infinity":9}}}
}
