TN:
SF:src/App.tsx
FN:12,App
FN:13,(anonymous_1)
FN:15,(anonymous_2)
FN:21,(anonymous_3)
FNF:4
FNH:4
FNDA:5,App
FNDA:15,(anonymous_1)
FNDA:5,(anonymous_2)
FNDA:5,(anonymous_3)
DA:13,15
DA:15,5
DA:17,5
DA:18,3
DA:21,5
DA:22,5
DA:26,5
LF:7
LH:7
BRDA:17,0,0,3
BRDA:17,0,1,2
BRF:2
BRH:2
end_of_record
TN:
SF:src/components/ActiveUsers.tsx
FN:21,getUserColor
FN:29,getInitials
FN:32,(anonymous_2)
FN:38,ActiveUsers
FN:54,(anonymous_4)
FNF:5
FNH:5
FNDA:13,getUserColor
FNDA:13,getInitials
FNDA:17,(anonymous_2)
FNDA:9,ActiveUsers
FNDA:13,(anonymous_4)
DA:10,2
DA:22,13
DA:23,13
DA:24,26
DA:26,13
DA:30,13
DA:32,17
DA:39,9
DA:40,9
DA:42,9
DA:43,1
DA:51,8
DA:55,13
LF:13
LH:13
BRDA:38,0,0,9
BRDA:42,1,0,1
BRDA:42,1,1,8
BRDA:58,2,0,13
BRDA:58,2,1,13
BRDA:63,3,0,8
BRDA:63,3,1,2
BRDA:66,4,0,1
BRDA:66,4,1,1
BRDA:73,5,0,4
BRDA:73,5,1,4
BRF:11
BRH:11
end_of_record
TN:
SF:src/components/ConfirmDialog.tsx
FN:14,ConfirmDialog
FN:26,(anonymous_1)
FN:29,(anonymous_2)
FN:33,(anonymous_3)
FNF:4
FNH:4
FNDA:82,ConfirmDialog
FNDA:82,(anonymous_1)
FNDA:2,(anonymous_2)
FNDA:17,(anonymous_3)
DA:24,82
DA:26,82
DA:27,82
DA:28,17
DA:29,17
DA:30,2
DA:32,17
DA:33,17
DA:37,82
DA:39,17
DA:45,82
LF:11
LH:11
BRDA:18,0,0,82
BRDA:19,1,0,82
BRDA:22,2,0,82
BRDA:27,3,0,17
BRDA:27,3,1,65
BRDA:30,4,0,1
BRDA:30,4,1,1
BRDA:37,5,0,65
BRDA:37,5,1,17
BRDA:39,6,0,15
BRDA:39,6,1,2
BRDA:41,7,0,1
BRDA:41,7,1,1
BRF:13
BRH:13
end_of_record
TN:
SF:src/components/ConnectionStatus.tsx
FN:8,ConnectionStatus
FNF:1
FNH:1
FNDA:4,ConnectionStatus
DA:9,4
LF:1
LH:1
BRDA:8,0,0,4
BRDA:10,1,0,2
BRDA:10,1,1,2
BRDA:12,2,0,2
BRDA:12,2,1,2
BRDA:21,3,0,4
BRDA:21,3,1,2
BRDA:23,4,0,1
BRDA:23,4,1,1
BRF:9
BRH:9
end_of_record
TN:
SF:src/components/ErrorBoundary.tsx
FN:8,DefaultErrorFallback
FN:37,(anonymous_1)
FN:59,(anonymous_2)
FN:64,(anonymous_3)
FN:68,(anonymous_4)
FN:72,(anonymous_5)
FN:76,(anonymous_6)
FNF:7
FNH:6
FNDA:6,DefaultErrorFallback
FNDA:0,(anonymous_1)
FNDA:8,(anonymous_2)
FNDA:1,(anonymous_3)
FNDA:3,(anonymous_4)
FNDA:1,(anonymous_5)
FNDA:14,(anonymous_6)
DA:9,6
DA:37,0
DA:60,8
DA:61,8
DA:65,6
DA:69,3
DA:72,1
DA:73,1
DA:77,14
DA:78,6
DA:79,6
DA:82,8
LF:12
LH:11
BRDA:77,0,0,6
BRDA:77,0,1,8
BRDA:77,1,0,14
BRDA:77,1,1,6
BRDA:78,2,0,6
BRDA:78,2,1,6
BRF:6
BRH:6
end_of_record
TN:
SF:src/components/Header.tsx
FN:5,Header
FN:9,(anonymous_1)
FNF:2
FNH:2
FNDA:9,Header
FNDA:1,(anonymous_1)
DA:6,9
DA:7,9
DA:9,9
DA:10,1
DA:11,1
DA:14,9
LF:6
LH:6
BRDA:31,0,0,9
BRDA:31,0,1,5
BRF:2
BRH:2
end_of_record
TN:
SF:src/components/ProtectedRoute.tsx
FN:10,ProtectedRoute
FN:11,(anonymous_1)
FNF:2
FNH:2
FNDA:6,ProtectedRoute
FNDA:18,(anonymous_1)
DA:11,18
DA:12,6
DA:14,6
DA:16,2
DA:19,4
LF:5
LH:5
BRDA:14,0,0,2
BRDA:14,0,1,4
BRF:2
BRH:2
end_of_record
TN:
SF:src/components/ToastContainer.tsx
FN:33,ToastContainer
FN:36,(anonymous_1)
FN:41,(anonymous_2)
FN:53,(anonymous_3)
FN:65,(anonymous_4)
FNF:5
FNH:5
FNDA:14,ToastContainer
FNDA:4,(anonymous_1)
FNDA:1,(anonymous_2)
FNDA:4,(anonymous_3)
FNDA:1,(anonymous_4)
DA:12,1
DA:19,1
DA:26,1
DA:34,14
DA:36,14
DA:37,4
DA:38,4
DA:41,14
DA:42,1
DA:45,14
DA:47,3
DA:54,4
DA:55,4
DA:65,1
LF:14
LH:14
BRDA:45,0,0,11
BRDA:45,0,1,3
BRF:2
BRH:2
end_of_record
TN:
SF:src/features/auth/LoginPage.tsx
FN:8,LoginPage
FN:14,(anonymous_1)
FN:16,(anonymous_2)
FN:22,(anonymous_3)
FN:62,(anonymous_4)
FN:69,(anonymous_5)
FNF:6
FNH:6
FNDA:23,LoginPage
FNDA:71,(anonymous_1)
FNDA:3,(anonymous_2)
FNDA:3,(anonymous_3)
FNDA:4,(anonymous_4)
FNDA:3,(anonymous_5)
DA:9,23
DA:10,23
DA:11,23
DA:12,23
DA:13,23
DA:14,71
DA:16,23
DA:17,3
DA:18,3
DA:19,3
DA:22,3
DA:24,3
DA:25,3
DA:27,3
DA:28,1
DA:30,2
DA:31,2
DA:35,23
DA:62,4
DA:69,3
LF:20
LH:20
BRDA:27,0,0,1
BRDA:27,0,1,2
BRDA:59,1,0,2
BRDA:59,1,1,21
BRDA:71,2,0,2
BRDA:71,2,1,21
BRDA:73,3,0,2
BRDA:73,3,1,21
BRDA:82,4,0,23
BRDA:82,4,1,2
BRDA:93,5,0,23
BRDA:93,5,1,20
BRDA:96,6,0,3
BRDA:96,6,1,20
BRF:14
BRH:14
end_of_record
TN:
SF:src/features/home/HomePage.tsx
FN:8,HomePage
FN:18,(anonymous_1)
FN:26,(anonymous_2)
FN:41,(anonymous_3)
FN:52,(anonymous_4)
FN:56,(anonymous_5)
FN:60,(anonymous_6)
FN:83,(anonymous_7)
FN:97,(anonymous_8)
FN:105,(anonymous_9)
FN:116,(anonymous_10)
FN:123,(anonymous_11)
FN:146,(anonymous_12)
FN:171,(anonymous_13)
FN:191,(anonymous_14)
FN:199,(anonymous_15)
FN:227,(anonymous_16)
FN:234,(anonymous_17)
FNF:18
FNH:18
FNDA:51,HomePage
FNDA:7,(anonymous_1)
FNDA:3,(anonymous_2)
FNDA:1,(anonymous_3)
FNDA:1,(anonymous_4)
FNDA:1,(anonymous_5)
FNDA:1,(anonymous_6)
FNDA:7,(anonymous_7)
FNDA:1,(anonymous_8)
FNDA:16,(anonymous_9)
FNDA:1,(anonymous_10)
FNDA:3,(anonymous_11)
FNDA:1,(anonymous_12)
FNDA:7,(anonymous_13)
FNDA:1,(anonymous_14)
FNDA:1,(anonymous_15)
FNDA:1,(anonymous_16)
FNDA:1,(anonymous_17)
DA:9,51
DA:10,51
DA:11,51
DA:12,51
DA:13,51
DA:14,51
DA:15,51
DA:16,51
DA:18,51
DA:19,7
DA:21,7
DA:22,1
DA:26,51
DA:27,3
DA:29,3
DA:30,2
DA:31,2
DA:34,1
DA:35,1
DA:36,1
DA:37,1
DA:38,1
DA:41,51
DA:42,1
DA:43,1
DA:44,1
DA:45,1
DA:46,1
DA:47,1
DA:48,1
DA:49,1
DA:52,51
DA:53,1
DA:54,1
DA:55,1
DA:56,1
DA:57,1
DA:58,1
DA:59,1
DA:60,1
DA:61,1
DA:62,1
DA:64,1
DA:67,1
DA:70,51
DA:83,7
DA:97,1
DA:106,16
DA:116,1
DA:124,3
DA:129,3
DA:146,1
DA:171,7
DA:191,1
DA:200,1
DA:201,1
DA:202,1
DA:203,1
DA:228,1
DA:229,1
DA:231,1
DA:232,1
DA:235,1
DA:236,1
LF:64
LH:64
BRDA:21,0,0,1
BRDA:21,0,1,6
BRDA:29,1,0,2
BRDA:29,1,1,1
BRDA:30,2,0,2
BRDA:30,2,1,0
BRDA:58,3,0,1
BRDA:58,3,1,0
BRDA:92,4,0,35
BRDA:92,4,1,15
BRDA:138,5,0,16
BRDA:138,5,1,15
BRDA:157,6,0,51
BRDA:157,6,1,18
BRDA:173,7,0,2
BRDA:173,7,1,16
BRDA:179,8,0,18
BRDA:179,8,1,2
BRDA:225,9,0,3
BRDA:225,9,1,47
BRDA:225,10,0,0
BRDA:225,10,1,3
BRDA:228,11,0,1
BRDA:228,11,1,0
BRF:24
BRH:20
end_of_record
TN:
SF:src/features/project/ProjectPage.tsx
FN:8,ProjectPage
FN:17,(anonymous_1)
FN:24,(anonymous_2)
FN:33,(anonymous_3)
FN:41,(anonymous_4)
FN:42,(anonymous_5)
FN:59,(anonymous_6)
FN:71,(anonymous_7)
FN:84,(anonymous_8)
FN:92,(anonymous_9)
FN:103,(anonymous_10)
FN:110,(anonymous_11)
FN:127,(anonymous_12)
FN:151,(anonymous_13)
FN:158,(anonymous_14)
FN:184,(anonymous_15)
FN:191,(anonymous_16)
FNF:17
FNH:11
FNDA:20,ProjectPage
FNDA:20,(anonymous_1)
FNDA:0,(anonymous_2)
FNDA:1,(anonymous_3)
FNDA:0,(anonymous_4)
FNDA:0,(anonymous_5)
FNDA:1,(anonymous_6)
FNDA:3,(anonymous_7)
FNDA:0,(anonymous_8)
FNDA:18,(anonymous_9)
FNDA:0,(anonymous_10)
FNDA:2,(anonymous_11)
FNDA:1,(anonymous_12)
FNDA:1,(anonymous_13)
FNDA:1,(anonymous_14)
FNDA:1,(anonymous_15)
FNDA:0,(anonymous_16)
DA:9,20
DA:10,20
DA:11,20
DA:12,20
DA:13,20
DA:14,20
DA:15,20
DA:17,20
DA:19,20
DA:20,1
DA:24,0
DA:33,19
DA:34,1
DA:35,1
DA:36,1
DA:37,1
DA:41,19
DA:42,0
DA:43,0
DA:44,0
DA:45,0
DA:46,0
DA:47,0
DA:48,0
DA:49,0
DA:50,0
DA:51,0
DA:55,19
DA:59,1
DA:71,3
DA:84,0
DA:93,18
DA:103,0
DA:111,2
DA:112,2
DA:127,1
DA:151,1
DA:159,1
DA:160,1
DA:185,1
DA:186,1
DA:188,1
DA:189,1
DA:192,0
DA:193,0
LF:45
LH:30
BRDA:19,0,0,1
BRDA:19,0,1,19
BRDA:34,1,0,1
BRDA:34,1,1,0
BRDA:34,2,0,1
BRDA:34,2,1,1
BRDA:43,3,0,0
BRDA:43,3,1,0
BRDA:66,4,0,19
BRDA:66,4,1,18
BRDA:79,5,0,2
BRDA:79,5,1,17
BRDA:137,6,0,20
BRDA:137,6,1,4
BRDA:182,7,0,2
BRDA:182,7,1,17
BRDA:185,8,0,1
BRDA:185,8,1,0
BRDA:185,9,0,1
BRDA:185,9,1,1
BRF:20
BRH:16
end_of_record
TN:
SF:src/features/schema/SchemaEditor.tsx
FN:29,SchemaEditor
FN:45,(anonymous_1)
FN:46,(anonymous_2)
FN:61,(anonymous_3)
FN:76,(anonymous_4)
FN:83,(anonymous_5)
FN:84,(anonymous_6)
FN:88,(anonymous_7)
FN:97,(anonymous_8)
FN:103,(anonymous_9)
FN:116,(anonymous_10)
FN:125,(anonymous_11)
FN:133,(anonymous_12)
FN:144,(anonymous_13)
FN:154,(anonymous_14)
FN:167,(anonymous_15)
FN:182,(anonymous_16)
FN:196,(anonymous_17)
FN:210,(anonymous_18)
FN:218,(anonymous_19)
FN:223,(anonymous_20)
FN:228,(anonymous_21)
FN:248,(anonymous_22)
FN:282,(anonymous_23)
FN:285,(anonymous_24)
FN:317,(anonymous_25)
FN:358,(anonymous_26)
FN:395,(anonymous_27)
FN:423,(anonymous_28)
FN:469,(anonymous_29)
FN:507,(anonymous_30)
FNF:31
FNH:0
FNDA:0,SchemaEditor
FNDA:0,(anonymous_1)
FNDA:0,(anonymous_2)
FNDA:0,(anonymous_3)
FNDA:0,(anonymous_4)
FNDA:0,(anonymous_5)
FNDA:0,(anonymous_6)
FNDA:0,(anonymous_7)
FNDA:0,(anonymous_8)
FNDA:0,(anonymous_9)
FNDA:0,(anonymous_10)
FNDA:0,(anonymous_11)
FNDA:0,(anonymous_12)
FNDA:0,(anonymous_13)
FNDA:0,(anonymous_14)
FNDA:0,(anonymous_15)
FNDA:0,(anonymous_16)
FNDA:0,(anonymous_17)
FNDA:0,(anonymous_18)
FNDA:0,(anonymous_19)
FNDA:0,(anonymous_20)
FNDA:0,(anonymous_21)
FNDA:0,(anonymous_22)
FNDA:0,(anonymous_23)
FNDA:0,(anonymous_24)
FNDA:0,(anonymous_25)
FNDA:0,(anonymous_26)
FNDA:0,(anonymous_27)
FNDA:0,(anonymous_28)
FNDA:0,(anonymous_29)
FNDA:0,(anonymous_30)
DA:30,0
DA:31,0
DA:32,0
DA:43,0
DA:45,0
DA:46,0
DA:49,0
DA:50,0
DA:52,0
DA:53,0
DA:54,0
DA:55,0
DA:56,0
DA:57,0
DA:58,0
DA:61,0
DA:62,0
DA:65,0
DA:66,0
DA:67,0
DA:70,0
DA:76,0
DA:77,0
DA:78,0
DA:83,0
DA:84,0
DA:85,0
DA:88,0
DA:89,0
DA:90,0
DA:97,0
DA:98,0
DA:99,0
DA:103,0
DA:104,0
DA:106,0
DA:107,0
DA:108,0
DA:112,0
DA:113,0
DA:116,0
DA:117,0
DA:123,0
DA:125,0
DA:126,0
DA:127,0
DA:128,0
DA:129,0
DA:133,0
DA:134,0
DA:135,0
DA:139,0
DA:140,0
DA:144,0
DA:154,0
DA:155,0
DA:158,0
DA:161,0
DA:162,0
DA:163,0
DA:167,0
DA:168,0
DA:175,0
DA:179,0
DA:182,0
DA:183,0
DA:189,0
DA:193,0
DA:196,0
DA:197,0
DA:203,0
DA:207,0
DA:210,0
DA:211,0
DA:212,0
DA:213,0
DA:214,0
DA:215,0
DA:216,0
DA:218,0
DA:221,0
DA:223,0
DA:224,0
DA:225,0
DA:228,0
DA:229,0
DA:230,0
DA:231,0
DA:235,0
DA:237,0
DA:238,0
DA:240,0
DA:244,0
DA:248,0
DA:283,0
DA:285,0
DA:318,0
DA:359,0
DA:396,0
DA:423,0
DA:469,0
DA:508,0
LF:102
LH:0
BRDA:62,0,0,0
BRDA:62,0,1,0
BRDA:65,1,0,0
BRDA:65,1,1,0
BRDA:89,2,0,0
BRDA:89,2,1,0
BRDA:98,3,0,0
BRDA:98,3,1,0
BRDA:104,4,0,0
BRDA:104,4,1,0
BRDA:104,5,0,0
BRDA:104,5,1,0
BRDA:107,6,0,0
BRDA:107,6,1,0
BRDA:134,7,0,0
BRDA:134,7,1,0
BRDA:139,8,0,0
BRDA:139,8,1,0
BRDA:139,9,0,0
BRDA:139,9,1,0
BRDA:155,10,0,0
BRDA:155,10,1,0
BRDA:155,11,0,0
BRDA:155,11,1,0
BRDA:161,12,0,0
BRDA:161,12,1,0
BRDA:237,13,0,0
BRDA:237,13,1,0
BRDA:240,14,0,0
BRDA:240,14,1,0
BRDA:287,15,0,0
BRDA:287,15,1,0
BRDA:299,16,0,0
BRDA:299,16,1,0
BRDA:313,17,0,0
BRDA:313,17,1,0
BRDA:340,18,0,0
BRDA:340,18,1,0
BRDA:354,19,0,0
BRDA:354,19,1,0
BRDA:377,20,0,0
BRDA:377,20,1,0
BRDA:391,21,0,0
BRDA:391,21,1,0
BRDA:413,22,0,0
BRDA:413,22,1,0
BRDA:433,23,0,0
BRDA:433,23,1,0
BRDA:437,24,0,0
BRDA:437,24,1,0
BRDA:445,25,0,0
BRDA:445,25,1,0
BRDA:458,26,0,0
BRDA:458,26,1,0
BRDA:480,27,0,0
BRDA:480,27,1,0
BRDA:483,28,0,0
BRDA:483,28,1,0
BRDA:489,29,0,0
BRDA:489,29,1,0
BRDA:505,30,0,0
BRDA:505,30,1,0
BRF:62
BRH:0
end_of_record
TN:
SF:src/lib/azure-ai.ts
FN:6,generateXMLSample
FN:45,isAzureAIConfigured
FNF:2
FNH:2
FNDA:6,generateXMLSample
FNDA:1,isAzureAIConfigured
DA:4,2
DA:10,6
DA:11,6
DA:13,6
DA:25,4
DA:26,2
DA:27,2
DA:34,2
DA:35,2
DA:37,2
DA:48,1
LF:11
LH:11
BRDA:4,0,0,2
BRDA:4,0,1,2
BRDA:21,1,0,6
BRDA:21,1,1,1
BRDA:25,2,0,2
BRDA:25,2,1,2
BRDA:30,3,0,2
BRDA:30,3,1,1
BRDA:40,4,0,2
BRDA:40,4,1,1
BRF:10
BRH:10
end_of_record
TN:
SF:src/lib/cache.ts
FN:16,(anonymous_0)
FN:21,(anonymous_1)
FN:33,(anonymous_2)
FN:45,(anonymous_3)
FN:49,(anonymous_4)
FN:53,(anonymous_5)
FN:57,(anonymous_6)
FN:61,(anonymous_7)
FN:82,hashString
FNF:9
FNH:9
FNDA:10,(anonymous_0)
FNDA:15,(anonymous_1)
FNDA:16,(anonymous_2)
FNDA:2,(anonymous_3)
FNDA:1,(anonymous_4)
FNDA:1,(anonymous_5)
FNDA:2,(anonymous_6)
FNDA:1,(anonymous_7)
FNDA:5,hashString
DA:12,10
DA:17,10
DA:18,10
DA:22,15
DA:23,15
DA:24,11
DA:25,2
DA:26,2
DA:29,9
DA:30,9
DA:35,16
DA:36,1
DA:38,16
DA:46,2
DA:50,1
DA:54,1
DA:58,2
DA:62,1
DA:63,1
DA:64,1
DA:65,3
DA:66,2
DA:67,2
DA:70,1
DA:71,1
DA:77,1
DA:83,5
DA:84,5
DA:85,24
DA:86,24
DA:87,24
DA:89,5
LF:32
LH:32
BRDA:16,0,0,10
BRDA:16,1,0,10
BRDA:23,2,0,4
BRDA:23,2,1,11
BRDA:24,3,0,2
BRDA:24,3,1,9
BRDA:35,4,0,1
BRDA:35,4,1,15
BRDA:35,5,0,16
BRDA:35,5,1,2
BRDA:40,6,0,16
BRDA:40,6,1,14
BRDA:65,7,0,2
BRDA:65,7,1,1
BRDA:70,8,0,1
BRDA:70,8,1,0
BRF:16
BRH:15
end_of_record
TN:
SF:src/lib/debounced-storage.ts
FN:7,createDebouncedStorage
FN:11,(anonymous_1)
FN:14,(anonymous_2)
FN:18,(anonymous_3)
FN:23,(anonymous_4)
FNF:5
FNH:5
FNDA:26,createDebouncedStorage
FNDA:23,(anonymous_1)
FNDA:163,(anonymous_2)
FNDA:2,(anonymous_3)
FNDA:1,(anonymous_4)
DA:8,26
DA:10,26
DA:12,23
DA:15,163
DA:16,163
DA:18,163
DA:19,2
DA:20,2
DA:24,1
DA:25,1
DA:26,1
DA:27,1
LF:12
LH:12
BRDA:7,0,0,26
BRDA:16,1,0,151
BRDA:16,1,1,12
BRDA:25,2,0,1
BRDA:25,2,1,0
BRF:5
BRH:4
end_of_record
TN:
SF:src/lib/error-handler.ts
FN:49,(anonymous_0)
FN:64,(anonymous_1)
FN:72,handleApiError
FN:137,notifyListeners
FN:138,(anonymous_4)
FN:141,subscribeToToasts
FN:144,(anonymous_6)
FN:149,addToast
FN:156,(anonymous_8)
FN:162,removeToast
FN:163,(anonymous_10)
FN:168,showErrorToast
FN:175,showSuccessToast
FN:180,showWarningToast
FN:189,safeLocalStorage
FNF:15
FNH:15
FNDA:11,(anonymous_0)
FNDA:3,(anonymous_1)
FNDA:7,handleApiError
FNDA:19,notifyListeners
FNDA:19,(anonymous_4)
FNDA:16,subscribeToToasts
FNDA:16,(anonymous_6)
FNDA:10,addToast
FNDA:1,(anonymous_8)
FNDA:9,removeToast
FNDA:10,(anonymous_10)
FNDA:1,showErrorToast
FNDA:1,showSuccessToast
FNDA:1,showWarningToast
FNDA:3,safeLocalStorage
DA:9,2
DA:26,2
DA:55,11
DA:56,11
DA:57,11
DA:58,11
DA:59,11
DA:60,11
DA:65,3
DA:73,7
DA:74,1
DA:78,6
DA:79,0
DA:80,0
DA:81,0
DA:83,0
DA:84,0
DA:86,0
DA:87,0
DA:89,0
DA:90,0
DA:92,0
DA:96,6
DA:97,1
DA:100,5
DA:101,1
DA:102,1
DA:104,0
DA:105,0
DA:109,4
DA:110,1
DA:113,3
DA:114,2
DA:117,1
DA:133,2
DA:134,2
DA:135,2
DA:138,19
DA:142,16
DA:143,16
DA:144,16
DA:145,16
DA:150,10
DA:151,10
DA:152,10
DA:153,10
DA:155,10
DA:156,4
DA:159,10
DA:163,10
DA:164,9
DA:169,1
DA:170,1
DA:171,1
DA:176,1
DA:181,1
DA:190,3
DA:191,3
DA:192,2
DA:193,2
DA:195,1
DA:196,1
DA:199,0
DA:200,0
DA:201,0
DA:203,0
DA:204,0
LF:67
LH:50
BRDA:51,0,0,11
BRDA:65,1,0,3
BRDA:65,1,1,1
BRDA:73,2,0,1
BRDA:73,2,1,6
BRDA:78,3,0,0
BRDA:78,3,1,6
BRDA:80,4,0,0
BRDA:80,4,1,0
BRDA:80,5,0,0
BRDA:80,5,1,0
BRDA:83,6,0,0
BRDA:83,6,1,0
BRDA:86,7,0,0
BRDA:86,7,1,0
BRDA:89,8,0,0
BRDA:89,8,1,0
BRDA:96,9,0,1
BRDA:96,9,1,5
BRDA:96,10,0,6
BRDA:96,10,1,1
BRDA:100,11,0,1
BRDA:100,11,1,4
BRDA:101,12,0,1
BRDA:101,12,1,0
BRDA:104,13,0,0
BRDA:104,13,1,0
BRDA:104,14,0,0
BRDA:104,14,1,0
BRDA:109,15,0,1
BRDA:109,15,1,3
BRDA:113,16,0,2
BRDA:113,16,1,1
BRDA:149,17,0,10
BRDA:149,18,0,10
BRDA:155,19,0,4
BRDA:155,19,1,6
BRDA:169,20,0,0
BRDA:169,20,1,1
BRDA:191,21,0,2
BRDA:191,21,1,1
BRDA:193,22,0,1
BRDA:193,22,1,1
BRDA:199,23,0,0
BRDA:199,23,1,0
BRF:45
BRH:26
end_of_record
TN:
SF:src/lib/logger.ts
FN:18,resolveMinLevel
FN:37,shouldLog
FN:41,formatEntry
FN:61,createLogger
FN:65,(anonymous_4)
FN:69,(anonymous_5)
FN:73,(anonymous_6)
FN:77,(anonymous_7)
FNF:8
FNH:8
FNDA:1,resolveMinLevel
FNDA:14,shouldLog
FNDA:10,formatEntry
FNDA:9,createLogger
FNDA:3,(anonymous_4)
FNDA:4,(anonymous_5)
FNDA:4,(anonymous_6)
FNDA:3,(anonymous_7)
DA:11,1
DA:21,1
DA:26,1
DA:30,1
DA:34,1
DA:38,14
DA:46,10
DA:62,9
DA:64,9
DA:66,3
DA:67,1
DA:70,4
DA:71,3
DA:74,4
DA:75,3
DA:78,3
DA:79,3
DA:85,1
LF:18
LH:18
BRDA:21,0,0,1
BRDA:21,0,1,0
BRDA:26,1,0,0
BRDA:26,1,1,1
BRDA:26,2,0,1
BRDA:26,2,1,0
BRDA:30,3,0,1
BRDA:30,3,1,0
BRDA:34,4,0,0
BRDA:34,4,1,1
BRDA:50,5,0,1
BRDA:50,5,1,9
BRDA:62,6,0,9
BRDA:62,6,1,1
BRDA:66,7,0,2
BRDA:66,7,1,1
BRDA:70,8,0,1
BRDA:70,8,1,3
BRDA:74,9,0,1
BRDA:74,9,1,3
BRDA:78,10,0,0
BRDA:78,10,1,3
BRF:22
BRH:16
end_of_record
TN:
SF:src/lib/performance.ts
FN:33,startMark
FN:41,endMark
FN:55,getPerformanceReport
FN:66,resetPerformanceData
FN:73,_recordVital
FN:82,initPerformanceMonitoring
FN:87,(anonymous_6)
FN:105,(anonymous_7)
FN:123,(anonymous_8)
FN:131,(anonymous_9)
FNF:10
FNH:10
FNDA:5,startMark
FNDA:7,endMark
FNDA:11,getPerformanceReport
FNDA:14,resetPerformanceData
FNDA:3,_recordVital
FNDA:7,initPerformanceMonitoring
FNDA:1,(anonymous_6)
FNDA:1,(anonymous_7)
FNDA:3,(anonymous_8)
FNDA:1,(anonymous_9)
DA:26,2
DA:27,2
DA:28,2
DA:34,5
DA:42,7
DA:43,7
DA:45,5
DA:46,5
DA:48,5
DA:49,5
DA:56,11
DA:67,14
DA:68,14
DA:69,14
DA:74,3
DA:83,7
DA:86,6
DA:87,6
DA:88,1
DA:89,1
DA:90,1
DA:91,1
DA:98,6
DA:104,6
DA:105,6
DA:106,1
DA:107,1
DA:108,1
DA:115,6
DA:121,6
DA:122,6
DA:123,6
DA:124,3
DA:125,3
DA:126,3
DA:127,2
DA:131,3
DA:132,3
DA:137,3
DA:138,1
DA:140,2
DA:143,6
LF:42
LH:42
BRDA:43,0,0,2
BRDA:43,0,1,5
BRDA:83,1,0,1
BRDA:83,1,1,6
BRDA:90,2,0,1
BRDA:90,2,1,0
BRDA:126,3,0,2
BRDA:126,3,1,1
BRDA:137,4,0,1
BRDA:137,4,1,2
BRF:10
BRH:9
end_of_record
TN:
SF:src/lib/store.ts
FNF:0
FNH:0
LF:0
LH:0
BRF:0
BRH:0
end_of_record
TN:
SF:src/lib/validation.ts
FN:86,validate
FN:122,validateProjectName
FN:129,validateSchemaName
FN:136,validateElementName
FN:143,validateProject
FNF:5
FNH:5
FNDA:40,validate
FNDA:2,validateProjectName
FNDA:2,validateSchemaName
FNDA:2,validateElementName
FNDA:2,validateProject
DA:8,2
DA:21,2
DA:35,2
DA:47,2
DA:55,2
DA:63,2
DA:90,40
DA:92,40
DA:93,21
DA:100,19
DA:101,19
DA:104,40
DA:105,40
DA:106,25
DA:107,25
DA:108,4
DA:112,19
DA:123,2
DA:130,2
DA:137,2
DA:144,2
LF:21
LH:21
BRDA:92,0,0,21
BRDA:92,0,1,19
BRDA:101,1,0,19
BRDA:101,1,1,0
BRDA:107,2,0,4
BRDA:107,2,1,21
BRDA:107,3,0,25
BRDA:107,3,1,5
BRF:8
BRH:7
end_of_record
TN:
SF:src/lib/websocket.ts
FN:25,connectWebSocket
FN:34,(anonymous_1)
FN:39,(anonymous_2)
FN:47,(anonymous_3)
FN:49,(anonymous_4)
FN:52,(anonymous_5)
FN:60,(anonymous_6)
FN:62,(anonymous_7)
FN:65,(anonymous_8)
FN:67,(anonymous_9)
FN:70,(anonymous_10)
FN:72,(anonymous_11)
FN:75,(anonymous_12)
FN:82,disconnectWebSocket
FN:98,isConnected
FN:102,getSocketId
FN:106,joinSchemaRoom
FN:120,leaveSchemaRoom
FN:130,broadcastSchemaUpdate
FN:137,emitSchemaUpdate
FN:142,onConnectionChange
FN:146,(anonymous_21)
FN:149,onUserJoined
FN:151,(anonymous_23)
FN:154,onUserLeft
FN:156,(anonymous_25)
FN:159,onSchemaUpdated
FN:161,(anonymous_27)
FN:164,getCurrentRoom
FN:168,getSocket
FN:173,__resetForTesting
FNF:31
FNH:15
FNDA:23,connectWebSocket
FNDA:1,(anonymous_1)
FNDA:0,(anonymous_2)
FNDA:0,(anonymous_3)
FNDA:0,(anonymous_4)
FNDA:0,(anonymous_5)
FNDA:0,(anonymous_6)
FNDA:0,(anonymous_7)
FNDA:0,(anonymous_8)
FNDA:0,(anonymous_9)
FNDA:0,(anonymous_10)
FNDA:0,(anonymous_11)
FNDA:0,(anonymous_12)
FNDA:2,disconnectWebSocket
FNDA:5,isConnected
FNDA:2,getSocketId
FNDA:8,joinSchemaRoom
FNDA:3,leaveSchemaRoom
FNDA:2,broadcastSchemaUpdate
FNDA:0,emitSchemaUpdate
FNDA:2,onConnectionChange
FNDA:1,(anonymous_21)
FNDA:1,onUserJoined
FNDA:0,(anonymous_23)
FNDA:1,onUserLeft
FNDA:0,(anonymous_25)
FNDA:1,onSchemaUpdated
FNDA:0,(anonymous_27)
FNDA:3,getCurrentRoom
FNDA:0,getSocket
FNDA:48,__resetForTesting
DA:4,1
DA:5,1
DA:6,1
DA:7,1
DA:8,1
DA:10,1
DA:18,1
DA:26,23
DA:27,22
DA:34,22
DA:35,1
DA:36,1
DA:39,1
DA:42,1
DA:43,0
DA:47,22
DA:48,0
DA:49,0
DA:52,22
DA:53,0
DA:54,0
DA:55,0
DA:56,0
DA:60,22
DA:61,0
DA:62,0
DA:65,22
DA:66,0
DA:67,0
DA:70,22
DA:71,0
DA:72,0
DA:75,22
DA:76,0
DA:79,23
DA:83,2
DA:85,2
DA:86,1
DA:90,2
DA:91,2
DA:92,2
DA:93,2
DA:94,2
DA:99,5
DA:103,2
DA:107,8
DA:109,7
DA:110,1
DA:113,7
DA:114,7
DA:115,7
DA:116,7
DA:121,3
DA:122,3
DA:123,3
DA:124,1
DA:126,3
DA:131,2
DA:132,1
DA:138,0
DA:143,2
DA:145,2
DA:146,2
DA:150,1
DA:151,1
DA:155,1
DA:156,1
DA:160,1
DA:161,1
DA:165,3
DA:169,0
DA:174,48
DA:175,20
DA:176,20
DA:177,20
DA:179,48
DA:180,48
DA:181,48
DA:182,48
DA:183,48
DA:184,48
DA:185,48
LF:82
LH:66
BRDA:10,0,0,1
BRDA:10,0,1,1
BRDA:26,1,0,22
BRDA:26,1,1,1
BRDA:42,2,0,0
BRDA:42,2,1,1
BRDA:42,3,0,1
BRDA:42,3,1,0
BRDA:55,4,0,0
BRDA:55,4,1,0
BRDA:83,5,0,2
BRDA:83,5,1,0
BRDA:85,6,0,1
BRDA:85,6,1,1
BRDA:99,7,0,5
BRDA:99,7,1,1
BRDA:103,8,0,2
BRDA:103,8,1,1
BRDA:107,9,0,7
BRDA:107,9,1,1
BRDA:107,10,0,8
BRDA:107,10,1,8
BRDA:109,11,0,1
BRDA:109,11,1,6
BRDA:109,12,0,7
BRDA:109,12,1,1
BRDA:114,13,0,7
BRDA:114,13,1,6
BRDA:114,13,2,0
BRDA:121,14,0,3
BRDA:121,14,1,0
BRDA:121,15,0,3
BRDA:121,15,1,3
BRDA:123,16,0,1
BRDA:123,16,1,2
BRDA:131,17,0,1
BRDA:131,17,1,1
BRDA:131,18,0,2
BRDA:131,18,1,2
BRDA:132,19,0,1
BRDA:132,19,1,0
BRDA:174,20,0,20
BRDA:174,20,1,28
BRF:43
BRH:35
end_of_record
TN:
SF:src/lib/xsd-utils.ts
FN:16,generateXSDString
FN:34,(anonymous_1)
FN:42,(anonymous_2)
FN:49,(anonymous_3)
FN:56,(anonymous_4)
FN:62,buildElement
FN:80,buildComplexType
FN:93,(anonymous_7)
FN:98,(anonymous_8)
FN:108,buildSimpleType
FN:117,(anonymous_10)
FN:138,validateXMLWellFormedness
FN:217,generateId
FN:221,normalizeType
FN:226,ensureArray
FN:231,parseRestrictions
FN:256,parseAttributes
FN:289,parseElementNode
FN:327,parseComplexTypeContent
FN:366,parseComplexTypes
FN:399,parseSimpleTypes
FN:431,parseImports
FN:451,parseElements
FN:467,parseXSD
FNF:24
FNH:24
FNDA:12,generateXSDString
FNDA:1,(anonymous_1)
FNDA:1,(anonymous_2)
FNDA:1,(anonymous_3)
FNDA:8,(anonymous_4)
FNDA:9,buildElement
FNDA:1,buildComplexType
FNDA:1,(anonymous_7)
FNDA:1,(anonymous_8)
FNDA:1,buildSimpleType
FNDA:2,(anonymous_10)
FNDA:3,validateXMLWellFormedness
FNDA:122,generateId
FNDA:59,normalizeType
FNDA:264,ensureArray
FNDA:8,parseRestrictions
FNDA:12,parseAttributes
FNDA:41,parseElementNode
FNDA:12,parseComplexTypeContent
FNDA:48,parseComplexTypes
FNDA:48,parseSimpleTypes
FNDA:48,parseImports
FNDA:48,parseElements
FNDA:54,parseXSD
DA:4,4
DA:9,4
DA:17,12
DA:28,12
DA:29,1
DA:33,12
DA:34,1
DA:41,12
DA:42,1
DA:43,1
DA:48,12
DA:49,1
DA:50,1
DA:55,12
DA:56,8
DA:59,12
DA:63,9
DA:68,9
DA:69,9
DA:71,9
DA:72,1
DA:77,9
DA:81,1
DA:85,1
DA:86,1
DA:91,1
DA:92,1
DA:93,1
DA:97,1
DA:98,1
DA:105,1
DA:109,1
DA:116,1
DA:117,1
DA:118,2
DA:120,2
DA:121,1
DA:123,2
DA:129,1
DA:130,1
DA:135,1
DA:139,3
DA:141,3
DA:142,3
DA:146,3
DA:151,2
DA:163,4
DA:166,4
DA:218,122
DA:222,59
DA:223,55
DA:227,264
DA:228,76
DA:232,8
DA:234,8
DA:238,8
DA:239,48
DA:240,48
DA:241,48
DA:243,48
DA:244,13
DA:245,13
DA:246,13
DA:247,13
DA:253,8
DA:257,12
DA:259,12
DA:263,12
DA:264,8
DA:265,8
DA:272,8
DA:273,8
DA:276,8
DA:277,8
DA:278,1
DA:279,1
DA:282,8
DA:286,12
DA:290,41
DA:296,41
DA:297,41
DA:300,41
DA:301,41
DA:302,1
DA:303,1
DA:307,41
DA:308,41
DA:309,2
DA:310,2
DA:311,2
DA:312,2
DA:316,41
DA:317,41
DA:318,1
DA:319,1
DA:320,1
DA:324,41
DA:331,12
DA:334,12
DA:335,12
DA:336,10
DA:337,10
DA:338,13
DA:343,12
DA:344,12
DA:345,1
DA:346,1
DA:347,2
DA:352,12
DA:353,12
DA:354,1
DA:355,1
DA:356,2
DA:361,12
DA:363,12
DA:367,48
DA:369,48
DA:373,48
DA:374,10
DA:375,10
DA:377,10
DA:385,10
DA:386,10
DA:387,1
DA:388,1
DA:391,10
DA:392,10
DA:396,48
DA:400,48
DA:402,48
DA:406,48
DA:407,9
DA:408,9
DA:410,9
DA:418,9
DA:419,9
DA:420,1
DA:421,1
DA:424,9
DA:428,48
DA:432,48
DA:434,48
DA:438,48
DA:439,6
DA:440,6
DA:448,48
DA:452,48
DA:454,48
DA:458,48
DA:459,24
DA:460,24
DA:464,48
DA:468,54
DA:469,54
DA:471,54
DA:472,4
DA:479,50
DA:480,50
DA:483,50
DA:485,54
DA:486,1
DA:494,48
DA:497,48
DA:498,48
DA:499,48
DA:500,48
DA:504,48
DA:505,54
DA:506,2
DA:507,2
DA:511,48
DA:525,54
DA:526,1
DA:528,48
DA:529,1
DA:531,48
DA:532,1
DA:534,48
DA:535,1
DA:538,48
DA:540,1
LF:181
LH:181
BRDA:28,0,0,1
BRDA:28,0,1,11
BRDA:33,1,0,1
BRDA:33,1,1,11
BRDA:41,2,0,1
BRDA:41,2,1,11
BRDA:48,3,0,1
BRDA:48,3,1,11
BRDA:55,4,0,8
BRDA:55,4,1,4
BRDA:68,5,0,1
BRDA:68,5,1,8
BRDA:69,6,0,1
BRDA:69,6,1,8
BRDA:71,7,0,1
BRDA:71,7,1,8
BRDA:85,8,0,1
BRDA:85,8,1,0
BRDA:91,9,0,1
BRDA:91,9,1,0
BRDA:97,10,0,1
BRDA:97,10,1,0
BRDA:101,11,0,1
BRDA:101,11,1,0
BRDA:116,12,0,1
BRDA:116,12,1,0
BRDA:116,13,0,1
BRDA:116,13,1,1
BRDA:120,14,0,1
BRDA:120,14,1,1
BRDA:129,15,0,1
BRDA:129,15,1,0
BRDA:155,16,0,2
BRDA:155,16,1,0
BRDA:222,17,0,4
BRDA:222,17,1,55
BRDA:223,18,0,55
BRDA:223,18,1,2
BRDA:227,19,0,188
BRDA:227,19,1,76
BRDA:227,20,0,264
BRDA:227,20,1,76
BRDA:228,21,0,10
BRDA:228,21,1,66
BRDA:241,22,0,48
BRDA:241,22,1,39
BRDA:241,22,2,38
BRDA:244,23,0,13
BRDA:244,23,1,0
BRDA:245,24,0,13
BRDA:245,24,1,0
BRDA:246,25,0,13
BRDA:246,25,1,0
BRDA:260,26,0,12
BRDA:260,26,1,6
BRDA:260,26,2,5
BRDA:264,27,0,8
BRDA:264,27,1,0
BRDA:264,28,0,8
BRDA:264,28,1,8
BRDA:272,29,0,1
BRDA:272,29,1,7
BRDA:273,30,0,1
BRDA:273,30,1,7
BRDA:276,31,0,8
BRDA:276,31,1,7
BRDA:276,31,2,7
BRDA:277,32,0,1
BRDA:277,32,1,7
BRDA:278,33,0,1
BRDA:278,33,1,0
BRDA:278,33,2,0
BRDA:279,34,0,1
BRDA:279,34,1,0
BRDA:279,35,0,1
BRDA:279,35,1,0
BRDA:279,36,0,0
BRDA:279,36,1,0
BRDA:292,37,0,41
BRDA:292,37,1,0
BRDA:293,38,0,41
BRDA:293,38,1,4
BRDA:296,39,0,1
BRDA:296,39,1,40
BRDA:297,40,0,2
BRDA:297,40,1,39
BRDA:300,41,0,41
BRDA:300,41,1,40
BRDA:300,41,2,40
BRDA:301,42,0,1
BRDA:301,42,1,40
BRDA:302,43,0,1
BRDA:302,43,1,0
BRDA:302,43,2,0
BRDA:303,44,0,1
BRDA:303,44,1,0
BRDA:303,45,0,1
BRDA:303,45,1,0
BRDA:303,46,0,0
BRDA:303,46,1,0
BRDA:307,47,0,41
BRDA:307,47,1,39
BRDA:307,47,2,39
BRDA:308,48,0,2
BRDA:308,48,1,39
BRDA:310,49,0,2
BRDA:310,49,1,0
BRDA:311,50,0,1
BRDA:311,50,1,1
BRDA:316,51,0,41
BRDA:316,51,1,40
BRDA:316,51,2,40
BRDA:317,52,0,1
BRDA:317,52,1,40
BRDA:318,53,0,1
BRDA:318,53,1,0
BRDA:318,53,2,0
BRDA:319,54,0,1
BRDA:319,54,1,0
BRDA:334,55,0,12
BRDA:334,55,1,3
BRDA:334,55,2,2
BRDA:335,56,0,10
BRDA:335,56,1,2
BRDA:336,57,0,10
BRDA:336,57,1,1
BRDA:336,57,2,0
BRDA:338,58,0,13
BRDA:338,58,1,0
BRDA:343,59,0,12
BRDA:343,59,1,11
BRDA:343,59,2,11
BRDA:344,60,0,1
BRDA:344,60,1,11
BRDA:345,61,0,1
BRDA:345,61,1,0
BRDA:345,61,2,0
BRDA:347,62,0,2
BRDA:347,62,1,0
BRDA:352,63,0,12
BRDA:352,63,1,11
BRDA:352,63,2,11
BRDA:353,64,0,1
BRDA:353,64,1,11
BRDA:354,65,0,1
BRDA:354,65,1,0
BRDA:354,65,2,0
BRDA:356,66,0,2
BRDA:356,66,1,0
BRDA:370,67,0,48
BRDA:370,67,1,39
BRDA:370,67,2,38
BRDA:374,68,0,10
BRDA:374,68,1,0
BRDA:374,69,0,10
BRDA:374,69,1,10
BRDA:385,70,0,10
BRDA:385,70,1,9
BRDA:385,70,2,9
BRDA:386,71,0,1
BRDA:386,71,1,9
BRDA:387,72,0,1
BRDA:387,72,1,0
BRDA:387,72,2,0
BRDA:388,73,0,1
BRDA:388,73,1,0
BRDA:388,74,0,1
BRDA:388,74,1,0
BRDA:388,75,0,0
BRDA:388,75,1,0
BRDA:403,76,0,48
BRDA:403,76,1,40
BRDA:403,76,2,39
BRDA:407,77,0,9
BRDA:407,77,1,0
BRDA:407,78,0,9
BRDA:407,78,1,9
BRDA:408,79,0,9
BRDA:408,79,1,2
BRDA:408,79,2,1
BRDA:413,80,0,9
BRDA:413,80,1,2
BRDA:414,81,0,8
BRDA:414,81,1,1
BRDA:418,82,0,9
BRDA:418,82,1,8
BRDA:418,82,2,8
BRDA:419,83,0,1
BRDA:419,83,1,8
BRDA:420,84,0,1
BRDA:420,84,1,0
BRDA:420,84,2,0
BRDA:421,85,0,1
BRDA:421,85,1,0
BRDA:421,86,0,1
BRDA:421,86,1,0
BRDA:421,87,0,0
BRDA:421,87,1,0
BRDA:435,88,0,48
BRDA:435,88,1,44
BRDA:435,88,2,43
BRDA:439,89,0,6
BRDA:439,89,1,0
BRDA:442,90,0,6
BRDA:442,90,1,1
BRDA:443,91,0,6
BRDA:443,91,1,1
BRDA:455,92,0,48
BRDA:455,92,1,27
BRDA:455,92,2,25
BRDA:459,93,0,24
BRDA:459,93,1,0
BRDA:471,94,0,4
BRDA:471,94,1,50
BRDA:471,95,0,54
BRDA:471,95,1,52
BRDA:471,95,2,51
BRDA:483,96,0,50
BRDA:483,96,1,3
BRDA:483,96,2,1
BRDA:485,97,0,1
BRDA:485,97,1,53
BRDA:504,98,0,48
BRDA:504,98,1,46
BRDA:504,98,2,46
BRDA:505,99,0,2
BRDA:505,99,1,52
BRDA:506,100,0,2
BRDA:506,100,1,0
BRDA:506,100,2,0
BRDA:507,101,0,2
BRDA:507,101,1,0
BRDA:507,102,0,2
BRDA:507,102,1,0
BRDA:507,103,0,0
BRDA:507,103,1,0
BRDA:513,104,0,48
BRDA:513,104,1,48
BRDA:525,105,0,1
BRDA:525,105,1,53
BRDA:525,106,0,54
BRDA:525,106,1,47
BRDA:528,107,0,1
BRDA:528,107,1,47
BRDA:528,108,0,48
BRDA:528,108,1,47
BRDA:531,109,0,1
BRDA:531,109,1,47
BRDA:531,110,0,48
BRDA:531,110,1,47
BRDA:534,111,0,1
BRDA:534,111,1,47
BRDA:534,112,0,48
BRDA:534,112,1,47
BRDA:542,113,0,1
BRDA:542,113,1,0
BRF:256
BRH:197
end_of_record
TN:
SF:src/stores/authStore.ts
FN:16,(anonymous_0)
FN:19,(anonymous_1)
FN:27,(anonymous_2)
FN:33,(anonymous_3)
FNF:4
FNH:4
FNDA:6,(anonymous_0)
FNDA:6,(anonymous_1)
FNDA:14,(anonymous_2)
FNDA:6,(anonymous_3)
DA:6,6
DA:14,6
DA:16,6
DA:20,6
DA:21,3
DA:22,3
DA:24,3
DA:28,14
DA:33,6
LF:9
LH:9
BRDA:20,0,0,3
BRDA:20,0,1,3
BRF:2
BRH:2
end_of_record
TN:
SF:src/stores/collaborationStore.ts
FN:21,(anonymous_0)
FN:26,(anonymous_1)
FN:30,(anonymous_2)
FN:31,(anonymous_3)
FN:33,(anonymous_4)
FN:40,(anonymous_5)
FN:41,(anonymous_6)
FN:42,(anonymous_7)
FN:46,(anonymous_8)
FN:50,(anonymous_9)
FN:54,(anonymous_10)
FNF:11
FNH:1
FNDA:6,(anonymous_0)
FNDA:0,(anonymous_1)
FNDA:0,(anonymous_2)
FNDA:0,(anonymous_3)
FNDA:0,(anonymous_4)
FNDA:0,(anonymous_5)
FNDA:0,(anonymous_6)
FNDA:0,(anonymous_7)
FNDA:0,(anonymous_8)
FNDA:0,(anonymous_9)
FNDA:0,(anonymous_10)
DA:21,6
DA:27,0
DA:31,0
DA:33,0
DA:34,0
DA:36,0
DA:41,0
DA:42,0
DA:47,0
DA:51,0
DA:55,0
LF:11
LH:1
BRDA:33,0,0,0
BRDA:33,0,1,0
BRF:2
BRH:0
end_of_record
TN:
SF:src/stores/index.ts
FNF:0
FNH:0
LF:0
LH:0
BRF:0
BRH:0
end_of_record
TN:
SF:src/stores/projectStore.ts
FN:27,(anonymous_0)
FN:32,(anonymous_1)
FN:41,(anonymous_2)
FN:46,(anonymous_3)
FN:47,(anonymous_4)
FN:48,(anonymous_5)
FN:54,(anonymous_6)
FN:58,(anonymous_7)
FN:70,(anonymous_8)
FN:71,(anonymous_9)
FN:79,(anonymous_10)
FN:80,(anonymous_11)
FN:81,(anonymous_12)
FN:85,(anonymous_13)
FN:95,(anonymous_14)
FN:96,(anonymous_15)
FN:97,(anonymous_16)
FN:101,(anonymous_17)
FN:111,(anonymous_18)
FN:115,(anonymous_19)
FN:116,(anonymous_20)
FN:120,(anonymous_21)
FN:124,(anonymous_22)
FN:134,(anonymous_23)
FNF:24
FNH:24
FNDA:8,(anonymous_0)
FNDA:11,(anonymous_1)
FNDA:11,(anonymous_2)
FNDA:4,(anonymous_3)
FNDA:4,(anonymous_4)
FNDA:5,(anonymous_5)
FNDA:1,(anonymous_6)
FNDA:9,(anonymous_7)
FNDA:9,(anonymous_8)
FNDA:10,(anonymous_9)
FNDA:4,(anonymous_10)
FNDA:4,(anonymous_11)
FNDA:4,(anonymous_12)
FNDA:5,(anonymous_13)
FNDA:1,(anonymous_14)
FNDA:1,(anonymous_15)
FNDA:1,(anonymous_16)
FNDA:1,(anonymous_17)
FNDA:2,(anonymous_18)
FNDA:3,(anonymous_19)
FNDA:2,(anonymous_20)
FNDA:3,(anonymous_21)
FNDA:2,(anonymous_22)
FNDA:8,(anonymous_23)
DA:25,8
DA:27,8
DA:33,11
DA:41,11
DA:47,4
DA:48,5
DA:55,1
DA:59,9
DA:70,9
DA:72,10
DA:80,4
DA:82,4
DA:85,5
DA:96,1
DA:98,1
DA:102,1
DA:112,2
DA:116,3
DA:117,3
DA:121,3
DA:122,3
DA:123,3
DA:124,3
DA:128,1
DA:134,8
DA:143,8
LF:26
LH:26
BRDA:50,0,0,1
BRDA:50,0,1,3
BRDA:72,1,0,9
BRDA:72,1,1,1
BRDA:82,2,0,4
BRDA:82,2,1,0
BRDA:91,3,0,1
BRDA:91,3,1,3
BRDA:98,4,0,1
BRDA:98,4,1,0
BRDA:102,5,0,1
BRDA:102,5,1,0
BRDA:117,6,0,2
BRDA:117,6,1,1
BRF:14
BRH:11
end_of_record
TN:
SF:src/stores/schemaStore.ts
FN:27,(anonymous_0)
FN:28,(anonymous_1)
FNF:2
FNH:0
FNDA:0,(anonymous_0)
FNDA:0,(anonymous_1)
DA:27,7
DA:28,0
LF:2
LH:1
BRF:0
BRH:0
end_of_record
TN:
SF:src/stores/uiStore.ts
FN:20,(anonymous_0)
FN:25,(anonymous_1)
FN:26,(anonymous_2)
FN:29,(anonymous_3)
FN:33,(anonymous_4)
FN:37,(anonymous_5)
FN:41,(anonymous_6)
FN:47,(anonymous_7)
FN:48,(anonymous_8)
FNF:9
FNH:9
FNDA:7,(anonymous_0)
FNDA:2,(anonymous_1)
FNDA:2,(anonymous_2)
FNDA:2,(anonymous_3)
FNDA:2,(anonymous_4)
FNDA:3,(anonymous_5)
FNDA:1,(anonymous_6)
FNDA:7,(anonymous_7)
FNDA:19,(anonymous_8)
DA:18,7
DA:20,7
DA:26,2
DA:30,2
DA:34,2
DA:38,3
DA:42,1
DA:47,7
DA:48,19
LF:9
LH:9
BRF:0
BRH:0
end_of_record
