{"/Users/ibeast/Documents/repos/nexus-architect/backend/src/index.ts": {"path":"/Users/ibeast/Documents/repos/nexus-architect/backend/src/index.ts","statementMap":{"0":{"start":{"line":13,"column":0},"end":{"line":13,"column":null}},"1":{"start":{"line":16,"column":0},"end":{"line":16,"column":null}},"2":{"start":{"line":18,"column":6},"end":{"line":18,"column":null}},"3":{"start":{"line":19,"column":6},"end":{"line":19,"column":null}},"4":{"start":{"line":20,"column":11},"end":{"line":25,"column":null}},"5":{"start":{"line":27,"column":13},"end":{"line":27,"column":null}},"6":{"start":{"line":30,"column":0},"end":{"line":30,"column":null}},"7":{"start":{"line":31,"column":0},"end":{"line":31,"column":null}},"8":{"start":{"line":32,"column":0},"end":{"line":32,"column":null}},"9":{"start":{"line":35,"column":0},"end":{"line":35,"column":null}},"10":{"start":{"line":38,"column":0},"end":{"line":38,"column":null}},"11":{"start":{"line":41,"column":0},"end":{"line":41,"column":null}},"12":{"start":{"line":44,"column":0},"end":{"line":44,"column":null}},"13":{"start":{"line":47,"column":0},"end":{"line":47,"column":null}},"14":{"start":{"line":50,"column":0},"end":{"line":53,"column":null}},"15":{"start":{"line":51,"column":2},"end":{"line":51,"column":null}},"16":{"start":{"line":52,"column":2},"end":{"line":52,"column":null}}},"fnMap":{"0":{"name":"(anonymous_0)","decl":{"start":{"line":50,"column":24},"end":{"line":50,"column":30}},"loc":{"start":{"line":50,"column":30},"end":{"line":53,"column":1}},"line":50}},"branchMap":{"0":{"loc":{"start":{"line":22,"column":12},"end":{"line":22,"column":null}},"type":"binary-expr","locations":[{"start":{"line":22,"column":12},"end":{"line":22,"column":40}},{"start":{"line":22,"column":40},"end":{"line":22,"column":null}}],"line":22},"1":{"loc":{"start":{"line":27,"column":13},"end":{"line":27,"column":null}},"type":"binary-expr","locations":[{"start":{"line":27,"column":13},"end":{"line":27,"column":33}},{"start":{"line":27,"column":33},"end":{"line":27,"column":null}}],"line":27}},"s":{"0":0,"1":0,"2":0,"3":0,"4":0,"5":0,"6":0,"7":0,"8":0,"9":0,"10":0,"11":0,"12":0,"13":0,"14":0,"15":0,"16":0},"f":{"0":0},"b":{"0":[0,0],"1":[0,0]},"meta":{"lastBranch":2,"lastFunction":1,"lastStatement":17,"seen":{"s:13:0:13:Infinity":0,"s:16:0:16:Infinity":1,"s:18:6:18:Infinity":2,"s:19:6:19:Infinity":3,"s:20:11:25:Infinity":4,"b:22:12:22:40:22:40:22:Infinity":0,"s:27:13:27:Infinity":5,"b:27:13:27:33:27:33:27:Infinity":1,"s:30:0:30:Infinity":6,"s:31:0:31:Infinity":7,"s:32:0:32:Infinity":8,"s:35:0:35:Infinity":9,"s:38:0:38:Infinity":10,"s:41:0:41:Infinity":11,"s:44:0:44:Infinity":12,"s:47:0:47:Infinity":13,"s:50:0:53:Infinity":14,"f:50:24:50:30":0,"s:51:2:51:Infinity":15,"s:52:2:52:Infinity":16}}}
,"/Users/ibeast/Documents/repos/nexus-architect/backend/src/middleware/error-handler.ts": {"path":"/Users/ibeast/Documents/repos/nexus-architect/backend/src/middleware/error-handler.ts","statementMap":{"0":{"start":{"line":17,"column":4},"end":{"line":17,"column":null}},"1":{"start":{"line":18,"column":4},"end":{"line":18,"column":null}},"2":{"start":{"line":19,"column":4},"end":{"line":19,"column":null}},"3":{"start":{"line":20,"column":4},"end":{"line":20,"column":null}},"4":{"start":{"line":21,"column":4},"end":{"line":21,"column":null}},"5":{"start":{"line":31,"column":2},"end":{"line":33,"column":null}},"6":{"start":{"line":32,"column":4},"end":{"line":32,"column":null}},"7":{"start":{"line":46,"column":2},"end":{"line":52,"column":null}},"8":{"start":{"line":54,"column":2},"end":{"line":60,"column":null}},"9":{"start":{"line":55,"column":4},"end":{"line":59,"column":null}},"10":{"start":{"line":63,"column":2},"end":{"line":68,"column":null}},"11":{"start":{"line":64,"column":4},"end":{"line":67,"column":null}},"12":{"start":{"line":71,"column":2},"end":{"line":76,"column":null}},"13":{"start":{"line":72,"column":4},"end":{"line":75,"column":null}},"14":{"start":{"line":79,"column":2},"end":{"line":85,"column":null}},"15":{"start":{"line":92,"column":2},"end":{"line":95,"column":null}}},"fnMap":{"0":{"name":"(anonymous_0)","decl":{"start":{"line":11,"column":2},"end":{"line":11,"column":null}},"loc":{"start":{"line":16,"column":4},"end":{"line":22,"column":null}},"line":16},"1":{"name":"asyncHandler","decl":{"start":{"line":28,"column":16},"end":{"line":28,"column":null}},"loc":{"start":{"line":30,"column":2},"end":{"line":34,"column":null}},"line":30},"2":{"name":"(anonymous_2)","decl":{"start":{"line":31,"column":9},"end":{"line":31,"column":10}},"loc":{"start":{"line":31,"column":62},"end":{"line":33,"column":null}},"line":31},"3":{"name":"errorHandler","decl":{"start":{"line":39,"column":16},"end":{"line":39,"column":null}},"loc":{"start":{"line":44,"column":2},"end":{"line":86,"column":null}},"line":44},"4":{"name":"notFoundHandler","decl":{"start":{"line":91,"column":16},"end":{"line":91,"column":32}},"loc":{"start":{"line":91,"column":61},"end":{"line":96,"column":null}},"line":91}},"branchMap":{"0":{"loc":{"start":{"line":13,"column":4},"end":{"line":13,"column":null}},"type":"default-arg","locations":[{"start":{"line":13,"column":25},"end":{"line":13,"column":null}}],"line":13},"1":{"loc":{"start":{"line":14,"column":4},"end":{"line":14,"column":null}},"type":"default-arg","locations":[{"start":{"line":14,"column":19},"end":{"line":14,"column":null}}],"line":14},"2":{"loc":{"start":{"line":51,"column":8},"end":{"line":51,"column":null}},"type":"binary-expr","locations":[{"start":{"line":51,"column":8},"end":{"line":51,"column":49}},{"start":{"line":51,"column":49},"end":{"line":51,"column":null}}],"line":51},"3":{"loc":{"start":{"line":54,"column":2},"end":{"line":60,"column":null}},"type":"if","locations":[{"start":{"line":54,"column":2},"end":{"line":60,"column":null}},{"start":{},"end":{}}],"line":54},"4":{"loc":{"start":{"line":58,"column":10},"end":{"line":58,"column":null}},"type":"binary-expr","locations":[{"start":{"line":58,"column":10},"end":{"line":58,"column":25}},{"start":{"line":58,"column":25},"end":{"line":58,"column":null}}],"line":58},"5":{"loc":{"start":{"line":63,"column":2},"end":{"line":68,"column":null}},"type":"if","locations":[{"start":{"line":63,"column":2},"end":{"line":68,"column":null}},{"start":{},"end":{}}],"line":63},"6":{"loc":{"start":{"line":71,"column":2},"end":{"line":76,"column":null}},"type":"if","locations":[{"start":{"line":71,"column":2},"end":{"line":76,"column":null}},{"start":{},"end":{}}],"line":71},"7":{"loc":{"start":{"line":71,"column":6},"end":{"line":71,"column":51}},"type":"binary-expr","locations":[{"start":{"line":71,"column":6},"end":{"line":71,"column":36}},{"start":{"line":71,"column":36},"end":{"line":71,"column":51}}],"line":71},"8":{"loc":{"start":{"line":82,"column":6},"end":{"line":84,"column":null}},"type":"cond-expr","locations":[{"start":{"line":83,"column":10},"end":{"line":83,"column":null}},{"start":{"line":84,"column":10},"end":{"line":84,"column":null}}],"line":82}},"s":{"0":4,"1":4,"2":4,"3":4,"4":4,"5":3,"6":6,"7":4,"8":4,"9":2,"10":2,"11":0,"12":2,"13":1,"14":1,"15":1},"f":{"0":4,"1":3,"2":6,"3":4,"4":1},"b":{"0":[4],"1":[4],"2":[4,4],"3":[2,2],"4":[2,1],"5":[0,2],"6":[1,1],"7":[2,1],"8":[0,1]},"meta":{"lastBranch":9,"lastFunction":5,"lastStatement":16,"seen":{"f:11:2:11:Infinity":0,"b:13:25:13:Infinity":0,"b:14:19:14:Infinity":1,"s:17:4:17:Infinity":0,"s:18:4:18:Infinity":1,"s:19:4:19:Infinity":2,"s:20:4:20:Infinity":3,"s:21:4:21:Infinity":4,"f:28:16:28:Infinity":1,"s:31:2:33:Infinity":5,"f:31:9:31:10":2,"s:32:4:32:Infinity":6,"f:39:16:39:Infinity":3,"s:46:2:52:Infinity":7,"b:51:8:51:49:51:49:51:Infinity":2,"b:54:2:60:Infinity:undefined:undefined:undefined:undefined":3,"s:54:2:60:Infinity":8,"s:55:4:59:Infinity":9,"b:58:10:58:25:58:25:58:Infinity":4,"b:63:2:68:Infinity:undefined:undefined:undefined:undefined":5,"s:63:2:68:Infinity":10,"s:64:4:67:Infinity":11,"b:71:2:76:Infinity:undefined:undefined:undefined:undefined":6,"s:71:2:76:Infinity":12,"b:71:6:71:36:71:36:71:51":7,"s:72:4:75:Infinity":13,"s:79:2:85:Infinity":14,"b:83:10:83:Infinity:84:10:84:Infinity":8,"f:91:16:91:32":4,"s:92:2:95:Infinity":15}}}
,"/Users/ibeast/Documents/repos/nexus-architect/backend/src/middleware/rate-limit.ts": {"path":"/Users/ibeast/Documents/repos/nexus-architect/backend/src/middleware/rate-limit.ts","statementMap":{"0":{"start":{"line":8,"column":13},"end":{"line":18,"column":null}},"1":{"start":{"line":25,"column":13},"end":{"line":35,"column":null}},"2":{"start":{"line":42,"column":13},"end":{"line":52,"column":null}}},"fnMap":{},"branchMap":{},"s":{"0":1,"1":1,"2":1},"f":{},"b":{},"meta":{"lastBranch":0,"lastFunction":0,"lastStatement":3,"seen":{"s:8:13:18:Infinity":0,"s:25:13:35:Infinity":1,"s:42:13:52:Infinity":2}}}
,"/Users/ibeast/Documents/repos/nexus-architect/backend/src/middleware/request-logger.ts": {"path":"/Users/ibeast/Documents/repos/nexus-architect/backend/src/middleware/request-logger.ts","statementMap":{"0":{"start":{"line":17,"column":20},"end":{"line":17,"column":null}},"1":{"start":{"line":19,"column":2},"end":{"line":45,"column":null}},"2":{"start":{"line":20,"column":18},"end":{"line":20,"column":null}},"3":{"start":{"line":23,"column":4},"end":{"line":42,"column":null}},"4":{"start":{"line":24,"column":25},"end":{"line":24,"column":null}},"5":{"start":{"line":25,"column":19},"end":{"line":25,"column":null}},"6":{"start":{"line":28,"column":6},"end":{"line":28,"column":null}},"7":{"start":{"line":30,"column":6},"end":{"line":30,"column":null}},"8":{"start":{"line":30,"column":31},"end":{"line":30,"column":null}},"9":{"start":{"line":32,"column":20},"end":{"line":39,"column":null}},"10":{"start":{"line":41,"column":6},"end":{"line":41,"column":null}},"11":{"start":{"line":44,"column":4},"end":{"line":44,"column":null}}},"fnMap":{"0":{"name":"requestLogger","decl":{"start":{"line":16,"column":16},"end":{"line":16,"column":30}},"loc":{"start":{"line":16,"column":66},"end":{"line":46,"column":null}},"line":16},"1":{"name":"(anonymous_1)","decl":{"start":{"line":19,"column":9},"end":{"line":19,"column":10}},"loc":{"start":{"line":19,"column":68},"end":{"line":45,"column":null}},"line":19},"2":{"name":"(anonymous_2)","decl":{"start":{"line":23,"column":21},"end":{"line":23,"column":27}},"loc":{"start":{"line":23,"column":27},"end":{"line":42,"column":5}},"line":23}},"branchMap":{"0":{"loc":{"start":{"line":16,"column":30},"end":{"line":16,"column":66}},"type":"default-arg","locations":[{"start":{"line":16,"column":62},"end":{"line":16,"column":66}}],"line":16},"1":{"loc":{"start":{"line":17,"column":28},"end":{"line":17,"column":64}},"type":"binary-expr","locations":[{"start":{"line":17,"column":28},"end":{"line":17,"column":49}},{"start":{"line":17,"column":49},"end":{"line":17,"column":64}}],"line":17},"2":{"loc":{"start":{"line":25,"column":19},"end":{"line":25,"column":null}},"type":"binary-expr","locations":[{"start":{"line":25,"column":19},"end":{"line":25,"column":38}},{"start":{"line":25,"column":38},"end":{"line":25,"column":null}}],"line":25},"3":{"loc":{"start":{"line":30,"column":6},"end":{"line":30,"column":null}},"type":"if","locations":[{"start":{"line":30,"column":6},"end":{"line":30,"column":null}},{"start":{},"end":{}}],"line":30}},"s":{"0":5,"1":5,"2":5,"3":5,"4":5,"5":5,"6":5,"7":5,"8":3,"9":2,"10":2,"11":5},"f":{"0":5,"1":5,"2":5},"b":{"0":[5],"1":[5,3],"2":[5,0],"3":[3,2]},"meta":{"lastBranch":4,"lastFunction":3,"lastStatement":12,"seen":{"f:16:16:16:30":0,"b:16:62:16:66":0,"s:17:20:17:Infinity":0,"b:17:28:17:49:17:49:17:64":1,"s:19:2:45:Infinity":1,"f:19:9:19:10":1,"s:20:18:20:Infinity":2,"s:23:4:42:Infinity":3,"f:23:21:23:27":2,"s:24:25:24:Infinity":4,"s:25:19:25:Infinity":5,"b:25:19:25:38:25:38:25:Infinity":2,"s:28:6:28:Infinity":6,"b:30:6:30:Infinity:undefined:undefined:undefined:undefined":3,"s:30:6:30:Infinity":7,"s:30:31:30:Infinity":8,"s:32:20:39:Infinity":9,"s:41:6:41:Infinity":10,"s:44:4:44:Infinity":11}}}
,"/Users/ibeast/Documents/repos/nexus-architect/backend/src/middleware/validation.ts": {"path":"/Users/ibeast/Documents/repos/nexus-architect/backend/src/middleware/validation.ts","statementMap":{"0":{"start":{"line":7,"column":29},"end":{"line":28,"column":null}},"1":{"start":{"line":33,"column":28},"end":{"line":47,"column":null}},"2":{"start":{"line":52,"column":33},"end":{"line":62,"column":null}},"3":{"start":{"line":77,"column":42},"end":{"line":77,"column":null}},"4":{"start":{"line":79,"column":2},"end":{"line":84,"column":null}},"5":{"start":{"line":80,"column":16},"end":{"line":80,"column":null}},"6":{"start":{"line":81,"column":4},"end":{"line":83,"column":null}},"7":{"start":{"line":82,"column":6},"end":{"line":82,"column":null}},"8":{"start":{"line":86,"column":2},"end":{"line":90,"column":null}},"9":{"start":{"line":101,"column":27},"end":{"line":104,"column":null}},"10":{"start":{"line":106,"column":2},"end":{"line":109,"column":null}},"11":{"start":{"line":107,"column":4},"end":{"line":107,"column":null}},"12":{"start":{"line":108,"column":4},"end":{"line":108,"column":null}},"13":{"start":{"line":112,"column":2},"end":{"line":112,"column":null}},"14":{"start":{"line":113,"column":2},"end":{"line":113,"column":null}},"15":{"start":{"line":124,"column":27},"end":{"line":127,"column":null}},"16":{"start":{"line":129,"column":2},"end":{"line":132,"column":null}},"17":{"start":{"line":130,"column":4},"end":{"line":130,"column":null}},"18":{"start":{"line":131,"column":4},"end":{"line":131,"column":null}},"19":{"start":{"line":135,"column":2},"end":{"line":135,"column":null}},"20":{"start":{"line":136,"column":2},"end":{"line":136,"column":null}},"21":{"start":{"line":143,"column":2},"end":{"line":156,"column":null}},"22":{"start":{"line":144,"column":29},"end":{"line":147,"column":null}},"23":{"start":{"line":149,"column":4},"end":{"line":152,"column":null}},"24":{"start":{"line":150,"column":6},"end":{"line":150,"column":null}},"25":{"start":{"line":151,"column":6},"end":{"line":151,"column":null}},"26":{"start":{"line":154,"column":4},"end":{"line":154,"column":null}},"27":{"start":{"line":155,"column":4},"end":{"line":155,"column":null}}},"fnMap":{"0":{"name":"formatValidationError","decl":{"start":{"line":76,"column":9},"end":{"line":76,"column":31}},"loc":{"start":{"line":76,"column":76},"end":{"line":91,"column":null}},"line":76},"1":{"name":"validateProject","decl":{"start":{"line":96,"column":16},"end":{"line":96,"column":null}},"loc":{"start":{"line":100,"column":8},"end":{"line":114,"column":null}},"line":100},"2":{"name":"validateSchema","decl":{"start":{"line":119,"column":16},"end":{"line":119,"column":null}},"loc":{"start":{"line":123,"column":8},"end":{"line":137,"column":null}},"line":123},"3":{"name":"createValidator","decl":{"start":{"line":142,"column":16},"end":{"line":142,"column":32}},"loc":{"start":{"line":142,"column":58},"end":{"line":157,"column":null}},"line":142},"4":{"name":"(anonymous_4)","decl":{"start":{"line":143,"column":9},"end":{"line":143,"column":10}},"loc":{"start":{"line":143,"column":68},"end":{"line":156,"column":null}},"line":143}},"branchMap":{"0":{"loc":{"start":{"line":81,"column":4},"end":{"line":83,"column":null}},"type":"if","locations":[{"start":{"line":81,"column":4},"end":{"line":83,"column":null}},{"start":{},"end":{}}],"line":81},"1":{"loc":{"start":{"line":81,"column":8},"end":{"line":81,"column":30}},"type":"binary-expr","locations":[{"start":{"line":81,"column":8},"end":{"line":81,"column":15}},{"start":{"line":81,"column":15},"end":{"line":81,"column":30}}],"line":81},"2":{"loc":{"start":{"line":88,"column":11},"end":{"line":88,"column":null}},"type":"binary-expr","locations":[{"start":{"line":88,"column":11},"end":{"line":88,"column":40}},{"start":{"line":88,"column":40},"end":{"line":88,"column":null}}],"line":88},"3":{"loc":{"start":{"line":106,"column":2},"end":{"line":109,"column":null}},"type":"if","locations":[{"start":{"line":106,"column":2},"end":{"line":109,"column":null}},{"start":{},"end":{}}],"line":106},"4":{"loc":{"start":{"line":129,"column":2},"end":{"line":132,"column":null}},"type":"if","locations":[{"start":{"line":129,"column":2},"end":{"line":132,"column":null}},{"start":{},"end":{}}],"line":129},"5":{"loc":{"start":{"line":149,"column":4},"end":{"line":152,"column":null}},"type":"if","locations":[{"start":{"line":149,"column":4},"end":{"line":152,"column":null}},{"start":{},"end":{}}],"line":149}},"s":{"0":1,"1":1,"2":1,"3":4,"4":4,"5":4,"6":4,"7":4,"8":4,"9":4,"10":4,"11":2,"12":2,"13":2,"14":2,"15":2,"16":2,"17":1,"18":1,"19":1,"20":1,"21":2,"22":2,"23":2,"24":1,"25":1,"26":1,"27":1},"f":{"0":4,"1":4,"2":2,"3":2,"4":2},"b":{"0":[4,0],"1":[4,4],"2":[4,0],"3":[2,2],"4":[1,1],"5":[1,1]},"meta":{"lastBranch":6,"lastFunction":5,"lastStatement":28,"seen":{"s:7:29:28:Infinity":0,"s:33:28:47:Infinity":1,"s:52:33:62:Infinity":2,"f:76:9:76:31":0,"s:77:42:77:Infinity":3,"s:79:2:84:Infinity":4,"s:80:16:80:Infinity":5,"b:81:4:83:Infinity:undefined:undefined:undefined:undefined":0,"s:81:4:83:Infinity":6,"b:81:8:81:15:81:15:81:30":1,"s:82:6:82:Infinity":7,"s:86:2:90:Infinity":8,"b:88:11:88:40:88:40:88:Infinity":2,"f:96:16:96:Infinity":1,"s:101:27:104:Infinity":9,"b:106:2:109:Infinity:undefined:undefined:undefined:undefined":3,"s:106:2:109:Infinity":10,"s:107:4:107:Infinity":11,"s:108:4:108:Infinity":12,"s:112:2:112:Infinity":13,"s:113:2:113:Infinity":14,"f:119:16:119:Infinity":2,"s:124:27:127:Infinity":15,"b:129:2:132:Infinity:undefined:undefined:undefined:undefined":4,"s:129:2:132:Infinity":16,"s:130:4:130:Infinity":17,"s:131:4:131:Infinity":18,"s:135:2:135:Infinity":19,"s:136:2:136:Infinity":20,"f:142:16:142:32":3,"s:143:2:156:Infinity":21,"f:143:9:143:10":4,"s:144:29:147:Infinity":22,"b:149:4:152:Infinity:undefined:undefined:undefined:undefined":5,"s:149:4:152:Infinity":23,"s:150:6:150:Infinity":24,"s:151:6:151:Infinity":25,"s:154:4:154:Infinity":26,"s:155:4:155:Infinity":27}}}
,"/Users/ibeast/Documents/repos/nexus-architect/backend/src/routes/api.ts": {"path":"/Users/ibeast/Documents/repos/nexus-architect/backend/src/routes/api.ts","statementMap":{"0":{"start":{"line":11,"column":6},"end":{"line":11,"column":null}},"1":{"start":{"line":14,"column":0},"end":{"line":14,"column":null}},"2":{"start":{"line":17,"column":0},"end":{"line":36,"column":null}},"3":{"start":{"line":18,"column":46},"end":{"line":18,"column":null}},"4":{"start":{"line":20,"column":2},"end":{"line":25,"column":null}},"5":{"start":{"line":21,"column":4},"end":{"line":24,"column":null}},"6":{"start":{"line":27,"column":2},"end":{"line":32,"column":null}},"7":{"start":{"line":28,"column":4},"end":{"line":31,"column":null}},"8":{"start":{"line":34,"column":17},"end":{"line":34,"column":null}},"9":{"start":{"line":35,"column":2},"end":{"line":35,"column":null}}},"fnMap":{"0":{"name":"(anonymous_0)","decl":{"start":{"line":17,"column":74},"end":{"line":17,"column":81}},"loc":{"start":{"line":17,"column":94},"end":{"line":36,"column":1}},"line":17}},"branchMap":{"0":{"loc":{"start":{"line":20,"column":2},"end":{"line":25,"column":null}},"type":"if","locations":[{"start":{"line":20,"column":2},"end":{"line":25,"column":null}},{"start":{},"end":{}}],"line":20},"1":{"loc":{"start":{"line":20,"column":6},"end":{"line":20,"column":30}},"type":"binary-expr","locations":[{"start":{"line":20,"column":6},"end":{"line":20,"column":20}},{"start":{"line":20,"column":20},"end":{"line":20,"column":30}}],"line":20},"2":{"loc":{"start":{"line":27,"column":2},"end":{"line":32,"column":null}},"type":"if","locations":[{"start":{"line":27,"column":2},"end":{"line":32,"column":null}},{"start":{},"end":{}}],"line":27}},"s":{"0":1,"1":1,"2":1,"3":4,"4":4,"5":2,"6":2,"7":1,"8":1,"9":1},"f":{"0":4},"b":{"0":[2,2],"1":[4,3],"2":[1,1]},"meta":{"lastBranch":3,"lastFunction":1,"lastStatement":10,"seen":{"s:11:6:11:Infinity":0,"s:14:0:14:Infinity":1,"s:17:0:36:Infinity":2,"f:17:74:17:81":0,"s:18:46:18:Infinity":3,"b:20:2:25:Infinity:undefined:undefined:undefined:undefined":0,"s:20:2:25:Infinity":4,"b:20:6:20:20:20:20:20:30":1,"s:21:4:24:Infinity":5,"b:27:2:32:Infinity:undefined:undefined:undefined:undefined":2,"s:27:2:32:Infinity":6,"s:28:4:31:Infinity":7,"s:34:17:34:Infinity":8,"s:35:2:35:Infinity":9}}}
,"/Users/ibeast/Documents/repos/nexus-architect/backend/src/routes/health.ts": {"path":"/Users/ibeast/Documents/repos/nexus-architect/backend/src/routes/health.ts","statementMap":{"0":{"start":{"line":9,"column":6},"end":{"line":9,"column":null}},"1":{"start":{"line":11,"column":0},"end":{"line":19,"column":null}},"2":{"start":{"line":12,"column":2},"end":{"line":18,"column":null}},"3":{"start":{"line":21,"column":0},"end":{"line":35,"column":null}},"4":{"start":{"line":22,"column":22},"end":{"line":22,"column":null}},"5":{"start":{"line":23,"column":2},"end":{"line":34,"column":null}}},"fnMap":{"0":{"name":"(anonymous_0)","decl":{"start":{"line":11,"column":22},"end":{"line":11,"column":23}},"loc":{"start":{"line":11,"column":37},"end":{"line":19,"column":1}},"line":11},"1":{"name":"(anonymous_1)","decl":{"start":{"line":21,"column":31},"end":{"line":21,"column":32}},"loc":{"start":{"line":21,"column":46},"end":{"line":35,"column":1}},"line":21}},"branchMap":{"0":{"loc":{"start":{"line":32,"column":13},"end":{"line":32,"column":null}},"type":"binary-expr","locations":[{"start":{"line":32,"column":13},"end":{"line":32,"column":48}},{"start":{"line":32,"column":48},"end":{"line":32,"column":null}}],"line":32}},"s":{"0":2,"1":2,"2":2,"3":2,"4":1,"5":1},"f":{"0":2,"1":1},"b":{"0":[1,0]},"meta":{"lastBranch":1,"lastFunction":2,"lastStatement":6,"seen":{"s:9:6:9:Infinity":0,"s:11:0:19:Infinity":1,"f:11:22:11:23":0,"s:12:2:18:Infinity":2,"s:21:0:35:Infinity":3,"f:21:31:21:32":1,"s:22:22:22:Infinity":4,"s:23:2:34:Infinity":5,"b:32:13:32:48:32:48:32:Infinity":0}}}
,"/Users/ibeast/Documents/repos/nexus-architect/backend/src/services/ai-service.ts": {"path":"/Users/ibeast/Documents/repos/nexus-architect/backend/src/services/ai-service.ts","statementMap":{"0":{"start":{"line":4,"column":17},"end":{"line":4,"column":null}},"1":{"start":{"line":5,"column":15},"end":{"line":5,"column":null}},"2":{"start":{"line":6,"column":23},"end":{"line":6,"column":null}},"3":{"start":{"line":8,"column":34},"end":{"line":8,"column":null}},"4":{"start":{"line":11,"column":2},"end":{"line":16,"column":null}},"5":{"start":{"line":12,"column":4},"end":{"line":12,"column":null}},"6":{"start":{"line":13,"column":4},"end":{"line":13,"column":null}},"7":{"start":{"line":15,"column":4},"end":{"line":15,"column":null}},"8":{"start":{"line":24,"column":2},"end":{"line":30,"column":null}},"9":{"start":{"line":25,"column":4},"end":{"line":29,"column":null}},"10":{"start":{"line":33,"column":8},"end":{"line":33,"column":null}},"11":{"start":{"line":34,"column":17},"end":{"line":34,"column":null}},"12":{"start":{"line":35,"column":2},"end":{"line":37,"column":null}},"13":{"start":{"line":36,"column":4},"end":{"line":36,"column":null}},"14":{"start":{"line":39,"column":2},"end":{"line":78,"column":null}},"15":{"start":{"line":40,"column":21},"end":{"line":49,"column":null}},"16":{"start":{"line":51,"column":19},"end":{"line":54,"column":null}},"17":{"start":{"line":56,"column":23},"end":{"line":56,"column":null}},"18":{"start":{"line":59,"column":21},"end":{"line":59,"column":null}},"19":{"start":{"line":60,"column":4},"end":{"line":64,"column":null}},"20":{"start":{"line":61,"column":6},"end":{"line":61,"column":null}},"21":{"start":{"line":62,"column":4},"end":{"line":64,"column":null}},"22":{"start":{"line":63,"column":6},"end":{"line":63,"column":null}},"23":{"start":{"line":67,"column":21},"end":{"line":67,"column":null}},"24":{"start":{"line":68,"column":4},"end":{"line":68,"column":null}},"25":{"start":{"line":70,"column":4},"end":{"line":70,"column":null}},"26":{"start":{"line":72,"column":4},"end":{"line":72,"column":null}},"27":{"start":{"line":73,"column":4},"end":{"line":77,"column":null}},"28":{"start":{"line":82,"column":2},"end":{"line":82,"column":null}}},"fnMap":{"0":{"name":"initializeAzureAI","decl":{"start":{"line":10,"column":16},"end":{"line":10,"column":36}},"loc":{"start":{"line":10,"column":36},"end":{"line":17,"column":null}},"line":10},"1":{"name":"generateXMLSample","decl":{"start":{"line":19,"column":22},"end":{"line":19,"column":null}},"loc":{"start":{"line":23,"column":62},"end":{"line":79,"column":null}},"line":23},"2":{"name":"isAzureAIConfigured","decl":{"start":{"line":81,"column":16},"end":{"line":81,"column":47}},"loc":{"start":{"line":81,"column":47},"end":{"line":83,"column":null}},"line":81}},"branchMap":{"0":{"loc":{"start":{"line":4,"column":17},"end":{"line":4,"column":null}},"type":"binary-expr","locations":[{"start":{"line":4,"column":17},"end":{"line":4,"column":54}},{"start":{"line":4,"column":54},"end":{"line":4,"column":null}}],"line":4},"1":{"loc":{"start":{"line":5,"column":15},"end":{"line":5,"column":null}},"type":"binary-expr","locations":[{"start":{"line":5,"column":15},"end":{"line":5,"column":51}},{"start":{"line":5,"column":51},"end":{"line":5,"column":null}}],"line":5},"2":{"loc":{"start":{"line":6,"column":23},"end":{"line":6,"column":null}},"type":"binary-expr","locations":[{"start":{"line":6,"column":23},"end":{"line":6,"column":62}},{"start":{"line":6,"column":62},"end":{"line":6,"column":null}}],"line":6},"3":{"loc":{"start":{"line":11,"column":2},"end":{"line":16,"column":null}},"type":"if","locations":[{"start":{"line":11,"column":2},"end":{"line":16,"column":null}},{"start":{"line":14,"column":9},"end":{"line":16,"column":null}}],"line":11},"4":{"loc":{"start":{"line":11,"column":6},"end":{"line":11,"column":26}},"type":"binary-expr","locations":[{"start":{"line":11,"column":6},"end":{"line":11,"column":18}},{"start":{"line":11,"column":18},"end":{"line":11,"column":26}}],"line":11},"5":{"loc":{"start":{"line":22,"column":2},"end":{"line":22,"column":null}},"type":"default-arg","locations":[{"start":{"line":22,"column":16},"end":{"line":22,"column":null}}],"line":22},"6":{"loc":{"start":{"line":24,"column":2},"end":{"line":30,"column":null}},"type":"if","locations":[{"start":{"line":24,"column":2},"end":{"line":30,"column":null}},{"start":{},"end":{}}],"line":24},"7":{"loc":{"start":{"line":35,"column":2},"end":{"line":37,"column":null}},"type":"if","locations":[{"start":{"line":35,"column":2},"end":{"line":37,"column":null}},{"start":{},"end":{}}],"line":35},"8":{"loc":{"start":{"line":56,"column":23},"end":{"line":56,"column":null}},"type":"binary-expr","locations":[{"start":{"line":56,"column":23},"end":{"line":56,"column":70}},{"start":{"line":56,"column":70},"end":{"line":56,"column":null}}],"line":56},"9":{"loc":{"start":{"line":60,"column":4},"end":{"line":64,"column":null}},"type":"if","locations":[{"start":{"line":60,"column":4},"end":{"line":64,"column":null}},{"start":{"line":62,"column":4},"end":{"line":64,"column":null}}],"line":60},"10":{"loc":{"start":{"line":62,"column":4},"end":{"line":64,"column":null}},"type":"if","locations":[{"start":{"line":62,"column":4},"end":{"line":64,"column":null}},{"start":{},"end":{}}],"line":62},"11":{"loc":{"start":{"line":76,"column":13},"end":{"line":76,"column":null}},"type":"binary-expr","locations":[{"start":{"line":76,"column":13},"end":{"line":76,"column":30}},{"start":{"line":76,"column":30},"end":{"line":76,"column":null}}],"line":76},"12":{"loc":{"start":{"line":82,"column":12},"end":{"line":82,"column":null}},"type":"binary-expr","locations":[{"start":{"line":82,"column":12},"end":{"line":82,"column":24}},{"start":{"line":82,"column":24},"end":{"line":82,"column":null}}],"line":82}},"s":{"0":5,"1":5,"2":5,"3":5,"4":5,"5":4,"6":4,"7":1,"8":5,"9":1,"10":4,"11":4,"12":4,"13":1,"14":3,"15":3,"16":3,"17":2,"18":5,"19":5,"20":0,"21":2,"22":0,"23":2,"24":2,"25":2,"26":1,"27":1,"28":1},"f":{"0":5,"1":5,"2":1},"b":{"0":[5,1],"1":[5,1],"2":[5,5],"3":[4,1],"4":[5,4],"5":[5],"6":[1,4],"7":[1,3],"8":[2,0],"9":[0,2],"10":[0,2],"11":[1,0],"12":[1,0]},"meta":{"lastBranch":13,"lastFunction":3,"lastStatement":29,"seen":{"s:4:17:4:Infinity":0,"b:4:17:4:54:4:54:4:Infinity":0,"s:5:15:5:Infinity":1,"b:5:15:5:51:5:51:5:Infinity":1,"s:6:23:6:Infinity":2,"b:6:23:6:62:6:62:6:Infinity":2,"s:8:34:8:Infinity":3,"f:10:16:10:36":0,"b:11:2:16:Infinity:14:9:16:Infinity":3,"s:11:2:16:Infinity":4,"b:11:6:11:18:11:18:11:26":4,"s:12:4:12:Infinity":5,"s:13:4:13:Infinity":6,"s:15:4:15:Infinity":7,"f:19:22:19:Infinity":1,"b:22:16:22:Infinity":5,"b:24:2:30:Infinity:undefined:undefined:undefined:undefined":6,"s:24:2:30:Infinity":8,"s:25:4:29:Infinity":9,"s:33:8:33:Infinity":10,"s:34:17:34:Infinity":11,"b:35:2:37:Infinity:undefined:undefined:undefined:undefined":7,"s:35:2:37:Infinity":12,"s:36:4:36:Infinity":13,"s:39:2:78:Infinity":14,"s:40:21:49:Infinity":15,"s:51:19:54:Infinity":16,"s:56:23:56:Infinity":17,"b:56:23:56:70:56:70:56:Infinity":8,"s:59:21:59:Infinity":18,"b:60:4:64:Infinity:62:4:64:Infinity":9,"s:60:4:64:Infinity":19,"s:61:6:61:Infinity":20,"b:62:4:64:Infinity:undefined:undefined:undefined:undefined":10,"s:62:4:64:Infinity":21,"s:63:6:63:Infinity":22,"s:67:21:67:Infinity":23,"s:68:4:68:Infinity":24,"s:70:4:70:Infinity":25,"s:72:4:72:Infinity":26,"s:73:4:77:Infinity":27,"b:76:13:76:30:76:30:76:Infinity":11,"f:81:16:81:47":2,"s:82:2:82:Infinity":28,"b:82:12:82:24:82:24:82:Infinity":12}}}
,"/Users/ibeast/Documents/repos/nexus-architect/backend/src/services/cache-service.ts": {"path":"/Users/ibeast/Documents/repos/nexus-architect/backend/src/services/cache-service.ts","statementMap":{"0":{"start":{"line":11,"column":2},"end":{"line":11,"column":null}},"1":{"start":{"line":15,"column":4},"end":{"line":15,"column":null}},"2":{"start":{"line":19,"column":18},"end":{"line":19,"column":null}},"3":{"start":{"line":20,"column":4},"end":{"line":20,"column":null}},"4":{"start":{"line":20,"column":16},"end":{"line":20,"column":null}},"5":{"start":{"line":21,"column":4},"end":{"line":24,"column":null}},"6":{"start":{"line":22,"column":6},"end":{"line":22,"column":null}},"7":{"start":{"line":23,"column":6},"end":{"line":23,"column":null}},"8":{"start":{"line":25,"column":4},"end":{"line":25,"column":null}},"9":{"start":{"line":29,"column":4},"end":{"line":32,"column":null}},"10":{"start":{"line":36,"column":4},"end":{"line":36,"column":null}},"11":{"start":{"line":40,"column":4},"end":{"line":40,"column":null}},"12":{"start":{"line":44,"column":4},"end":{"line":44,"column":null}},"13":{"start":{"line":49,"column":4},"end":{"line":49,"column":null}},"14":{"start":{"line":50,"column":4},"end":{"line":50,"column":null}},"15":{"start":{"line":54,"column":16},"end":{"line":54,"column":null}},"16":{"start":{"line":55,"column":4},"end":{"line":59,"column":null}},"17":{"start":{"line":56,"column":6},"end":{"line":58,"column":null}},"18":{"start":{"line":57,"column":8},"end":{"line":57,"column":null}},"19":{"start":{"line":64,"column":23},"end":{"line":64,"column":null}},"20":{"start":{"line":71,"column":16},"end":{"line":71,"column":null}},"21":{"start":{"line":72,"column":13},"end":{"line":72,"column":null}},"22":{"start":{"line":73,"column":2},"end":{"line":77,"column":null}},"23":{"start":{"line":73,"column":15},"end":{"line":73,"column":18}},"24":{"start":{"line":74,"column":17},"end":{"line":74,"column":null}},"25":{"start":{"line":75,"column":4},"end":{"line":75,"column":null}},"26":{"start":{"line":76,"column":4},"end":{"line":76,"column":null}},"27":{"start":{"line":78,"column":2},"end":{"line":78,"column":null}}},"fnMap":{"0":{"name":"(anonymous_0)","decl":{"start":{"line":14,"column":2},"end":{"line":14,"column":14}},"loc":{"start":{"line":14,"column":46},"end":{"line":16,"column":null}},"line":14},"1":{"name":"(anonymous_1)","decl":{"start":{"line":18,"column":2},"end":{"line":18,"column":6}},"loc":{"start":{"line":18,"column":34},"end":{"line":26,"column":null}},"line":18},"2":{"name":"(anonymous_2)","decl":{"start":{"line":28,"column":2},"end":{"line":28,"column":6}},"loc":{"start":{"line":28,"column":51},"end":{"line":33,"column":null}},"line":28},"3":{"name":"(anonymous_3)","decl":{"start":{"line":35,"column":2},"end":{"line":35,"column":6}},"loc":{"start":{"line":35,"column":28},"end":{"line":37,"column":null}},"line":35},"4":{"name":"(anonymous_4)","decl":{"start":{"line":39,"column":2},"end":{"line":39,"column":9}},"loc":{"start":{"line":39,"column":31},"end":{"line":41,"column":null}},"line":39},"5":{"name":"(anonymous_5)","decl":{"start":{"line":43,"column":2},"end":{"line":43,"column":16}},"loc":{"start":{"line":43,"column":16},"end":{"line":45,"column":null}},"line":43},"6":{"name":"(anonymous_6)","decl":{"start":{"line":47,"column":6},"end":{"line":47,"column":21}},"loc":{"start":{"line":47,"column":21},"end":{"line":51,"column":null}},"line":47},"7":{"name":"(anonymous_7)","decl":{"start":{"line":53,"column":10},"end":{"line":53,"column":26}},"loc":{"start":{"line":53,"column":26},"end":{"line":60,"column":null}},"line":53},"8":{"name":"generateAICacheKey","decl":{"start":{"line":69,"column":16},"end":{"line":69,"column":35}},"loc":{"start":{"line":69,"column":106},"end":{"line":79,"column":null}},"line":69}},"branchMap":{"0":{"loc":{"start":{"line":14,"column":14},"end":{"line":14,"column":46}},"type":"default-arg","locations":[{"start":{"line":14,"column":37},"end":{"line":14,"column":46}}],"line":14},"1":{"loc":{"start":{"line":20,"column":4},"end":{"line":20,"column":null}},"type":"if","locations":[{"start":{"line":20,"column":4},"end":{"line":20,"column":null}},{"start":{},"end":{}}],"line":20},"2":{"loc":{"start":{"line":21,"column":4},"end":{"line":24,"column":null}},"type":"if","locations":[{"start":{"line":21,"column":4},"end":{"line":24,"column":null}},{"start":{},"end":{}}],"line":21},"3":{"loc":{"start":{"line":31,"column":31},"end":{"line":31,"column":null}},"type":"binary-expr","locations":[{"start":{"line":31,"column":31},"end":{"line":31,"column":40}},{"start":{"line":31,"column":40},"end":{"line":31,"column":null}}],"line":31},"4":{"loc":{"start":{"line":56,"column":6},"end":{"line":58,"column":null}},"type":"if","locations":[{"start":{"line":56,"column":6},"end":{"line":58,"column":null}},{"start":{},"end":{}}],"line":56},"5":{"loc":{"start":{"line":69,"column":71},"end":{"line":69,"column":106}},"type":"default-arg","locations":[{"start":{"line":69,"column":93},"end":{"line":69,"column":106}}],"line":69}},"s":{"0":11,"1":11,"2":12,"3":12,"4":5,"5":7,"6":2,"7":2,"8":5,"9":12,"10":2,"11":2,"12":1,"13":2,"14":2,"15":2,"16":2,"17":4,"18":2,"19":1,"20":5,"21":5,"22":5,"23":5,"24":131,"25":131,"26":131,"27":5},"f":{"0":11,"1":12,"2":12,"3":2,"4":2,"5":1,"6":2,"7":2,"8":5},"b":{"0":[11],"1":[5,7],"2":[2,5],"3":[12,10],"4":[2,2],"5":[5]},"meta":{"lastBranch":6,"lastFunction":9,"lastStatement":28,"seen":{"f:14:2:14:14":0,"b:14:37:14:46":0,"s:11:2:11:Infinity":0,"s:15:4:15:Infinity":1,"f:18:2:18:6":1,"s:19:18:19:Infinity":2,"b:20:4:20:Infinity:undefined:undefined:undefined:undefined":1,"s:20:4:20:Infinity":3,"s:20:16:20:Infinity":4,"b:21:4:24:Infinity:undefined:undefined:undefined:undefined":2,"s:21:4:24:Infinity":5,"s:22:6:22:Infinity":6,"s:23:6:23:Infinity":7,"s:25:4:25:Infinity":8,"f:28:2:28:6":2,"s:29:4:32:Infinity":9,"b:31:31:31:40:31:40:31:Infinity":3,"f:35:2:35:6":3,"s:36:4:36:Infinity":10,"f:39:2:39:9":4,"s:40:4:40:Infinity":11,"f:43:2:43:16":5,"s:44:4:44:Infinity":12,"f:47:6:47:21":6,"s:49:4:49:Infinity":13,"s:50:4:50:Infinity":14,"f:53:10:53:26":7,"s:54:16:54:Infinity":15,"s:55:4:59:Infinity":16,"b:56:6:58:Infinity:undefined:undefined:undefined:undefined":4,"s:56:6:58:Infinity":17,"s:57:8:57:Infinity":18,"s:64:23:64:Infinity":19,"f:69:16:69:35":8,"b:69:93:69:106":5,"s:71:16:71:Infinity":20,"s:72:13:72:Infinity":21,"s:73:2:77:Infinity":22,"s:73:15:73:18":23,"s:74:17:74:Infinity":24,"s:75:4:75:Infinity":25,"s:76:4:76:Infinity":26,"s:78:2:78:Infinity":27}}}
,"/Users/ibeast/Documents/repos/nexus-architect/backend/src/services/collaboration-service.ts": {"path":"/Users/ibeast/Documents/repos/nexus-architect/backend/src/services/collaboration-service.ts","statementMap":{"0":{"start":{"line":30,"column":2},"end":{"line":30,"column":null}},"1":{"start":{"line":31,"column":2},"end":{"line":31,"column":null}},"2":{"start":{"line":38,"column":2},"end":{"line":38,"column":null}},"3":{"start":{"line":39,"column":2},"end":{"line":39,"column":null}},"4":{"start":{"line":46,"column":8},"end":{"line":46,"column":null}},"5":{"start":{"line":47,"column":2},"end":{"line":47,"column":null}},"6":{"start":{"line":54,"column":2},"end":{"line":54,"column":null}},"7":{"start":{"line":61,"column":2},"end":{"line":61,"column":null}}},"fnMap":{"0":{"name":"joinSchema","decl":{"start":{"line":29,"column":16},"end":{"line":29,"column":27}},"loc":{"start":{"line":29,"column":75},"end":{"line":32,"column":null}},"line":29},"1":{"name":"leaveSchema","decl":{"start":{"line":37,"column":16},"end":{"line":37,"column":28}},"loc":{"start":{"line":37,"column":77},"end":{"line":40,"column":null}},"line":37},"2":{"name":"handleDisconnect","decl":{"start":{"line":45,"column":16},"end":{"line":45,"column":33}},"loc":{"start":{"line":45,"column":69},"end":{"line":48,"column":null}},"line":45},"3":{"name":"getSchemaUsers","decl":{"start":{"line":53,"column":16},"end":{"line":53,"column":31}},"loc":{"start":{"line":53,"column":74},"end":{"line":55,"column":null}},"line":53},"4":{"name":"getActiveRoomCount","decl":{"start":{"line":60,"column":16},"end":{"line":60,"column":45}},"loc":{"start":{"line":60,"column":45},"end":{"line":62,"column":null}},"line":60}},"branchMap":{},"s":{"0":11,"1":11,"2":2,"3":2,"4":2,"5":2,"6":2,"7":3},"f":{"0":11,"1":2,"2":2,"3":2,"4":3},"b":{},"meta":{"lastBranch":0,"lastFunction":5,"lastStatement":8,"seen":{"f:29:16:29:27":0,"s:30:2:30:Infinity":0,"s:31:2:31:Infinity":1,"f:37:16:37:28":1,"s:38:2:38:Infinity":2,"s:39:2:39:Infinity":3,"f:45:16:45:33":2,"s:46:8:46:Infinity":4,"s:47:2:47:Infinity":5,"f:53:16:53:31":3,"s:54:2:54:Infinity":6,"f:60:16:60:45":4,"s:61:2:61:Infinity":7}}}
,"/Users/ibeast/Documents/repos/nexus-architect/backend/src/services/metrics-service.ts": {"path":"/Users/ibeast/Documents/repos/nexus-architect/backend/src/services/metrics-service.ts","statementMap":{"0":{"start":{"line":36,"column":48},"end":{"line":36,"column":null}},"1":{"start":{"line":37,"column":33},"end":{"line":37,"column":null}},"2":{"start":{"line":40,"column":2},"end":{"line":40,"column":null}},"3":{"start":{"line":40,"column":27},"end":{"line":40,"column":null}},"4":{"start":{"line":41,"column":14},"end":{"line":41,"column":null}},"5":{"start":{"line":42,"column":2},"end":{"line":42,"column":null}},"6":{"start":{"line":53,"column":14},"end":{"line":53,"column":null}},"7":{"start":{"line":54,"column":2},"end":{"line":57,"column":null}},"8":{"start":{"line":55,"column":4},"end":{"line":55,"column":null}},"9":{"start":{"line":56,"column":4},"end":{"line":56,"column":null}},"10":{"start":{"line":59,"column":2},"end":{"line":59,"column":null}},"11":{"start":{"line":60,"column":2},"end":{"line":60,"column":null}},"12":{"start":{"line":61,"column":2},"end":{"line":61,"column":null}},"13":{"start":{"line":64,"column":2},"end":{"line":66,"column":null}},"14":{"start":{"line":65,"column":4},"end":{"line":65,"column":null}},"15":{"start":{"line":75,"column":2},"end":{"line":75,"column":null}},"16":{"start":{"line":82,"column":2},"end":{"line":82,"column":null}},"17":{"start":{"line":89,"column":14},"end":{"line":89,"column":null}},"18":{"start":{"line":90,"column":64},"end":{"line":90,"column":null}},"19":{"start":{"line":92,"column":2},"end":{"line":108,"column":null}},"20":{"start":{"line":93,"column":4},"end":{"line":93,"column":null}},"21":{"start":{"line":94,"column":19},"end":{"line":94,"column":null}},"22":{"start":{"line":94,"column":55},"end":{"line":94,"column":60}},"23":{"start":{"line":96,"column":6},"end":{"line":98,"column":null}},"24":{"start":{"line":97,"column":34},"end":{"line":97,"column":41}},"25":{"start":{"line":100,"column":4},"end":{"line":107,"column":null}},"26":{"start":{"line":110,"column":2},"end":{"line":114,"column":null}},"27":{"start":{"line":121,"column":2},"end":{"line":121,"column":null}},"28":{"start":{"line":122,"column":2},"end":{"line":122,"column":null}}},"fnMap":{"0":{"name":"percentile","decl":{"start":{"line":39,"column":9},"end":{"line":39,"column":20}},"loc":{"start":{"line":39,"column":57},"end":{"line":43,"column":null}},"line":39},"1":{"name":"recordRequest","decl":{"start":{"line":48,"column":16},"end":{"line":48,"column":null}},"loc":{"start":{"line":52,"column":8},"end":{"line":67,"column":null}},"line":52},"2":{"name":"recordWebSocketConnection","decl":{"start":{"line":74,"column":16},"end":{"line":74,"column":42}},"loc":{"start":{"line":74,"column":63},"end":{"line":76,"column":null}},"line":74},"3":{"name":"getActiveConnections","decl":{"start":{"line":81,"column":16},"end":{"line":81,"column":47}},"loc":{"start":{"line":81,"column":47},"end":{"line":83,"column":null}},"line":81},"4":{"name":"getMetrics","decl":{"start":{"line":88,"column":16},"end":{"line":88,"column":46}},"loc":{"start":{"line":88,"column":46},"end":{"line":115,"column":null}},"line":88},"5":{"name":"(anonymous_5)","decl":{"start":{"line":94,"column":45},"end":{"line":94,"column":46}},"loc":{"start":{"line":94,"column":55},"end":{"line":94,"column":60}},"line":94},"6":{"name":"(anonymous_6)","decl":{"start":{"line":97,"column":24},"end":{"line":97,"column":25}},"loc":{"start":{"line":97,"column":34},"end":{"line":97,"column":41}},"line":97},"7":{"name":"resetMetrics","decl":{"start":{"line":120,"column":16},"end":{"line":120,"column":37}},"loc":{"start":{"line":120,"column":37},"end":{"line":123,"column":null}},"line":120}},"branchMap":{"0":{"loc":{"start":{"line":40,"column":2},"end":{"line":40,"column":null}},"type":"if","locations":[{"start":{"line":40,"column":2},"end":{"line":40,"column":null}},{"start":{},"end":{}}],"line":40},"1":{"loc":{"start":{"line":54,"column":2},"end":{"line":57,"column":null}},"type":"if","locations":[{"start":{"line":54,"column":2},"end":{"line":57,"column":null}},{"start":{},"end":{}}],"line":54},"2":{"loc":{"start":{"line":60,"column":35},"end":{"line":60,"column":73}},"type":"binary-expr","locations":[{"start":{"line":60,"column":35},"end":{"line":60,"column":68}},{"start":{"line":60,"column":68},"end":{"line":60,"column":73}}],"line":60},"3":{"loc":{"start":{"line":64,"column":2},"end":{"line":66,"column":null}},"type":"if","locations":[{"start":{"line":64,"column":2},"end":{"line":66,"column":null}},{"start":{},"end":{}}],"line":64},"4":{"loc":{"start":{"line":96,"column":6},"end":{"line":98,"column":null}},"type":"cond-expr","locations":[{"start":{"line":97,"column":10},"end":{"line":97,"column":null}},{"start":{"line":98,"column":10},"end":{"line":98,"column":null}}],"line":96}},"s":{"0":2,"1":2,"2":12,"3":0,"4":12,"5":12,"6":110,"7":110,"8":9,"9":9,"10":110,"11":110,"12":110,"13":110,"14":0,"15":8,"16":4,"17":7,"18":7,"19":7,"20":4,"21":4,"22":102,"23":4,"24":105,"25":4,"26":7,"27":14,"28":14},"f":{"0":12,"1":110,"2":8,"3":4,"4":7,"5":102,"6":105,"7":14},"b":{"0":[0,12],"1":[9,101],"2":[110,10],"3":[0,110],"4":[4,0]},"meta":{"lastBranch":5,"lastFunction":8,"lastStatement":29,"seen":{"s:36:48:36:Infinity":0,"s:37:33:37:Infinity":1,"f:39:9:39:20":0,"b:40:2:40:Infinity:undefined:undefined:undefined:undefined":0,"s:40:2:40:Infinity":2,"s:40:27:40:Infinity":3,"s:41:14:41:Infinity":4,"s:42:2:42:Infinity":5,"f:48:16:48:Infinity":1,"s:53:14:53:Infinity":6,"b:54:2:57:Infinity:undefined:undefined:undefined:undefined":1,"s:54:2:57:Infinity":7,"s:55:4:55:Infinity":8,"s:56:4:56:Infinity":9,"s:59:2:59:Infinity":10,"s:60:2:60:Infinity":11,"b:60:35:60:68:60:68:60:73":2,"s:61:2:61:Infinity":12,"b:64:2:66:Infinity:undefined:undefined:undefined:undefined":3,"s:64:2:66:Infinity":13,"s:65:4:65:Infinity":14,"f:74:16:74:42":2,"s:75:2:75:Infinity":15,"f:81:16:81:47":3,"s:82:2:82:Infinity":16,"f:88:16:88:46":4,"s:89:14:89:Infinity":17,"s:90:64:90:Infinity":18,"s:92:2:108:Infinity":19,"s:93:4:93:Infinity":20,"s:94:19:94:Infinity":21,"f:94:45:94:46":5,"s:94:55:94:60":22,"s:96:6:98:Infinity":23,"b:97:10:97:Infinity:98:10:98:Infinity":4,"f:97:24:97:25":6,"s:97:34:97:41":24,"s:100:4:107:Infinity":25,"s:110:2:114:Infinity":26,"f:120:16:120:37":7,"s:121:2:121:Infinity":27,"s:122:2:122:Infinity":28}}}
,"/Users/ibeast/Documents/repos/nexus-architect/backend/src/websocket/handlers.ts": {"path":"/Users/ibeast/Documents/repos/nexus-architect/backend/src/websocket/handlers.ts","statementMap":{"0":{"start":{"line":17,"column":2},"end":{"line":73,"column":null}},"1":{"start":{"line":18,"column":4},"end":{"line":18,"column":null}},"2":{"start":{"line":20,"column":4},"end":{"line":30,"column":null}},"3":{"start":{"line":21,"column":22},"end":{"line":21,"column":null}},"4":{"start":{"line":22,"column":6},"end":{"line":22,"column":null}},"5":{"start":{"line":24,"column":6},"end":{"line":27,"column":null}},"6":{"start":{"line":29,"column":6},"end":{"line":29,"column":null}},"7":{"start":{"line":32,"column":4},"end":{"line":42,"column":null}},"8":{"start":{"line":33,"column":22},"end":{"line":33,"column":null}},"9":{"start":{"line":34,"column":6},"end":{"line":34,"column":null}},"10":{"start":{"line":36,"column":6},"end":{"line":39,"column":null}},"11":{"start":{"line":41,"column":6},"end":{"line":41,"column":null}},"12":{"start":{"line":44,"column":4},"end":{"line":52,"column":null}},"13":{"start":{"line":45,"column":6},"end":{"line":49,"column":null}},"14":{"start":{"line":51,"column":6},"end":{"line":51,"column":null}},"15":{"start":{"line":54,"column":4},"end":{"line":60,"column":null}},"16":{"start":{"line":55,"column":6},"end":{"line":59,"column":null}},"17":{"start":{"line":62,"column":4},"end":{"line":72,"column":null}},"18":{"start":{"line":63,"column":6},"end":{"line":63,"column":null}},"19":{"start":{"line":65,"column":24},"end":{"line":65,"column":null}},"20":{"start":{"line":66,"column":6},"end":{"line":71,"column":null}},"21":{"start":{"line":67,"column":8},"end":{"line":70,"column":null}}},"fnMap":{"0":{"name":"setupWebSocket","decl":{"start":{"line":16,"column":16},"end":{"line":16,"column":31}},"loc":{"start":{"line":16,"column":49},"end":{"line":74,"column":null}},"line":16},"1":{"name":"(anonymous_1)","decl":{"start":{"line":17,"column":22},"end":{"line":17,"column":23}},"loc":{"start":{"line":17,"column":34},"end":{"line":73,"column":3}},"line":17},"2":{"name":"(anonymous_2)","decl":{"start":{"line":20,"column":29},"end":{"line":20,"column":30}},"loc":{"start":{"line":20,"column":69},"end":{"line":30,"column":5}},"line":20},"3":{"name":"(anonymous_3)","decl":{"start":{"line":32,"column":30},"end":{"line":32,"column":31}},"loc":{"start":{"line":32,"column":70},"end":{"line":42,"column":5}},"line":32},"4":{"name":"(anonymous_4)","decl":{"start":{"line":44,"column":31},"end":{"line":44,"column":32}},"loc":{"start":{"line":44,"column":96},"end":{"line":52,"column":5}},"line":44},"5":{"name":"(anonymous_5)","decl":{"start":{"line":54,"column":38},"end":{"line":54,"column":39}},"loc":{"start":{"line":54,"column":103},"end":{"line":60,"column":5}},"line":54},"6":{"name":"(anonymous_6)","decl":{"start":{"line":62,"column":28},"end":{"line":62,"column":34}},"loc":{"start":{"line":62,"column":34},"end":{"line":72,"column":5}},"line":62}},"branchMap":{},"s":{"0":8,"1":7,"2":7,"3":1,"4":1,"5":1,"6":1,"7":7,"8":1,"9":1,"10":1,"11":1,"12":7,"13":1,"14":1,"15":7,"16":1,"17":7,"18":2,"19":2,"20":2,"21":2},"f":{"0":8,"1":7,"2":1,"3":1,"4":1,"5":1,"6":2},"b":{},"meta":{"lastBranch":0,"lastFunction":7,"lastStatement":22,"seen":{"f:16:16:16:31":0,"s:17:2:73:Infinity":0,"f:17:22:17:23":1,"s:18:4:18:Infinity":1,"s:20:4:30:Infinity":2,"f:20:29:20:30":2,"s:21:22:21:Infinity":3,"s:22:6:22:Infinity":4,"s:24:6:27:Infinity":5,"s:29:6:29:Infinity":6,"s:32:4:42:Infinity":7,"f:32:30:32:31":3,"s:33:22:33:Infinity":8,"s:34:6:34:Infinity":9,"s:36:6:39:Infinity":10,"s:41:6:41:Infinity":11,"s:44:4:52:Infinity":12,"f:44:31:44:32":4,"s:45:6:49:Infinity":13,"s:51:6:51:Infinity":14,"s:54:4:60:Infinity":15,"f:54:38:54:39":5,"s:55:6:59:Infinity":16,"s:62:4:72:Infinity":17,"f:62:28:62:34":6,"s:63:6:63:Infinity":18,"s:65:24:65:Infinity":19,"s:66:6:71:Infinity":20,"s:67:8:70:Infinity":21}}}
,"/Users/ibeast/Documents/repos/nexus-architect/backend/src/websocket/rooms.ts": {"path":"/Users/ibeast/Documents/repos/nexus-architect/backend/src/websocket/rooms.ts","statementMap":{"0":{"start":{"line":6,"column":20},"end":{"line":6,"column":null}},"1":{"start":{"line":13,"column":2},"end":{"line":15,"column":null}},"2":{"start":{"line":14,"column":4},"end":{"line":14,"column":null}},"3":{"start":{"line":16,"column":2},"end":{"line":16,"column":null}},"4":{"start":{"line":23,"column":16},"end":{"line":23,"column":null}},"5":{"start":{"line":24,"column":2},"end":{"line":24,"column":null}},"6":{"start":{"line":24,"column":14},"end":{"line":24,"column":null}},"7":{"start":{"line":25,"column":2},"end":{"line":25,"column":null}},"8":{"start":{"line":26,"column":2},"end":{"line":28,"column":null}},"9":{"start":{"line":27,"column":4},"end":{"line":27,"column":null}},"10":{"start":{"line":36,"column":32},"end":{"line":36,"column":null}},"11":{"start":{"line":37,"column":2},"end":{"line":45,"column":null}},"12":{"start":{"line":38,"column":4},"end":{"line":44,"column":null}},"13":{"start":{"line":39,"column":6},"end":{"line":39,"column":null}},"14":{"start":{"line":40,"column":6},"end":{"line":40,"column":null}},"15":{"start":{"line":41,"column":6},"end":{"line":43,"column":null}},"16":{"start":{"line":42,"column":8},"end":{"line":42,"column":null}},"17":{"start":{"line":46,"column":2},"end":{"line":46,"column":null}},"18":{"start":{"line":53,"column":2},"end":{"line":53,"column":null}},"19":{"start":{"line":60,"column":2},"end":{"line":60,"column":null}},"20":{"start":{"line":67,"column":2},"end":{"line":67,"column":null}}},"fnMap":{"0":{"name":"addUserToRoom","decl":{"start":{"line":12,"column":16},"end":{"line":12,"column":30}},"loc":{"start":{"line":12,"column":72},"end":{"line":17,"column":null}},"line":12},"1":{"name":"removeUserFromRoom","decl":{"start":{"line":22,"column":16},"end":{"line":22,"column":35}},"loc":{"start":{"line":22,"column":77},"end":{"line":29,"column":null}},"line":22},"2":{"name":"removeUserFromAllRooms","decl":{"start":{"line":35,"column":16},"end":{"line":35,"column":39}},"loc":{"start":{"line":35,"column":67},"end":{"line":47,"column":null}},"line":35},"3":{"name":"(anonymous_3)","decl":{"start":{"line":37,"column":22},"end":{"line":37,"column":23}},"loc":{"start":{"line":37,"column":43},"end":{"line":45,"column":3}},"line":37},"4":{"name":"getRoomUsers","decl":{"start":{"line":52,"column":16},"end":{"line":52,"column":29}},"loc":{"start":{"line":52,"column":72},"end":{"line":54,"column":null}},"line":52},"5":{"name":"getRoomCount","decl":{"start":{"line":59,"column":16},"end":{"line":59,"column":39}},"loc":{"start":{"line":59,"column":39},"end":{"line":61,"column":null}},"line":59},"6":{"name":"clearAllRooms","decl":{"start":{"line":66,"column":16},"end":{"line":66,"column":38}},"loc":{"start":{"line":66,"column":38},"end":{"line":68,"column":null}},"line":66}},"branchMap":{"0":{"loc":{"start":{"line":13,"column":2},"end":{"line":15,"column":null}},"type":"if","locations":[{"start":{"line":13,"column":2},"end":{"line":15,"column":null}},{"start":{},"end":{}}],"line":13},"1":{"loc":{"start":{"line":24,"column":2},"end":{"line":24,"column":null}},"type":"if","locations":[{"start":{"line":24,"column":2},"end":{"line":24,"column":null}},{"start":{},"end":{}}],"line":24},"2":{"loc":{"start":{"line":26,"column":2},"end":{"line":28,"column":null}},"type":"if","locations":[{"start":{"line":26,"column":2},"end":{"line":28,"column":null}},{"start":{},"end":{}}],"line":26},"3":{"loc":{"start":{"line":38,"column":4},"end":{"line":44,"column":null}},"type":"if","locations":[{"start":{"line":38,"column":4},"end":{"line":44,"column":null}},{"start":{},"end":{}}],"line":38},"4":{"loc":{"start":{"line":41,"column":6},"end":{"line":43,"column":null}},"type":"if","locations":[{"start":{"line":41,"column":6},"end":{"line":43,"column":null}},{"start":{},"end":{}}],"line":41}},"s":{"0":2,"1":26,"2":23,"3":26,"4":5,"5":5,"6":1,"7":4,"8":4,"9":3,"10":5,"11":5,"12":7,"13":5,"14":5,"15":5,"16":5,"17":5,"18":7,"19":10,"20":22},"f":{"0":26,"1":5,"2":5,"3":7,"4":7,"5":10,"6":22},"b":{"0":[23,3],"1":[1,4],"2":[3,1],"3":[5,2],"4":[5,0]},"meta":{"lastBranch":5,"lastFunction":7,"lastStatement":21,"seen":{"s:6:20:6:Infinity":0,"f:12:16:12:30":0,"b:13:2:15:Infinity:undefined:undefined:undefined:undefined":0,"s:13:2:15:Infinity":1,"s:14:4:14:Infinity":2,"s:16:2:16:Infinity":3,"f:22:16:22:35":1,"s:23:16:23:Infinity":4,"b:24:2:24:Infinity:undefined:undefined:undefined:undefined":1,"s:24:2:24:Infinity":5,"s:24:14:24:Infinity":6,"s:25:2:25:Infinity":7,"b:26:2:28:Infinity:undefined:undefined:undefined:undefined":2,"s:26:2:28:Infinity":8,"s:27:4:27:Infinity":9,"f:35:16:35:39":2,"s:36:32:36:Infinity":10,"s:37:2:45:Infinity":11,"f:37:22:37:23":3,"b:38:4:44:Infinity:undefined:undefined:undefined:undefined":3,"s:38:4:44:Infinity":12,"s:39:6:39:Infinity":13,"s:40:6:40:Infinity":14,"b:41:6:43:Infinity:undefined:undefined:undefined:undefined":4,"s:41:6:43:Infinity":15,"s:42:8:42:Infinity":16,"s:46:2:46:Infinity":17,"f:52:16:52:29":4,"s:53:2:53:Infinity":18,"f:59:16:59:39":5,"s:60:2:60:Infinity":19,"f:66:16:66:38":6,"s:67:2:67:Infinity":20}}}
}
