TN:
SF:src/index.ts
FN:50,(anonymous_0)
FNF:1
FNH:0
FNDA:0,(anonymous_0)
DA:13,0
DA:16,0
DA:18,0
DA:19,0
DA:20,0
DA:27,0
DA:30,0
DA:31,0
DA:32,0
DA:35,0
DA:38,0
DA:41,0
DA:44,0
DA:47,0
DA:50,0
DA:51,0
DA:52,0
LF:17
LH:0
BRDA:22,0,0,0
BRDA:22,0,1,0
BRDA:27,1,0,0
BRDA:27,1,1,0
BRF:4
BRH:0
end_of_record
TN:
SF:src/middleware/error-handler.ts
FN:11,(anonymous_0)
FN:28,asyncHandler
FN:31,(anonymous_2)
FN:39,errorHandler
FN:91,notFoundHandler
FNF:5
FNH:5
FNDA:4,(anonymous_0)
FNDA:3,asyncHandler
FNDA:6,(anonymous_2)
FNDA:4,errorHandler
FNDA:1,notFoundHandler
DA:17,4
DA:18,4
DA:19,4
DA:20,4
DA:21,4
DA:31,3
DA:32,6
DA:46,4
DA:54,4
DA:55,2
DA:63,2
DA:64,0
DA:71,2
DA:72,1
DA:79,1
DA:92,1
LF:16
LH:15
BRDA:13,0,0,4
BRDA:14,1,0,4
BRDA:51,2,0,4
BRDA:51,2,1,4
BRDA:54,3,0,2
BRDA:54,3,1,2
BRDA:58,4,0,2
BRDA:58,4,1,1
BRDA:63,5,0,0
BRDA:63,5,1,2
BRDA:71,6,0,1
BRDA:71,6,1,1
BRDA:71,7,0,2
BRDA:71,7,1,1
BRDA:82,8,0,0
BRDA:82,8,1,1
BRF:16
BRH:14
end_of_record
TN:
SF:src/middleware/rate-limit.ts
FNF:0
FNH:0
DA:8,1
DA:25,1
DA:42,1
LF:3
LH:3
BRF:0
BRH:0
end_of_record
TN:
SF:src/middleware/request-logger.ts
FN:16,requestLogger
FN:19,(anonymous_1)
FN:23,(anonymous_2)
FNF:3
FNH:3
FNDA:5,requestLogger
FNDA:5,(anonymous_1)
FNDA:5,(anonymous_2)
DA:17,5
DA:19,5
DA:20,5
DA:23,5
DA:24,5
DA:25,5
DA:28,5
DA:30,5
DA:32,2
DA:41,2
DA:44,5
LF:11
LH:11
BRDA:16,0,0,5
BRDA:17,1,0,5
BRDA:17,1,1,3
BRDA:25,2,0,5
BRDA:25,2,1,0
BRDA:30,3,0,3
BRDA:30,3,1,2
BRF:7
BRH:6
end_of_record
TN:
SF:src/middleware/validation.ts
FN:76,formatValidationError
FN:96,validateProject
FN:119,validateSchema
FN:142,createValidator
FN:143,(anonymous_4)
FNF:5
FNH:5
FNDA:4,formatValidationError
FNDA:4,validateProject
FNDA:2,validateSchema
FNDA:2,createValidator
FNDA:2,(anonymous_4)
DA:7,1
DA:33,1
DA:52,1
DA:77,4
DA:79,4
DA:80,4
DA:81,4
DA:82,4
DA:86,4
DA:101,4
DA:106,4
DA:107,2
DA:108,2
DA:112,2
DA:113,2
DA:124,2
DA:129,2
DA:130,1
DA:131,1
DA:135,1
DA:136,1
DA:143,2
DA:144,2
DA:149,2
DA:150,1
DA:151,1
DA:154,1
DA:155,1
LF:28
LH:28
BRDA:81,0,0,4
BRDA:81,0,1,0
BRDA:81,1,0,4
BRDA:81,1,1,4
BRDA:88,2,0,4
BRDA:88,2,1,0
BRDA:106,3,0,2
BRDA:106,3,1,2
BRDA:129,4,0,1
BRDA:129,4,1,1
BRDA:149,5,0,1
BRDA:149,5,1,1
BRF:12
BRH:10
end_of_record
TN:
SF:src/routes/api.ts
FN:17,(anonymous_0)
FNF:1
FNH:1
FNDA:4,(anonymous_0)
DA:11,1
DA:14,1
DA:17,1
DA:18,4
DA:20,4
DA:21,2
DA:27,2
DA:28,1
DA:34,1
DA:35,1
LF:10
LH:10
BRDA:20,0,0,2
BRDA:20,0,1,2
BRDA:20,1,0,4
BRDA:20,1,1,3
BRDA:27,2,0,1
BRDA:27,2,1,1
BRF:6
BRH:6
end_of_record
TN:
SF:src/routes/health.ts
FN:11,(anonymous_0)
FN:21,(anonymous_1)
FNF:2
FNH:2
FNDA:2,(anonymous_0)
FNDA:1,(anonymous_1)
DA:9,2
DA:11,2
DA:12,2
DA:21,2
DA:22,1
DA:23,1
LF:6
LH:6
BRDA:32,0,0,1
BRDA:32,0,1,0
BRF:2
BRH:1
end_of_record
TN:
SF:src/services/ai-service.ts
FN:10,initializeAzureAI
FN:19,generateXMLSample
FN:81,isAzureAIConfigured
FNF:3
FNH:3
FNDA:5,initializeAzureAI
FNDA:5,generateXMLSample
FNDA:1,isAzureAIConfigured
DA:4,5
DA:5,5
DA:6,5
DA:8,5
DA:11,5
DA:12,4
DA:13,4
DA:15,1
DA:24,5
DA:25,1
DA:33,4
DA:34,4
DA:35,4
DA:36,1
DA:39,3
DA:40,3
DA:51,3
DA:56,2
DA:59,5
DA:60,5
DA:61,0
DA:62,2
DA:63,0
DA:67,2
DA:68,2
DA:70,2
DA:72,1
DA:73,1
DA:82,1
LF:29
LH:27
BRDA:4,0,0,5
BRDA:4,0,1,1
BRDA:5,1,0,5
BRDA:5,1,1,1
BRDA:6,2,0,5
BRDA:6,2,1,5
BRDA:11,3,0,4
BRDA:11,3,1,1
BRDA:11,4,0,5
BRDA:11,4,1,4
BRDA:22,5,0,5
BRDA:24,6,0,1
BRDA:24,6,1,4
BRDA:35,7,0,1
BRDA:35,7,1,3
BRDA:56,8,0,2
BRDA:56,8,1,0
BRDA:60,9,0,0
BRDA:60,9,1,2
BRDA:62,10,0,0
BRDA:62,10,1,2
BRDA:76,11,0,1
BRDA:76,11,1,0
BRDA:82,12,0,1
BRDA:82,12,1,0
BRF:25
BRH:20
end_of_record
TN:
SF:src/services/cache-service.ts
FN:14,(anonymous_0)
FN:18,(anonymous_1)
FN:28,(anonymous_2)
FN:35,(anonymous_3)
FN:39,(anonymous_4)
FN:43,(anonymous_5)
FN:47,(anonymous_6)
FN:53,(anonymous_7)
FN:69,generateAICacheKey
FNF:9
FNH:9
FNDA:11,(anonymous_0)
FNDA:12,(anonymous_1)
FNDA:12,(anonymous_2)
FNDA:2,(anonymous_3)
FNDA:2,(anonymous_4)
FNDA:1,(anonymous_5)
FNDA:2,(anonymous_6)
FNDA:2,(anonymous_7)
FNDA:5,generateAICacheKey
DA:11,11
DA:15,11
DA:19,12
DA:20,12
DA:21,7
DA:22,2
DA:23,2
DA:25,5
DA:29,12
DA:36,2
DA:40,2
DA:44,1
DA:49,2
DA:50,2
DA:54,2
DA:55,2
DA:56,4
DA:57,2
DA:64,1
DA:71,5
DA:72,5
DA:73,5
DA:74,131
DA:75,131
DA:76,131
DA:78,5
LF:26
LH:26
BRDA:14,0,0,11
BRDA:20,1,0,5
BRDA:20,1,1,7
BRDA:21,2,0,2
BRDA:21,2,1,5
BRDA:31,3,0,12
BRDA:31,3,1,10
BRDA:56,4,0,2
BRDA:56,4,1,2
BRDA:69,5,0,5
BRF:10
BRH:10
end_of_record
TN:
SF:src/services/collaboration-service.ts
FN:29,joinSchema
FN:37,leaveSchema
FN:45,handleDisconnect
FN:53,getSchemaUsers
FN:60,getActiveRoomCount
FNF:5
FNH:5
FNDA:11,joinSchema
FNDA:2,leaveSchema
FNDA:2,handleDisconnect
FNDA:2,getSchemaUsers
FNDA:3,getActiveRoomCount
DA:30,11
DA:31,11
DA:38,2
DA:39,2
DA:46,2
DA:47,2
DA:54,2
DA:61,3
LF:8
LH:8
BRF:0
BRH:0
end_of_record
TN:
SF:src/services/metrics-service.ts
FN:39,percentile
FN:48,recordRequest
FN:74,recordWebSocketConnection
FN:81,getActiveConnections
FN:88,getMetrics
FN:94,(anonymous_5)
FN:97,(anonymous_6)
FN:120,resetMetrics
FNF:8
FNH:8
FNDA:12,percentile
FNDA:110,recordRequest
FNDA:8,recordWebSocketConnection
FNDA:4,getActiveConnections
FNDA:7,getMetrics
FNDA:102,(anonymous_5)
FNDA:105,(anonymous_6)
FNDA:14,resetMetrics
DA:36,2
DA:37,2
DA:40,12
DA:41,12
DA:42,12
DA:53,110
DA:54,110
DA:55,9
DA:56,9
DA:59,110
DA:60,110
DA:61,110
DA:64,110
DA:65,0
DA:75,8
DA:82,4
DA:89,7
DA:90,7
DA:92,7
DA:93,4
DA:94,102
DA:96,4
DA:97,105
DA:100,4
DA:110,7
DA:121,14
DA:122,14
LF:27
LH:26
BRDA:40,0,0,0
BRDA:40,0,1,12
BRDA:54,1,0,9
BRDA:54,1,1,101
BRDA:60,2,0,110
BRDA:60,2,1,10
BRDA:64,3,0,0
BRDA:64,3,1,110
BRDA:96,4,0,4
BRDA:96,4,1,0
BRF:10
BRH:7
end_of_record
TN:
SF:src/websocket/handlers.ts
FN:16,setupWebSocket
FN:17,(anonymous_1)
FN:20,(anonymous_2)
FN:32,(anonymous_3)
FN:44,(anonymous_4)
FN:54,(anonymous_5)
FN:62,(anonymous_6)
FNF:7
FNH:7
FNDA:8,setupWebSocket
FNDA:7,(anonymous_1)
FNDA:1,(anonymous_2)
FNDA:1,(anonymous_3)
FNDA:1,(anonymous_4)
FNDA:1,(anonymous_5)
FNDA:2,(anonymous_6)
DA:17,8
DA:18,7
DA:20,7
DA:21,1
DA:22,1
DA:24,1
DA:29,1
DA:32,7
DA:33,1
DA:34,1
DA:36,1
DA:41,1
DA:44,7
DA:45,1
DA:51,1
DA:54,7
DA:55,1
DA:62,7
DA:63,2
DA:65,2
DA:66,2
DA:67,2
LF:22
LH:22
BRF:0
BRH:0
end_of_record
TN:
SF:src/websocket/rooms.ts
FN:12,addUserToRoom
FN:22,removeUserFromRoom
FN:35,removeUserFromAllRooms
FN:37,(anonymous_3)
FN:52,getRoomUsers
FN:59,getRoomCount
FN:66,clearAllRooms
FNF:7
FNH:7
FNDA:26,addUserToRoom
FNDA:5,removeUserFromRoom
FNDA:5,removeUserFromAllRooms
FNDA:7,(anonymous_3)
FNDA:7,getRoomUsers
FNDA:10,getRoomCount
FNDA:22,clearAllRooms
DA:6,2
DA:13,26
DA:14,23
DA:16,26
DA:23,5
DA:24,5
DA:25,4
DA:26,4
DA:27,3
DA:36,5
DA:37,5
DA:38,7
DA:39,5
DA:40,5
DA:41,5
DA:42,5
DA:46,5
DA:53,7
DA:60,10
DA:67,22
LF:20
LH:20
BRDA:13,0,0,23
BRDA:13,0,1,3
BRDA:24,1,0,1
BRDA:24,1,1,4
BRDA:26,2,0,3
BRDA:26,2,1,1
BRDA:38,3,0,5
BRDA:38,3,1,2
BRDA:41,4,0,5
BRDA:41,4,1,0
BRF:10
BRH:9
end_of_record
